;  LST file generated by mikroListExporter - v.2.0 
; Date/Time: 29/09/2023 21:48:49
;----------------------------------------------

;Address Opcode 	ASM
0x0000	0x28A7      	GOTO       167
_interrupt:
0x0004	0x00CF      	MOVWF      R15
0x0005	0x0E03      	SWAPF      STATUS, 0
0x0006	0x0183      	CLRF       STATUS
0x0007	0x0094      	MOVWF      ___saveSTATUS
0x0008	0x080A      	MOVF       PCLATH, 0
0x0009	0x0095      	MOVWF      ___savePCLATH
0x000A	0x018A      	CLRF       PCLATH
0x000B	0x0840      	MOVF       R0, 0
0x000C	0x008C      	MOVWF      12
;prj5.c,52 :: 		void interrupt() {
;prj5.c,53 :: 		if (INTCON.B2) {
0x000D	0x1D0B      	BTFSS      INTCON, 2
0x000E	0x2886      	GOTO       L_interrupt15
;prj5.c,55 :: 		INTCON.B2 = 0;
0x000F	0x110B      	BCF        INTCON, 2
;prj5.c,56 :: 		switch (CONTADOR) {
0x0010	0x2841      	GOTO       L_interrupt16
;prj5.c,57 :: 		case 1:
L_interrupt18:
0x0011	0x1283      	BCF        STATUS, 5
;prj5.c,58 :: 		TMR0 = 14;
0x0012	0x300E      	MOVLW      14
0x0013	0x0081      	MOVWF      TMR0
;prj5.c,59 :: 		break;
0x0014	0x2882      	GOTO       L_interrupt17
;prj5.c,60 :: 		case 2:
L_interrupt19:
0x0015	0x1283      	BCF        STATUS, 5
;prj5.c,61 :: 		Delay_us(1);
0x0016	0x0000      	NOP
0x0017	0x0000      	NOP
;prj5.c,62 :: 		TMR0 = 141;
0x0018	0x308D      	MOVLW      141
0x0019	0x0081      	MOVWF      TMR0
;prj5.c,63 :: 		break;
0x001A	0x2882      	GOTO       L_interrupt17
;prj5.c,64 :: 		case 3:
L_interrupt20:
0x001B	0x1283      	BCF        STATUS, 5
;prj5.c,65 :: 		TMR0 = 184;
0x001C	0x30B8      	MOVLW      184
0x001D	0x0081      	MOVWF      TMR0
;prj5.c,66 :: 		break;
0x001E	0x2882      	GOTO       L_interrupt17
;prj5.c,67 :: 		case 4:
L_interrupt21:
0x001F	0x1283      	BCF        STATUS, 5
;prj5.c,68 :: 		TMR0 = 207;
0x0020	0x30CF      	MOVLW      207
0x0021	0x0081      	MOVWF      TMR0
;prj5.c,69 :: 		break;
0x0022	0x2882      	GOTO       L_interrupt17
;prj5.c,70 :: 		case 5:
L_interrupt22:
0x0023	0x1283      	BCF        STATUS, 5
;prj5.c,71 :: 		TMR0 = 222;
0x0024	0x30DE      	MOVLW      222
0x0025	0x0081      	MOVWF      TMR0
;prj5.c,72 :: 		break;
0x0026	0x2882      	GOTO       L_interrupt17
;prj5.c,73 :: 		case 6:
L_interrupt23:
0x0027	0x1283      	BCF        STATUS, 5
;prj5.c,74 :: 		Delay_us(1);
0x0028	0x0000      	NOP
0x0029	0x0000      	NOP
;prj5.c,75 :: 		Delay_us(1);
0x002A	0x0000      	NOP
0x002B	0x0000      	NOP
;prj5.c,76 :: 		TMR0 = 233;
0x002C	0x30E9      	MOVLW      233
0x002D	0x0081      	MOVWF      TMR0
;prj5.c,77 :: 		break;
0x002E	0x2882      	GOTO       L_interrupt17
;prj5.c,78 :: 		case 7:
L_interrupt24:
0x002F	0x1283      	BCF        STATUS, 5
;prj5.c,79 :: 		Delay_us(1);
0x0030	0x0000      	NOP
0x0031	0x0000      	NOP
;prj5.c,80 :: 		TMR0 = 240;
0x0032	0x30F0      	MOVLW      240
0x0033	0x0081      	MOVWF      TMR0
;prj5.c,81 :: 		break;
0x0034	0x2882      	GOTO       L_interrupt17
;prj5.c,82 :: 		case 8:
L_interrupt25:
0x0035	0x1283      	BCF        STATUS, 5
;prj5.c,83 :: 		Delay_us(1);
0x0036	0x0000      	NOP
0x0037	0x0000      	NOP
;prj5.c,84 :: 		TMR0 = 247;
0x0038	0x30F7      	MOVLW      247
0x0039	0x0081      	MOVWF      TMR0
;prj5.c,85 :: 		break;
0x003A	0x2882      	GOTO       L_interrupt17
;prj5.c,87 :: 		default:
L_interrupt26:
0x003B	0x1283      	BCF        STATUS, 5
;prj5.c,88 :: 		Delay_us(1);
0x003C	0x0000      	NOP
0x003D	0x0000      	NOP
;prj5.c,89 :: 		TMR0 = 250;
0x003E	0x30FA      	MOVLW      250
0x003F	0x0081      	MOVWF      TMR0
;prj5.c,90 :: 		}
0x0040	0x2882      	GOTO       L_interrupt17
L_interrupt16:
0x0041	0x3000      	MOVLW      0
0x0042	0x060F      	XORWF      _CONTADOR+1, 0
0x0043	0x1D03      	BTFSS      STATUS, 2
0x0044	0x2847      	GOTO       L__interrupt38
0x0045	0x3001      	MOVLW      1
0x0046	0x060E      	XORWF      _CONTADOR, 0
L__interrupt38:
0x0047	0x1903      	BTFSC      STATUS, 2
0x0048	0x2811      	GOTO       L_interrupt18
0x0049	0x3000      	MOVLW      0
0x004A	0x060F      	XORWF      _CONTADOR+1, 0
0x004B	0x1D03      	BTFSS      STATUS, 2
0x004C	0x284F      	GOTO       L__interrupt39
0x004D	0x3002      	MOVLW      2
0x004E	0x060E      	XORWF      _CONTADOR, 0
L__interrupt39:
0x004F	0x1903      	BTFSC      STATUS, 2
0x0050	0x2815      	GOTO       L_interrupt19
0x0051	0x3000      	MOVLW      0
0x0052	0x060F      	XORWF      _CONTADOR+1, 0
0x0053	0x1D03      	BTFSS      STATUS, 2
0x0054	0x2857      	GOTO       L__interrupt40
0x0055	0x3003      	MOVLW      3
0x0056	0x060E      	XORWF      _CONTADOR, 0
L__interrupt40:
0x0057	0x1903      	BTFSC      STATUS, 2
0x0058	0x281B      	GOTO       L_interrupt20
0x0059	0x3000      	MOVLW      0
0x005A	0x060F      	XORWF      _CONTADOR+1, 0
0x005B	0x1D03      	BTFSS      STATUS, 2
0x005C	0x285F      	GOTO       L__interrupt41
0x005D	0x3004      	MOVLW      4
0x005E	0x060E      	XORWF      _CONTADOR, 0
L__interrupt41:
0x005F	0x1903      	BTFSC      STATUS, 2
0x0060	0x281F      	GOTO       L_interrupt21
0x0061	0x3000      	MOVLW      0
0x0062	0x060F      	XORWF      _CONTADOR+1, 0
0x0063	0x1D03      	BTFSS      STATUS, 2
0x0064	0x2867      	GOTO       L__interrupt42
0x0065	0x3005      	MOVLW      5
0x0066	0x060E      	XORWF      _CONTADOR, 0
L__interrupt42:
0x0067	0x1903      	BTFSC      STATUS, 2
0x0068	0x2823      	GOTO       L_interrupt22
0x0069	0x3000      	MOVLW      0
0x006A	0x060F      	XORWF      _CONTADOR+1, 0
0x006B	0x1D03      	BTFSS      STATUS, 2
0x006C	0x286F      	GOTO       L__interrupt43
0x006D	0x3006      	MOVLW      6
0x006E	0x060E      	XORWF      _CONTADOR, 0
L__interrupt43:
0x006F	0x1903      	BTFSC      STATUS, 2
0x0070	0x2827      	GOTO       L_interrupt23
0x0071	0x3000      	MOVLW      0
0x0072	0x060F      	XORWF      _CONTADOR+1, 0
0x0073	0x1D03      	BTFSS      STATUS, 2
0x0074	0x2877      	GOTO       L__interrupt44
0x0075	0x3007      	MOVLW      7
0x0076	0x060E      	XORWF      _CONTADOR, 0
L__interrupt44:
0x0077	0x1903      	BTFSC      STATUS, 2
0x0078	0x282F      	GOTO       L_interrupt24
0x0079	0x3000      	MOVLW      0
0x007A	0x060F      	XORWF      _CONTADOR+1, 0
0x007B	0x1D03      	BTFSS      STATUS, 2
0x007C	0x287F      	GOTO       L__interrupt45
0x007D	0x3008      	MOVLW      8
0x007E	0x060E      	XORWF      _CONTADOR, 0
L__interrupt45:
0x007F	0x1903      	BTFSC      STATUS, 2
0x0080	0x2835      	GOTO       L_interrupt25
0x0081	0x283B      	GOTO       L_interrupt26
L_interrupt17:
0x0082	0x1283      	BCF        STATUS, 5
;prj5.c,91 :: 		OUT_ONDA = !OUT_ONDA;
0x0083	0x3080      	MOVLW      128
0x0084	0x0686      	XORWF      PORTB, 1
;prj5.c,93 :: 		} else if (INTCON.B1) {
0x0085	0x288C      	GOTO       L_interrupt27
L_interrupt15:
0x0086	0x1C8B      	BTFSS      INTCON, 1
0x0087	0x288C      	GOTO       L_interrupt28
;prj5.c,95 :: 		INTCON.B1 = 0;
0x0088	0x1283      	BCF        STATUS, 5
0x0089	0x108B      	BCF        INTCON, 1
;prj5.c,96 :: 		OUT_LED = !OUT_LED;
0x008A	0x3002      	MOVLW      2
0x008B	0x0686      	XORWF      PORTB, 1
;prj5.c,97 :: 		}
L_interrupt28:
L_interrupt27:
;prj5.c,98 :: 		}
L_end_interrupt:
L__interrupt37:
0x008C	0x080C      	MOVF       12, 0
0x008D	0x00C0      	MOVWF      R0
0x008E	0x0815      	MOVF       ___savePCLATH, 0
0x008F	0x008A      	MOVWF      PCLATH
0x0090	0x0E14      	SWAPF      ___saveSTATUS, 0
0x0091	0x0083      	MOVWF      STATUS
0x0092	0x0ECF      	SWAPF      R15, 1
0x0093	0x0E4F      	SWAPF      R15, 0
0x0094	0x0009      	RETFIE
; end of _interrupt
_____DoICP:
;__Lib_System.c,6 :: 		
;__Lib_System.c,9 :: 		
0x0095	0x1283      	BCF        STATUS, 5
0x0096	0x0813      	MOVF       ___DoICPAddr+1, 0
0x0097	0x008A      	MOVWF      PCLATH
;__Lib_System.c,10 :: 		
0x0098	0x0812      	MOVF       ___DoICPAddr, 0
0x0099	0x0082      	MOVWF      PCL
;__Lib_System.c,12 :: 		
L_end_____DoICP:
0x009A	0x0008      	RETURN
; end of _____DoICP
___CC2DW:
;__Lib_System.c,134 :: 		
;__Lib_System.c,137 :: 		
_CC2D_Loop1:
;__Lib_System.c,139 :: 		
0x009B	0x2095      	CALL       _____DoICP
0x009C	0x118A      	BCF        PCLATH, 3
0x009D	0x120A      	BCF        PCLATH, 4
;__Lib_System.c,141 :: 		
0x009E	0x0080      	MOVWF      INDF
;__Lib_System.c,142 :: 		
0x009F	0x0A84      	INCF       FSR, 1
;__Lib_System.c,143 :: 		
0x00A0	0x0A92      	INCF       ___DoICPAddr, 1
;__Lib_System.c,145 :: 		
0x00A1	0x1903      	BTFSC      STATUS, 2
;__Lib_System.c,146 :: 		
0x00A2	0x0A93      	INCF       ___DoICPAddr+1, 1
;__Lib_System.c,147 :: 		
0x00A3	0x03C0      	DECF       R0, 1
;__Lib_System.c,149 :: 		
0x00A4	0x1D03      	BTFSS      STATUS, 2
;__Lib_System.c,150 :: 		
0x00A5	0x289B      	GOTO       _CC2D_Loop1
;__Lib_System.c,152 :: 		
L_end___CC2DW:
0x00A6	0x0008      	RETURN
; end of ___CC2DW
_main:
0x00A7	0x1283      	BCF        STATUS, 5
0x00A8	0x018D      	CLRF       _CONTROLE
0x00A9	0x3001      	MOVLW      1
0x00AA	0x008E      	MOVWF      _CONTADOR
0x00AB	0x018F      	CLRF       15
0x00AC	0x30E6      	MOVLW      230
0x00AD	0x0090      	MOVWF      _FILTRO
0x00AE	0x0191      	CLRF       17
;prj5.c,19 :: 		void main() {
;prj5.c,20 :: 		TRISA = 0x00;
0x00AF	0x1683      	BSF        STATUS, 5
0x00B0	0x0185      	CLRF       TRISA
;prj5.c,21 :: 		TRISB = 0x05;
0x00B1	0x3005      	MOVLW      5
0x00B2	0x0086      	MOVWF      TRISB
;prj5.c,23 :: 		OPTION_REG = 0b00010001;
0x00B3	0x3011      	MOVLW      17
0x00B4	0x0081      	MOVWF      OPTION_REG
;prj5.c,24 :: 		INTCON = 0b10110000;
0x00B5	0x30B0      	MOVLW      176
0x00B6	0x008B      	MOVWF      INTCON
;prj5.c,26 :: 		PORTA = 0x00;
0x00B7	0x1283      	BCF        STATUS, 5
0x00B8	0x0185      	CLRF       PORTA
;prj5.c,27 :: 		PORTB = 0x00;
0x00B9	0x0186      	CLRF       PORTB
;prj5.c,30 :: 		while(1){
L_main0:
;prj5.c,31 :: 		PORTA = CONTADOR;
0x00BA	0x080E      	MOVF       _CONTADOR, 0
0x00BB	0x0085      	MOVWF      PORTA
;prj5.c,32 :: 		FILTRO = T_FILTRO;
0x00BC	0x30E6      	MOVLW      230
0x00BD	0x0090      	MOVWF      _FILTRO
0x00BE	0x0191      	CLRF       _FILTRO+1
;prj5.c,33 :: 		while (BTN_CNT == 0 && FILTRO > 0) {
L_main2:
0x00BF	0x1906      	BTFSC      PORTB, 2
0x00C0	0x28CE      	GOTO       L_main3
0x00C1	0x0811      	MOVF       _FILTRO+1, 0
0x00C2	0x3C00      	SUBLW      0
0x00C3	0x1D03      	BTFSS      STATUS, 2
0x00C4	0x28C7      	GOTO       L__main32
0x00C5	0x0810      	MOVF       _FILTRO, 0
0x00C6	0x3C00      	SUBLW      0
L__main32:
0x00C7	0x1803      	BTFSC      STATUS, 0
0x00C8	0x28CE      	GOTO       L_main3
L__main30:
;prj5.c,34 :: 		FILTRO--;
0x00C9	0x3001      	MOVLW      1
0x00CA	0x0290      	SUBWF      _FILTRO, 1
0x00CB	0x1C03      	BTFSS      STATUS, 0
0x00CC	0x0391      	DECF       _FILTRO+1, 1
;prj5.c,35 :: 		}
0x00CD	0x28BF      	GOTO       L_main2
L_main3:
;prj5.c,36 :: 		if (BTN_CNT == 0 && FILTRO == 0) {
0x00CE	0x1906      	BTFSC      PORTB, 2
0x00CF	0x28FB      	GOTO       L_main8
0x00D0	0x3000      	MOVLW      0
0x00D1	0x0611      	XORWF      _FILTRO+1, 0
0x00D2	0x1D03      	BTFSS      STATUS, 2
0x00D3	0x28D6      	GOTO       L__main33
0x00D4	0x3000      	MOVLW      0
0x00D5	0x0610      	XORWF      _FILTRO, 0
L__main33:
0x00D6	0x1D03      	BTFSS      STATUS, 2
0x00D7	0x28FB      	GOTO       L_main8
L__main29:
;prj5.c,37 :: 		if (CONTROLE) {
0x00D8	0x080D      	MOVF       _CONTROLE, 0
0x00D9	0x1903      	BTFSC      STATUS, 2
0x00DA	0x28E9      	GOTO       L_main9
;prj5.c,39 :: 		CONTADOR--;
0x00DB	0x3001      	MOVLW      1
0x00DC	0x028E      	SUBWF      _CONTADOR, 1
0x00DD	0x1C03      	BTFSS      STATUS, 0
0x00DE	0x038F      	DECF       _CONTADOR+1, 1
;prj5.c,40 :: 		if (CONTADOR == 1) CONTROLE = false;
0x00DF	0x3000      	MOVLW      0
0x00E0	0x060F      	XORWF      _CONTADOR+1, 0
0x00E1	0x1D03      	BTFSS      STATUS, 2
0x00E2	0x28E5      	GOTO       L__main34
0x00E3	0x3001      	MOVLW      1
0x00E4	0x060E      	XORWF      _CONTADOR, 0
L__main34:
0x00E5	0x1D03      	BTFSS      STATUS, 2
0x00E6	0x28E8      	GOTO       L_main10
0x00E7	0x018D      	CLRF       _CONTROLE
L_main10:
;prj5.c,41 :: 		} else {
0x00E8	0x28F6      	GOTO       L_main11
L_main9:
;prj5.c,43 :: 		CONTADOR++;
0x00E9	0x0A8E      	INCF       _CONTADOR, 1
0x00EA	0x1903      	BTFSC      STATUS, 2
0x00EB	0x0A8F      	INCF       _CONTADOR+1, 1
;prj5.c,44 :: 		if (CONTADOR == 9) CONTROLE = true;
0x00EC	0x3000      	MOVLW      0
0x00ED	0x060F      	XORWF      _CONTADOR+1, 0
0x00EE	0x1D03      	BTFSS      STATUS, 2
0x00EF	0x28F2      	GOTO       L__main35
0x00F0	0x3009      	MOVLW      9
0x00F1	0x060E      	XORWF      _CONTADOR, 0
L__main35:
0x00F2	0x1D03      	BTFSS      STATUS, 2
0x00F3	0x28F6      	GOTO       L_main12
0x00F4	0x3001      	MOVLW      1
0x00F5	0x008D      	MOVWF      _CONTROLE
L_main12:
;prj5.c,45 :: 		}
L_main11:
;prj5.c,46 :: 		PORTA = CONTADOR;
0x00F6	0x080E      	MOVF       _CONTADOR, 0
0x00F7	0x0085      	MOVWF      PORTA
;prj5.c,47 :: 		while (BTN_CNT == 0);
L_main13:
0x00F8	0x1906      	BTFSC      PORTB, 2
0x00F9	0x28FB      	GOTO       L_main14
0x00FA	0x28F8      	GOTO       L_main13
L_main14:
;prj5.c,48 :: 		}
L_main8:
;prj5.c,49 :: 		}
0x00FB	0x28BA      	GOTO       L_main0
;prj5.c,50 :: 		}
L_end_main:
0x00FC	0x28FC      	GOTO       $+0
; end of _main
Symbol List:
//** Routines locations **
//ADDRESS    SIZE    PROCEDURE
//----------------------------------------------
0x0004     [145]    _interrupt
0x0095       [6]    _____DoICP
0x009B      [12]    ___CC2DW
0x00A7      [86]    _main
//** Variables locations ** 
//ADDRESS    SIZE    VARIABLE
//----------------------------------------------
0x0000       [1]    INDF
0x0001       [1]    TMR0
0x0002       [1]    PCL
0x0003       [1]    STATUS
0x0004       [1]    FSR
0x0005       [1]    PORTA
0x0006       [1]    PORTB
0x0006       [0]    OUT_LED
0x0006       [0]    OUT_ONDA
0x0006       [0]    BTN_CNT
0x000A       [1]    PCLATH
0x000B       [1]    INTCON
0x000D       [1]    _CONTROLE
0x000E       [2]    _CONTADOR
0x0010       [2]    _FILTRO
0x0012       [2]    ___DoICPAddr
0x0014       [1]    ___saveSTATUS
0x0015       [1]    ___savePCLATH
0x0040       [1]    R0
0x0041       [1]    R1
0x0042       [1]    R2
0x0043       [1]    R3
0x0044       [1]    R4
0x0045       [1]    R5
0x0046       [1]    R6
0x0047       [1]    R7
0x0048       [1]    R8
0x0049       [1]    R9
0x004A       [1]    R10
0x004B       [1]    R11
0x004C       [1]    R12
0x004D       [1]    R13
0x004E       [1]    R14
0x004F       [1]    R15
0x0081       [1]    OPTION_REG
0x0085       [1]    TRISA
0x0086       [1]    TRISB
