;  LST file generated by mikroListExporter - v.2.0 
; Date/Time: 27/11/2023 16:58:46
;----------------------------------------------

;Address Opcode 	ASM
0x0000	0xF004EF78  	GOTO        2288
_interrupt:
;tentativa2.c,53 :: 		void interrupt(){
0x0008	0xF017C000  	MOVFF       R0, 23
0x000C	0xF016C001  	MOVFF       R1, 22
0x0010	0xF015C002  	MOVFF       R2, 21
;tentativa2.c,54 :: 		TMR1ON_bit = 0;    // Para o Timer1
0x0014	0xF018CFE1  	MOVFF       FSR1L, 24
0x0018	0xF019CFE2  	MOVFF       FSR1H, 25
0x001C	0x90CD      	BCF         TMR1ON_bit, BitPos(TMR1ON_bit+0) 
;tentativa2.c,55 :: 		TMR1IF_bit = 0;    // Abaixa a flag do Timer1
0x001E	0x909E      	BCF         TMR1IF_bit, BitPos(TMR1IF_bit+0) 
;tentativa2.c,58 :: 		if (contagem) contagem--;
0x0020	0x5221      	MOVF        _contagem, 1 
0x0022	0xE002      	BZ          L_interrupt0
0x0024	0x0621      	DECF        _contagem, 1 
0x0026	0xD040      	BRA         L_interrupt1
L_interrupt0:
;tentativa2.c,61 :: 		contagem = 100;         // Reinicia a contagem
0x0028	0x0E64      	MOVLW       100
0x002A	0x6E21      	MOVWF       _contagem 
;tentativa2.c,62 :: 		ADC_Read(0);
0x002C	0x6A56      	CLRF        FARG_ADC_Read_channel 
0x002E	0xDB5E      	RCALL       _ADC_Read
;tentativa2.c,63 :: 		tempAtual = ADRES/2.025; // Pega a temperatura do forno
0x0030	0xF000CFC3  	MOVFF       ADRES, R0
0x0034	0xF001CFC4  	MOVFF       ADRES+1, R1
0x0038	0xDB45      	RCALL       _word2double
0x003A	0x0E9A      	MOVLW       154
0x003C	0x6E04      	MOVWF       R4 
0x003E	0x0E99      	MOVLW       153
0x0040	0x6E05      	MOVWF       R5 
0x0042	0x0E01      	MOVLW       1
0x0044	0x6E06      	MOVWF       R6 
0x0046	0x0E80      	MOVLW       128
0x0048	0x6E07      	MOVWF       R7 
0x004A	0xD955      	RCALL       _Div_32x32_FP
0x004C	0xDB6E      	RCALL       _double2word
0x004E	0xF01FC000  	MOVFF       R0, _tempAtual
0x0052	0xF020C001  	MOVFF       R1, _tempAtual+1
;tentativa2.c,64 :: 		IntToStr(tempAtual, strTemp);
0x0056	0xF056C000  	MOVFF       R0, FARG_IntToStr_input
0x005A	0xF057C001  	MOVFF       R1, FARG_IntToStr_input+1
0x005E	0x0E2A      	MOVLW       _strTemp
0x0060	0x6E58      	MOVWF       FARG_IntToStr_output 
0x0062	0x0E00      	MOVLW       hi_addr(_strTemp)
0x0064	0x6E59      	MOVWF       FARG_IntToStr_output+1 
0x0066	0xDBD8      	RCALL       _IntToStr
;tentativa2.c,67 :: 		if (tempAtual < 72) PWM1_Set_Duty(255);
0x0068	0x0E00      	MOVLW       0
0x006A	0x5C20      	SUBWF       _tempAtual+1, 0 
0x006C	0xE102      	BNZ         L__interrupt11
0x006E	0x0E48      	MOVLW       72
0x0070	0x5C1F      	SUBWF       _tempAtual, 0 
L__interrupt11:
0x0072	0xE204      	BC          L_interrupt2
0x0074	0x0EFF      	MOVLW       255
0x0076	0x6E56      	MOVWF       FARG_PWM1_Set_Duty_new_duty 
0x0078	0xD9F8      	RCALL       _PWM1_Set_Duty
0x007A	0xD016      	BRA         L_interrupt3
L_interrupt2:
;tentativa2.c,69 :: 		else if (tempAtual < 75) PWM1_Set_Duty(127);
0x007C	0x0E00      	MOVLW       0
0x007E	0x5C20      	SUBWF       _tempAtual+1, 0 
0x0080	0xE102      	BNZ         L__interrupt12
0x0082	0x0E4B      	MOVLW       75
0x0084	0x5C1F      	SUBWF       _tempAtual, 0 
L__interrupt12:
0x0086	0xE204      	BC          L_interrupt4
0x0088	0x0E7F      	MOVLW       127
0x008A	0x6E56      	MOVWF       FARG_PWM1_Set_Duty_new_duty 
0x008C	0xD9EE      	RCALL       _PWM1_Set_Duty
0x008E	0xD00C      	BRA         L_interrupt5
L_interrupt4:
;tentativa2.c,71 :: 		else if (tempAtual < 80) PWM1_Set_Duty(64);
0x0090	0x0E00      	MOVLW       0
0x0092	0x5C20      	SUBWF       _tempAtual+1, 0 
0x0094	0xE102      	BNZ         L__interrupt13
0x0096	0x0E50      	MOVLW       80
0x0098	0x5C1F      	SUBWF       _tempAtual, 0 
L__interrupt13:
0x009A	0xE204      	BC          L_interrupt6
0x009C	0x0E40      	MOVLW       64
0x009E	0x6E56      	MOVWF       FARG_PWM1_Set_Duty_new_duty 
0x00A0	0xD9E4      	RCALL       _PWM1_Set_Duty
0x00A2	0xD002      	BRA         L_interrupt7
L_interrupt6:
;tentativa2.c,73 :: 		else PWM1_Set_Duty(0);
0x00A4	0x6A56      	CLRF        FARG_PWM1_Set_Duty_new_duty 
0x00A6	0xD9E1      	RCALL       _PWM1_Set_Duty
L_interrupt7:
L_interrupt5:
L_interrupt3:
;tentativa2.c,79 :: 		}
L_interrupt1:
;tentativa2.c,82 :: 		TMR1H = 0;
0x00A8	0x6ACF      	CLRF        TMR1H 
;tentativa2.c,83 :: 		TMR1L = 0;
0x00AA	0x6ACE      	CLRF        TMR1L 
;tentativa2.c,84 :: 		TMR1ON_bit = 1;    // Volta o Timer1
0x00AC	0x80CD      	BSF         TMR1ON_bit, BitPos(TMR1ON_bit+0) 
;tentativa2.c,85 :: 		}
L_end_interrupt:
L__interrupt10:
0x00AE	0xF000C017  	MOVFF       23, R0
0x00B2	0xF001C016  	MOVFF       22, R1
0x00B6	0xF002C015  	MOVFF       21, R2
0x00BA	0xFFE1C018  	MOVFF       24, FSR1L
0x00BE	0xFFE2C019  	MOVFF       25, FSR1H
0x00C2	0x0011      	RETFIE      1
; end of _interrupt
_Div_16X16_U:
;__Lib_Math.c,102 :: 		
;__Lib_Math.c,109 :: 		
0x00C4	0x6A08      	CLRF        R8, 0
;__Lib_Math.c,110 :: 		
0x00C6	0x6A09      	CLRF        R9, 0
;__Lib_Math.c,111 :: 		
0x00C8	0x0E10      	MOVLW       16
;__Lib_Math.c,112 :: 		
0x00CA	0x6E0C      	MOVWF       R12, 0
;__Lib_Math.c,113 :: 		
0x00CC	0x3401      	RLCF        R1, 0, 0
;__Lib_Math.c,114 :: 		
0x00CE	0x3608      	RLCF        R8, 1, 0
;__Lib_Math.c,115 :: 		
0x00D0	0x3609      	RLCF        R9, 1, 0
;__Lib_Math.c,116 :: 		
0x00D2	0x5004      	MOVF        R4, 0, 0
;__Lib_Math.c,117 :: 		
0x00D4	0x5E08      	SUBWF       R8, 1, 0
;__Lib_Math.c,118 :: 		
0x00D6	0x5005      	MOVF        R5, 0, 0
;__Lib_Math.c,119 :: 		
0x00D8	0xA0D8      	BTFSS       STATUS, 0, 0
;__Lib_Math.c,120 :: 		
0x00DA	0x3C05      	INCFSZ      R5, 0, 0
;__Lib_Math.c,121 :: 		
0x00DC	0x5E09      	SUBWF       R9, 1, 0
;__Lib_Math.c,122 :: 		
0x00DE	0xB0D8      	BTFSC       STATUS, 0, 0
;__Lib_Math.c,123 :: 		
0x00E0	0xD007      	BRA         $+16
;__Lib_Math.c,124 :: 		
0x00E2	0x5004      	MOVF        R4, 0, 0
;__Lib_Math.c,125 :: 		
0x00E4	0x2608      	ADDWF       R8, 1, 0
;__Lib_Math.c,126 :: 		
0x00E6	0x5005      	MOVF        R5, 0, 0
;__Lib_Math.c,127 :: 		
0x00E8	0xB0D8      	BTFSC       STATUS, 0, 0
;__Lib_Math.c,128 :: 		
0x00EA	0x3C05      	INCFSZ      R5, 0, 0
;__Lib_Math.c,129 :: 		
0x00EC	0x2609      	ADDWF       R9, 1, 0
;__Lib_Math.c,130 :: 		
0x00EE	0x90D8      	BCF         STATUS, 0, 0
;__Lib_Math.c,131 :: 		
0x00F0	0x3600      	RLCF        R0, 1, 0
;__Lib_Math.c,132 :: 		
0x00F2	0x3601      	RLCF        R1, 1, 0
;__Lib_Math.c,133 :: 		
0x00F4	0x2E0C      	DECFSZ      R12, 1, 0
;__Lib_Math.c,134 :: 		
0x00F6	0xD7EA      	BRA         $-42
;__Lib_Math.c,136 :: 		
L_end_Div_16X16_U:
0x00F8	0x0012      	RETURN      0
; end of _Div_16X16_U
_SETFUN32:
;__Lib_MathDouble.c,144 :: 		
;__Lib_MathDouble.c,152 :: 		
0x00FA	0x840B      	BSF         R11, 2, 0
;__Lib_MathDouble.c,153 :: 		
0x00FC	0xAE0B      	BTFSS       R11, 7, 0
;__Lib_MathDouble.c,154 :: 		
0x00FE	0xF000EF88  	GOTO        SETFUN32EEE
;__Lib_MathDouble.c,156 :: 		
0x0102	0x0E01      	MOVLW       1
;__Lib_MathDouble.c,157 :: 		
0x0104	0x6E03      	MOVWF       R3, 0
;__Lib_MathDouble.c,158 :: 		
0x0106	0x6A02      	CLRF        R2, 0
;__Lib_MathDouble.c,159 :: 		
0x0108	0x6A01      	CLRF        R1, 0
;__Lib_MathDouble.c,160 :: 		
0x010A	0x6A00      	CLRF        R0, 0
;__Lib_MathDouble.c,161 :: 		
0x010C	0x360A      	RLCF        R10, 1, 0
;__Lib_MathDouble.c,162 :: 		
0x010E	0x3202      	RRCF        R2, 1, 0
;__Lib_MathDouble.c,163 :: 		
SETFUN32EEE:
;__Lib_MathDouble.c,164 :: 		
0x0110	0x0EFF      	MOVLW       255
;__Lib_MathDouble.c,166 :: 		
L_end_SETFUN32:
0x0112	0x0012      	RETURN      0
; end of _SETFUN32
_FIXSIGN32:
;__Lib_MathDouble.c,117 :: 		
;__Lib_MathDouble.c,121 :: 		
0x0114	0xAE0A      	BTFSS       R10, 7, 0
;__Lib_MathDouble.c,122 :: 		
0x0116	0x9E02      	BCF         R2, 7, 0
;__Lib_MathDouble.c,123 :: 		
0x0118	0x0E00      	MOVLW       0
;__Lib_MathDouble.c,125 :: 		
L_end_FIXSIGN32:
0x011A	0x0012      	RETURN      0
; end of _FIXSIGN32
_RES032:
;__Lib_MathDouble.c,128 :: 		
;__Lib_MathDouble.c,134 :: 		
0x011C	0x6A02      	CLRF        R2, 0
;__Lib_MathDouble.c,135 :: 		
0x011E	0x6A01      	CLRF        R1, 0
;__Lib_MathDouble.c,136 :: 		
0x0120	0x6A00      	CLRF        R0, 0
;__Lib_MathDouble.c,137 :: 		
0x0122	0x6A08      	CLRF        R8, 0
;__Lib_MathDouble.c,138 :: 		
0x0124	0x6A03      	CLRF        R3, 0
;__Lib_MathDouble.c,139 :: 		
0x0126	0x0E00      	MOVLW       0
;__Lib_MathDouble.c,141 :: 		
L_end_RES032:
0x0128	0x0012      	RETURN      0
; end of _RES032
_I2C1_Is_Idle:
;__Lib_I2C_b10.c,30 :: 		
;__Lib_I2C_b10.c,31 :: 		
0x012A	0xB4C7      	BTFSC       SSPSTAT, 2 
0x012C	0xD009      	BRA         L_I2C1_Is_Idle0
;__Lib_I2C_b10.c,32 :: 		
0x012E	0x0E1F      	MOVLW       31
0x0130	0x14C5      	ANDWF       SSPCON2, 0 
0x0132	0x6E01      	MOVWF       R1 
0x0134	0x5001      	MOVF        R1, 0 
0x0136	0x0A00      	XORLW       0
0x0138	0xE103      	BNZ         L_I2C1_Is_Idle1
;__Lib_I2C_b10.c,33 :: 		
0x013A	0x0E01      	MOVLW       1
0x013C	0x6E00      	MOVWF       R0 
0x013E	0xD001      	BRA         L_end_I2C1_Is_Idle
L_I2C1_Is_Idle1:
L_I2C1_Is_Idle0:
;__Lib_I2C_b10.c,34 :: 		
0x0140	0x6A00      	CLRF        R0 
;__Lib_I2C_b10.c,35 :: 		
L_end_I2C1_Is_Idle:
0x0142	0x0012      	RETURN      0
; end of _I2C1_Is_Idle
_____DoIFC:
;__Lib_System.c,93 :: 		
;__Lib_System.c,94 :: 		
0x0144	0x50F2      	MOVF        INTCON, 0, 0
;__Lib_System.c,95 :: 		
0x0146	0x6E02      	MOVWF       R2, 0
;__Lib_System.c,96 :: 		
0x0148	0x9EF2      	BCF         INTCON, 7 
;__Lib_System.c,97 :: 		
0x014A	0x0005      	PUSH
;__Lib_System.c,98 :: 		
0x014C	0x6AFF      	CLRF        TOSU, 0
;__Lib_System.c,99 :: 		
0x014E	0x5001      	MOVF        R1, 0, 0
;__Lib_System.c,100 :: 		
0x0150	0x6EFE      	MOVWF       TOSH, 0
;__Lib_System.c,101 :: 		
0x0152	0x5000      	MOVF        R0, 0, 0
;__Lib_System.c,102 :: 		
0x0154	0x6EFD      	MOVWF       TOSL, 0
;__Lib_System.c,103 :: 		
0x0156	0xBE02      	BTFSC       R2, 7, 0
;__Lib_System.c,104 :: 		
0x0158	0x8EF2      	BSF         INTCON, 7, 0
;__Lib_System.c,105 :: 		
;__Lib_System.c,107 :: 		
L_end_____DoIFC:
0x015A	0x0012      	RETURN      0
; end of _____DoIFC
_SETFDZ32:
;__Lib_MathDouble.c,106 :: 		
;__Lib_MathDouble.c,110 :: 		
0x015C	0x6A0B      	CLRF        R11, 0
;__Lib_MathDouble.c,111 :: 		
0x015E	0x860B      	BSF         R11, 3, 0
;__Lib_MathDouble.c,112 :: 		
0x0160	0x0EFF      	MOVLW       255
;__Lib_MathDouble.c,114 :: 		
L_end_SETFDZ32:
0x0162	0x0012      	RETURN      0
; end of _SETFDZ32
_NRM3232:
;__Lib_MathDouble.c,455 :: 		
;__Lib_MathDouble.c,463 :: 		
0x0164	0x6A0C      	CLRF        R12, 0
;__Lib_MathDouble.c,464 :: 		
0x0166	0x6A0E      	CLRF        R14, 0
;__Lib_MathDouble.c,465 :: 		
0x0168	0x5002      	MOVF        R2, 0, 0
;__Lib_MathDouble.c,466 :: 		
0x016A	0xA4D8      	BTFSS       STATUS, 2, 0
;__Lib_MathDouble.c,467 :: 		
0x016C	0xF000EFCB  	GOTO        NORM3232
;__Lib_MathDouble.c,468 :: 		
0x0170	0xF002C001  	MOVFF       R1, R2
;__Lib_MathDouble.c,469 :: 		
0x0174	0xF001C000  	MOVFF       R0, R1
;__Lib_MathDouble.c,470 :: 		
0x0178	0x6A00      	CLRF        R0, 0
;__Lib_MathDouble.c,471 :: 		
0x017A	0x860E      	BSF         R14, 3, 0
;__Lib_MathDouble.c,473 :: 		
0x017C	0x5002      	MOVF        R2, 0, 0
;__Lib_MathDouble.c,474 :: 		
0x017E	0xA4D8      	BTFSS       STATUS, 2, 0
;__Lib_MathDouble.c,475 :: 		
0x0180	0xF000EFCB  	GOTO        NORM3232
;__Lib_MathDouble.c,476 :: 		
0x0184	0xF002C001  	MOVFF       R1, R2
;__Lib_MathDouble.c,477 :: 		
0x0188	0x6A01      	CLRF        R1, 0
;__Lib_MathDouble.c,478 :: 		
0x018A	0x960E      	BCF         R14, 3, 0
;__Lib_MathDouble.c,479 :: 		
0x018C	0x880E      	BSF         R14, 4, 0
;__Lib_MathDouble.c,481 :: 		
0x018E	0x5002      	MOVF        R2, 0, 0
;__Lib_MathDouble.c,482 :: 		
0x0190	0xB4D8      	BTFSC       STATUS, 2, 0
;__Lib_MathDouble.c,483 :: 		
0x0192	0xF000EFDD  	GOTO        JPNRES032
;__Lib_MathDouble.c,484 :: 		
NORM3232:
;__Lib_MathDouble.c,485 :: 		
0x0196	0x500E      	MOVF        R14, 0, 0
;__Lib_MathDouble.c,486 :: 		
0x0198	0x5E03      	SUBWF       R3, 1, 0
;__Lib_MathDouble.c,487 :: 		
0x019A	0xA4D8      	BTFSS       STATUS, 2, 0
;__Lib_MathDouble.c,488 :: 		
0x019C	0xA0D8      	BTFSS       STATUS, 0, 0
;__Lib_MathDouble.c,489 :: 		
0x019E	0xF000EFE2  	GOTO        JPNSETFUN32
;__Lib_MathDouble.c,490 :: 		
0x01A2	0x90D8      	BCF         STATUS, 0, 0
;__Lib_MathDouble.c,491 :: 		
NORM3232A:
;__Lib_MathDouble.c,492 :: 		
0x01A4	0xBE02      	BTFSC       R2, 7, 0
;__Lib_MathDouble.c,493 :: 		
0x01A6	0xF000EFE7  	GOTO        JMPNFIXSIGN32
;__Lib_MathDouble.c,494 :: 		
0x01AA	0x3600      	RLCF        R0, 1, 0
;__Lib_MathDouble.c,495 :: 		
0x01AC	0x3601      	RLCF        R1, 1, 0
;__Lib_MathDouble.c,496 :: 		
0x01AE	0x3602      	RLCF        R2, 1, 0
;__Lib_MathDouble.c,497 :: 		
0x01B0	0x2E03      	DECFSZ      R3, 1, 0
;__Lib_MathDouble.c,498 :: 		
0x01B2	0xF000EFD2  	GOTO        NORM3232A
;__Lib_MathDouble.c,499 :: 		
0x01B6	0xF000EFE2  	GOTO        JPNSETFUN32
;__Lib_MathDouble.c,500 :: 		
JPNRES032:
;__Lib_MathDouble.c,501 :: 		
0x01BA	0x0E01      	MOVLW       1
;__Lib_MathDouble.c,502 :: 		
0x01BC	0x6E0C      	MOVWF       R12, 0
;__Lib_MathDouble.c,504 :: 		
0x01BE	0xDFAE      	RCALL       _RES032
;__Lib_MathDouble.c,506 :: 		
0x01C0	0xF000EFEA  	GOTO        NORM32EEE
;__Lib_MathDouble.c,507 :: 		
JPNSETFUN32:
;__Lib_MathDouble.c,508 :: 		
0x01C4	0x0E02      	MOVLW       2
;__Lib_MathDouble.c,509 :: 		
0x01C6	0x6E0C      	MOVWF       R12, 0
;__Lib_MathDouble.c,511 :: 		
0x01C8	0xDF98      	RCALL       _SETFUN32
;__Lib_MathDouble.c,513 :: 		
0x01CA	0xF000EFEA  	GOTO        NORM32EEE
;__Lib_MathDouble.c,514 :: 		
JMPNFIXSIGN32:
;__Lib_MathDouble.c,515 :: 		
0x01CE	0x0E04      	MOVLW       4
;__Lib_MathDouble.c,516 :: 		
0x01D0	0x6E0C      	MOVWF       R12, 0
;__Lib_MathDouble.c,518 :: 		
0x01D2	0xDFA0      	RCALL       _FIXSIGN32
;__Lib_MathDouble.c,520 :: 		
NORM32EEE:
;__Lib_MathDouble.c,527 :: 		
L_end_NRM3232:
0x01D4	0x0012      	RETURN      0
; end of _NRM3232
_SETFOV32:
;__Lib_MathDouble.c,82 :: 		
;__Lib_MathDouble.c,90 :: 		
0x01D6	0x820B      	BSF         R11, 1, 0
;__Lib_MathDouble.c,91 :: 		
0x01D8	0xAE0B      	BTFSS       R11, 7, 0
;__Lib_MathDouble.c,92 :: 		
0x01DA	0xF000EFF5  	GOTO        SETFOV32EEE
;__Lib_MathDouble.c,94 :: 		
0x01DE	0x6803      	SETF        R3, 0
;__Lib_MathDouble.c,95 :: 		
0x01E0	0x6802      	SETF        R2, 0
;__Lib_MathDouble.c,96 :: 		
0x01E2	0x6801      	SETF        R1, 0
;__Lib_MathDouble.c,97 :: 		
0x01E4	0x6800      	SETF        R0, 0
;__Lib_MathDouble.c,98 :: 		
0x01E6	0x360A      	RLCF        R10, 1, 0
;__Lib_MathDouble.c,99 :: 		
0x01E8	0x3202      	RRCF        R2, 1, 0
;__Lib_MathDouble.c,100 :: 		
SETFOV32EEE:
;__Lib_MathDouble.c,101 :: 		
0x01EA	0x0EFF      	MOVLW       255
;__Lib_MathDouble.c,103 :: 		
L_end_SETFOV32:
0x01EC	0x0012      	RETURN      0
; end of _SETFOV32
_SETIOV3224:
;__Lib_MathDouble.c,530 :: 		
;__Lib_MathDouble.c,537 :: 		
0x01EE	0x800B      	BSF         R11, 0, 0
;__Lib_MathDouble.c,538 :: 		
0x01F0	0xAE0B      	BTFSS       R11, 7, 0
;__Lib_MathDouble.c,539 :: 		
0x01F2	0xF001EF03  	GOTO        SETIOV3224EEE
;__Lib_MathDouble.c,541 :: 		
0x01F6	0x6A02      	CLRF        R2, 0
;__Lib_MathDouble.c,542 :: 		
0x01F8	0xAE0A      	BTFSS       R10, 7, 0
;__Lib_MathDouble.c,543 :: 		
0x01FA	0x0EFF      	MOVLW       255
;__Lib_MathDouble.c,544 :: 		
0x01FC	0x6E02      	MOVWF       R2, 0
;__Lib_MathDouble.c,545 :: 		
0x01FE	0x6E01      	MOVWF       R1, 0
;__Lib_MathDouble.c,546 :: 		
0x0200	0x6E00      	MOVWF       R0, 0
;__Lib_MathDouble.c,547 :: 		
0x0202	0x360A      	RLCF        R10, 1, 0
;__Lib_MathDouble.c,548 :: 		
0x0204	0x3202      	RRCF        R2, 1, 0
;__Lib_MathDouble.c,549 :: 		
SETIOV3224EEE:
;__Lib_MathDouble.c,550 :: 		
0x0206	0x0EFF      	MOVLW       255
;__Lib_MathDouble.c,552 :: 		
L_end_SETIOV3224:
0x0208	0x0012      	RETURN      0
; end of _SETIOV3224
_Mul_16X16_U:
;__Lib_Math.c,440 :: 		
;__Lib_Math.c,447 :: 		
0x020A	0x6A0B      	CLRF        R11, 0
;__Lib_Math.c,448 :: 		
0x020C	0x6A0A      	CLRF        R10, 0
;__Lib_Math.c,449 :: 		
0x020E	0x6A09      	CLRF        R9, 0
;__Lib_Math.c,450 :: 		
0x0210	0x5000      	MOVF        R0, 0, 0
;__Lib_Math.c,451 :: 		
0x0212	0x0204      	MULWF       R4, 0
;__Lib_Math.c,453 :: 		
0x0214	0xF009CFF4  	MOVFF       PRODH, R9
;__Lib_Math.c,454 :: 		
0x0218	0xF008CFF3  	MOVFF       PRODL, R8
;__Lib_Math.c,455 :: 		
0x021C	0x5001      	MOVF        R1, 0, 0
;__Lib_Math.c,456 :: 		
0x021E	0x0205      	MULWF       R5, 0
;__Lib_Math.c,458 :: 		
0x0220	0xF00BCFF4  	MOVFF       PRODH, R11
;__Lib_Math.c,459 :: 		
0x0224	0xF00ACFF3  	MOVFF       PRODL, R10
;__Lib_Math.c,460 :: 		
0x0228	0x5000      	MOVF        R0, 0, 0
;__Lib_Math.c,461 :: 		
0x022A	0x0205      	MULWF       R5, 0
;__Lib_Math.c,463 :: 		
0x022C	0x50F3      	MOVF        PRODL, 0, 0
;__Lib_Math.c,464 :: 		
0x022E	0x2609      	ADDWF       R9, 1, 0
;__Lib_Math.c,465 :: 		
0x0230	0x50F4      	MOVF        PRODH, 0, 0
;__Lib_Math.c,466 :: 		
0x0232	0x220A      	ADDWFC      R10, 1, 0
;__Lib_Math.c,467 :: 		
0x0234	0x6AE8      	CLRF        WREG, 0
;__Lib_Math.c,468 :: 		
0x0236	0x220B      	ADDWFC      R11, 1, 0
;__Lib_Math.c,469 :: 		
0x0238	0x5001      	MOVF        R1, 0, 0
;__Lib_Math.c,470 :: 		
0x023A	0x0204      	MULWF       R4, 0
;__Lib_Math.c,472 :: 		
0x023C	0x50F3      	MOVF        PRODL, 0, 0
;__Lib_Math.c,473 :: 		
0x023E	0x2609      	ADDWF       R9, 1, 0
;__Lib_Math.c,474 :: 		
0x0240	0x50F4      	MOVF        PRODH, 0, 0
;__Lib_Math.c,475 :: 		
0x0242	0x220A      	ADDWFC      R10, 1, 0
;__Lib_Math.c,476 :: 		
0x0244	0x6AE8      	CLRF        WREG, 0
;__Lib_Math.c,477 :: 		
0x0246	0x220B      	ADDWFC      R11, 1, 0
;__Lib_Math.c,479 :: 		
0x0248	0xF000C008  	MOVFF       R8, R0
;__Lib_Math.c,480 :: 		
0x024C	0xF001C009  	MOVFF       R9, R1
;__Lib_Math.c,481 :: 		
0x0250	0xF002C00A  	MOVFF       R10, R2
;__Lib_Math.c,482 :: 		
0x0254	0xF003C00B  	MOVFF       R11, R3
;__Lib_Math.c,485 :: 		
L_end_Mul_16X16_U:
0x0258	0x0012      	RETURN      0
; end of _Mul_16X16_U
_WordToStr:
;__Lib_Conversions.c,98 :: 		
;__Lib_Conversions.c,103 :: 		
0x025A	0x0100      	MOVLB       0
0x025C	0x6B60      	CLRF        WordToStr_len_L0, 1
L_WordToStr11:
0x025E	0x0E05      	MOVLW       5
0x0260	0x5D60      	SUBWF       WordToStr_len_L0, 0, 1
0x0262	0xE20A      	BC          L_WordToStr12
;__Lib_Conversions.c,104 :: 		
0x0264	0x5160      	MOVF        WordToStr_len_L0, 0, 1
0x0266	0x2563      	ADDWF       FARG_WordToStr_output, 0, 1
0x0268	0x6EE1      	MOVWF       FSR1L 
0x026A	0x0E00      	MOVLW       0
0x026C	0x2164      	ADDWFC      FARG_WordToStr_output+1, 0, 1
0x026E	0x6EE2      	MOVWF       FSR1L+1 
0x0270	0x0E20      	MOVLW       32
0x0272	0x6EE6      	MOVWF       POSTINC1 
;__Lib_Conversions.c,103 :: 		
0x0274	0x2B60      	INCF        WordToStr_len_L0, 1, 1
;__Lib_Conversions.c,104 :: 		
0x0276	0xD7F3      	BRA         L_WordToStr11
L_WordToStr12:
;__Lib_Conversions.c,105 :: 		
0x0278	0x5160      	MOVF        WordToStr_len_L0, 0, 1
0x027A	0x2563      	ADDWF       FARG_WordToStr_output, 0, 1
0x027C	0x6EE1      	MOVWF       FSR1L 
0x027E	0x0E00      	MOVLW       0
0x0280	0x2164      	ADDWFC      FARG_WordToStr_output+1, 0, 1
0x0282	0x6EE2      	MOVWF       FSR1L+1 
0x0284	0x6AE6      	CLRF        POSTINC1 
0x0286	0x0760      	DECF        WordToStr_len_L0, 1, 1
;__Lib_Conversions.c,107 :: 		
L_WordToStr14:
;__Lib_Conversions.c,108 :: 		
0x0288	0x5160      	MOVF        WordToStr_len_L0, 0, 1
0x028A	0x2563      	ADDWF       FARG_WordToStr_output, 0, 1
0x028C	0x6F65      	MOVWF       FLOC__WordToStr, 1
0x028E	0x0E00      	MOVLW       0
0x0290	0x2164      	ADDWFC      FARG_WordToStr_output+1, 0, 1
0x0292	0x6F66      	MOVWF       FLOC__WordToStr+1, 1
0x0294	0x0E0A      	MOVLW       10
0x0296	0x6E04      	MOVWF       R4 
0x0298	0x0E00      	MOVLW       0
0x029A	0x6E05      	MOVWF       R5 
0x029C	0xF000C061  	MOVFF       FARG_WordToStr_input, R0
0x02A0	0xF001C062  	MOVFF       FARG_WordToStr_input+1, R1
0x02A4	0xDF0F      	RCALL       _Div_16X16_U
0x02A6	0xF000C008  	MOVFF       R8, R0
0x02AA	0xF001C009  	MOVFF       R9, R1
0x02AE	0x0E30      	MOVLW       48
0x02B0	0x2600      	ADDWF       R0, 1 
0x02B2	0xFFE1C065  	MOVFF       FLOC__WordToStr, FSR1L
0x02B6	0xFFE2C066  	MOVFF       FLOC__WordToStr+1, FSR1H
0x02BA	0xFFE6C000  	MOVFF       R0, POSTINC1
;__Lib_Conversions.c,109 :: 		
0x02BE	0x0E0A      	MOVLW       10
0x02C0	0x6E04      	MOVWF       R4 
0x02C2	0x0E00      	MOVLW       0
0x02C4	0x6E05      	MOVWF       R5 
0x02C6	0xF000C061  	MOVFF       FARG_WordToStr_input, R0
0x02CA	0xF001C062  	MOVFF       FARG_WordToStr_input+1, R1
0x02CE	0xDEFA      	RCALL       _Div_16X16_U
0x02D0	0xF061C000  	MOVFF       R0, FARG_WordToStr_input
0x02D4	0xF062C001  	MOVFF       R1, FARG_WordToStr_input+1
;__Lib_Conversions.c,110 :: 		
0x02D8	0x0E00      	MOVLW       0
0x02DA	0x1801      	XORWF       R1, 0 
0x02DC	0xE102      	BNZ         L__WordToStr379
0x02DE	0x0E00      	MOVLW       0
0x02E0	0x1800      	XORWF       R0, 0 
L__WordToStr379:
0x02E2	0xE101      	BNZ         L_WordToStr16
;__Lib_Conversions.c,111 :: 		
0x02E4	0xD002      	BRA         L_WordToStr15
L_WordToStr16:
;__Lib_Conversions.c,112 :: 		
0x02E6	0x0760      	DECF        WordToStr_len_L0, 1, 1
;__Lib_Conversions.c,113 :: 		
0x02E8	0xD7CF      	BRA         L_WordToStr14
L_WordToStr15:
;__Lib_Conversions.c,114 :: 		
L_end_WordToStr:
0x02EA	0x0012      	RETURN      0
; end of _WordToStr
_Delay_22us:
;__Lib_Delays.c,15 :: 		void Delay_22us() {
;__Lib_Delays.c,16 :: 		Delay_us(22);
0x02EC	0x0E07      	MOVLW       7
0x02EE	0x6E0D      	MOVWF       R13, 0
L_Delay_22us1:
0x02F0	0x2E0D      	DECFSZ      R13, 1, 0
0x02F2	0xD7FE      	BRA         L_Delay_22us1
;__Lib_Delays.c,17 :: 		}
L_end_Delay_22us:
0x02F4	0x0012      	RETURN      0
; end of _Delay_22us
_Div_32x32_FP:
;__Lib_MathDouble.c,1325 :: 		
;__Lib_MathDouble.c,1339 :: 		
0x02F6	0x5004      	MOVF        R4, 0 
0x02F8	0x0A00      	XORLW       0
0x02FA	0xE112      	BNZ         L_Div_32x32_FP11
;__Lib_MathDouble.c,1340 :: 		
0x02FC	0x5005      	MOVF        R5, 0 
0x02FE	0x0A00      	XORLW       0
0x0300	0xE10F      	BNZ         L_Div_32x32_FP12
;__Lib_MathDouble.c,1341 :: 		
0x0302	0x5006      	MOVF        R6, 0 
0x0304	0x0A00      	XORLW       0
0x0306	0xE10C      	BNZ         L_Div_32x32_FP13
;__Lib_MathDouble.c,1342 :: 		
0x0308	0x5007      	MOVF        R7, 0 
0x030A	0x0A00      	XORLW       0
0x030C	0xE109      	BNZ         L_Div_32x32_FP14
;__Lib_MathDouble.c,1343 :: 		
0x030E	0x0EFF      	MOVLW       255
0x0310	0x6E00      	MOVWF       R0 
;__Lib_MathDouble.c,1344 :: 		
0x0312	0x0EFF      	MOVLW       255
0x0314	0x6E01      	MOVWF       R1 
;__Lib_MathDouble.c,1345 :: 		
0x0316	0x0E7F      	MOVLW       127
0x0318	0x6E02      	MOVWF       R2 
;__Lib_MathDouble.c,1346 :: 		
0x031A	0x0EFF      	MOVLW       255
0x031C	0x6E03      	MOVWF       R3 
;__Lib_MathDouble.c,1347 :: 		
0x031E	0xD0A4      	BRA         L_end_Div_32x32_FP
;__Lib_MathDouble.c,1348 :: 		
L_Div_32x32_FP14:
L_Div_32x32_FP13:
L_Div_32x32_FP12:
L_Div_32x32_FP11:
;__Lib_MathDouble.c,1353 :: 		
0x0320	0x6A08      	CLRF        R8, 0
;__Lib_MathDouble.c,1354 :: 		
0x0322	0x6A09      	CLRF        R9, 0
;__Lib_MathDouble.c,1356 :: 		
0x0324	0x5007      	MOVF        R7, 0, 0
;__Lib_MathDouble.c,1357 :: 		
0x0326	0xB4D8      	BTFSC       STATUS, 2, 0
;__Lib_MathDouble.c,1358 :: 		
0x0328	0xF002EF26  	GOTO        JPDSETFDZ32
;__Lib_MathDouble.c,1360 :: 		
0x032C	0x5003      	MOVF        R3, 0, 0
;__Lib_MathDouble.c,1361 :: 		
0x032E	0xB4D8      	BTFSC       STATUS, 2, 0
;__Lib_MathDouble.c,1362 :: 		
0x0330	0xF002EF2A  	GOTO        JPDRES032
;__Lib_MathDouble.c,1364 :: 		
0x0334	0x5002      	MOVF        R2, 0, 0
;__Lib_MathDouble.c,1365 :: 		
0x0336	0x1806      	XORWF       R6, 0, 0
;__Lib_MathDouble.c,1366 :: 		
0x0338	0x6E0A      	MOVWF       R10, 0
;__Lib_MathDouble.c,1367 :: 		
0x033A	0x8E02      	BSF         R2, 7, 0
;__Lib_MathDouble.c,1368 :: 		
0x033C	0x8E06      	BSF         R6, 7, 0
;__Lib_MathDouble.c,1370 :: 		
0x033E	0x6A0E      	CLRF        R14, 0
;__Lib_MathDouble.c,1371 :: 		
0x0340	0xF008C002  	MOVFF       R2, R8
;__Lib_MathDouble.c,1372 :: 		
0x0344	0xF00CC001  	MOVFF       R1, R12
;__Lib_MathDouble.c,1373 :: 		
0x0348	0xF00DC000  	MOVFF       R0, R13
;__Lib_MathDouble.c,1375 :: 		
0x034C	0x5004      	MOVF        R4, 0, 0
;__Lib_MathDouble.c,1376 :: 		
0x034E	0x5E0D      	SUBWF       R13, 1, 0
;__Lib_MathDouble.c,1377 :: 		
0x0350	0x5005      	MOVF        R5, 0, 0
;__Lib_MathDouble.c,1378 :: 		
0x0352	0xA0D8      	BTFSS       STATUS, 0, 0
;__Lib_MathDouble.c,1379 :: 		
0x0354	0x3C05      	INCFSZ      R5, 0, 0
;__Lib_MathDouble.c,1381 :: 		
0x0356	0x5E0C      	SUBWF       R12, 1, 0
;__Lib_MathDouble.c,1382 :: 		
0x0358	0x5006      	MOVF        R6, 0, 0
;__Lib_MathDouble.c,1383 :: 		
0x035A	0xA0D8      	BTFSS       STATUS, 0, 0
;__Lib_MathDouble.c,1384 :: 		
0x035C	0x3C06      	INCFSZ      R6, 0, 0
;__Lib_MathDouble.c,1386 :: 		
0x035E	0x5E08      	SUBWF       R8, 1, 0
;__Lib_MathDouble.c,1387 :: 		
0x0360	0x6A08      	CLRF        R8, 0
;__Lib_MathDouble.c,1388 :: 		
0x0362	0x6A0C      	CLRF        R12, 0
;__Lib_MathDouble.c,1389 :: 		
0x0364	0x6A0D      	CLRF        R13, 0
;__Lib_MathDouble.c,1390 :: 		
0x0366	0xA0D8      	BTFSS       STATUS, 0, 0
;__Lib_MathDouble.c,1391 :: 		
0x0368	0xF001EFBD  	GOTO        DALIGN32OK
;__Lib_MathDouble.c,1393 :: 		
0x036C	0x90D8      	BCF         STATUS, 0, 0
;__Lib_MathDouble.c,1394 :: 		
0x036E	0x3202      	RRCF        R2, 1, 0
;__Lib_MathDouble.c,1395 :: 		
0x0370	0x3201      	RRCF        R1, 1, 0
;__Lib_MathDouble.c,1396 :: 		
0x0372	0x3200      	RRCF        R0, 1, 0
;__Lib_MathDouble.c,1397 :: 		
0x0374	0x3208      	RRCF        R8, 1, 0
;__Lib_MathDouble.c,1398 :: 		
0x0376	0x0E01      	MOVLW       1
;__Lib_MathDouble.c,1399 :: 		
0x0378	0x6E0E      	MOVWF       R14, 0
;__Lib_MathDouble.c,1400 :: 		
DALIGN32OK:
;__Lib_MathDouble.c,1401 :: 		
0x037A	0x5007      	MOVF        R7, 0, 0
;__Lib_MathDouble.c,1402 :: 		
0x037C	0x5E03      	SUBWF       R3, 1, 0
;__Lib_MathDouble.c,1403 :: 		
0x037E	0xA0D8      	BTFSS       STATUS, 0, 0
;__Lib_MathDouble.c,1404 :: 		
0x0380	0xF001EFCA  	GOTO        ALTB32
;__Lib_MathDouble.c,1406 :: 		
0x0384	0x0E7E      	MOVLW       126
;__Lib_MathDouble.c,1407 :: 		
0x0386	0x240E      	ADDWF       R14, 0, 0
;__Lib_MathDouble.c,1408 :: 		
0x0388	0x2603      	ADDWF       R3, 1, 0
;__Lib_MathDouble.c,1409 :: 		
0x038A	0xB0D8      	BTFSC       STATUS, 0, 0
;__Lib_MathDouble.c,1410 :: 		
0x038C	0xF002EF2E  	GOTO        JPDSETFOV32
;__Lib_MathDouble.c,1411 :: 		
0x0390	0xF001EFD0  	GOTO        DARGOK32
;__Lib_MathDouble.c,1412 :: 		
ALTB32:
;__Lib_MathDouble.c,1413 :: 		
0x0394	0x0E7E      	MOVLW       126
;__Lib_MathDouble.c,1414 :: 		
0x0396	0x240E      	ADDWF       R14, 0, 0
;__Lib_MathDouble.c,1415 :: 		
0x0398	0x2603      	ADDWF       R3, 1, 0
;__Lib_MathDouble.c,1416 :: 		
0x039A	0xA0D8      	BTFSS       STATUS, 0, 0
;__Lib_MathDouble.c,1417 :: 		
0x039C	0xF002EF32  	GOTO        JPDSETFUN32
;__Lib_MathDouble.c,1418 :: 		
DARGOK32:
;__Lib_MathDouble.c,1419 :: 		
0x03A0	0x0E18      	MOVLW       24
;__Lib_MathDouble.c,1420 :: 		
0x03A2	0x6E0B      	MOVWF       R11, 0
;__Lib_MathDouble.c,1421 :: 		
DLOOP32:
;__Lib_MathDouble.c,1422 :: 		
0x03A4	0x360D      	RLCF        R13, 1, 0
;__Lib_MathDouble.c,1423 :: 		
0x03A6	0x360C      	RLCF        R12, 1, 0
;__Lib_MathDouble.c,1424 :: 		
0x03A8	0x3608      	RLCF        R8, 1, 0
;__Lib_MathDouble.c,1425 :: 		
0x03AA	0x3600      	RLCF        R0, 1, 0
;__Lib_MathDouble.c,1426 :: 		
0x03AC	0x3601      	RLCF        R1, 1, 0
;__Lib_MathDouble.c,1427 :: 		
0x03AE	0x3602      	RLCF        R2, 1, 0
;__Lib_MathDouble.c,1428 :: 		
0x03B0	0x360E      	RLCF        R14, 1, 0
;__Lib_MathDouble.c,1430 :: 		
0x03B2	0x5004      	MOVF        R4, 0, 0
;__Lib_MathDouble.c,1431 :: 		
0x03B4	0x5E00      	SUBWF       R0, 1, 0
;__Lib_MathDouble.c,1432 :: 		
0x03B6	0x5005      	MOVF        R5, 0, 0
;__Lib_MathDouble.c,1433 :: 		
0x03B8	0xA0D8      	BTFSS       STATUS, 0, 0
;__Lib_MathDouble.c,1434 :: 		
0x03BA	0x3C05      	INCFSZ      R5, 0, 0
;__Lib_MathDouble.c,1436 :: 		
0x03BC	0x5E01      	SUBWF       R1, 1, 0
;__Lib_MathDouble.c,1437 :: 		
0x03BE	0x5006      	MOVF        R6, 0, 0
;__Lib_MathDouble.c,1438 :: 		
0x03C0	0xA0D8      	BTFSS       STATUS, 0, 0
;__Lib_MathDouble.c,1439 :: 		
0x03C2	0x3C06      	INCFSZ      R6, 0, 0
;__Lib_MathDouble.c,1441 :: 		
0x03C4	0x5E02      	SUBWF       R2, 1, 0
;__Lib_MathDouble.c,1442 :: 		
0x03C6	0x3406      	RLCF        R6, 0, 0
;__Lib_MathDouble.c,1443 :: 		
0x03C8	0x120E      	IORWF       R14, 1, 0
;__Lib_MathDouble.c,1444 :: 		
0x03CA	0xA00E      	BTFSS       R14, 0, 0
;__Lib_MathDouble.c,1445 :: 		
0x03CC	0xF001EFEB  	GOTO        DREST32
;__Lib_MathDouble.c,1446 :: 		
0x03D0	0x800D      	BSF         R13, 0, 0
;__Lib_MathDouble.c,1447 :: 		
0x03D2	0xF001EFF6  	GOTO        DOK32
;__Lib_MathDouble.c,1448 :: 		
DREST32:
;__Lib_MathDouble.c,1449 :: 		
0x03D6	0x5004      	MOVF        R4, 0, 0
;__Lib_MathDouble.c,1450 :: 		
0x03D8	0x2600      	ADDWF       R0, 1, 0
;__Lib_MathDouble.c,1451 :: 		
0x03DA	0x5005      	MOVF        R5, 0, 0
;__Lib_MathDouble.c,1452 :: 		
0x03DC	0xB0D8      	BTFSC       STATUS, 0, 0
;__Lib_MathDouble.c,1453 :: 		
0x03DE	0x3C05      	INCFSZ      R5, 0, 0
;__Lib_MathDouble.c,1455 :: 		
0x03E0	0x2601      	ADDWF       R1, 1, 0
;__Lib_MathDouble.c,1456 :: 		
0x03E2	0x5006      	MOVF        R6, 0, 0
;__Lib_MathDouble.c,1457 :: 		
0x03E4	0xB0D8      	BTFSC       STATUS, 0, 0
;__Lib_MathDouble.c,1458 :: 		
0x03E6	0x2806      	INCF        R6, 0, 0
;__Lib_MathDouble.c,1459 :: 		
0x03E8	0x2602      	ADDWF       R2, 1, 0
;__Lib_MathDouble.c,1460 :: 		
0x03EA	0x900D      	BCF         R13, 0, 0
;__Lib_MathDouble.c,1461 :: 		
DOK32:
;__Lib_MathDouble.c,1462 :: 		
0x03EC	0x2E0B      	DECFSZ      R11, 1, 0
;__Lib_MathDouble.c,1463 :: 		
0x03EE	0xF001EFD2  	GOTO        DLOOP32
;__Lib_MathDouble.c,1467 :: 		
0x03F2	0xF002EF1C  	GOTO        DIV32OK
;__Lib_MathDouble.c,1468 :: 		
0x03F6	0x90D8      	BCF         STATUS, 0, 0
;__Lib_MathDouble.c,1469 :: 		
0x03F8	0x3600      	RLCF        R0, 1, 0
;__Lib_MathDouble.c,1470 :: 		
0x03FA	0x3601      	RLCF        R1, 1, 0
;__Lib_MathDouble.c,1471 :: 		
0x03FC	0x3602      	RLCF        R2, 1, 0
;__Lib_MathDouble.c,1472 :: 		
0x03FE	0x360E      	RLCF        R14, 1, 0
;__Lib_MathDouble.c,1474 :: 		
0x0400	0x5004      	MOVF        R4, 0, 0
;__Lib_MathDouble.c,1475 :: 		
0x0402	0x5E00      	SUBWF       R0, 1, 0
;__Lib_MathDouble.c,1476 :: 		
0x0404	0x5005      	MOVF        R5, 0, 0
;__Lib_MathDouble.c,1477 :: 		
0x0406	0xA0D8      	BTFSS       STATUS, 0, 0
;__Lib_MathDouble.c,1478 :: 		
0x0408	0x3C05      	INCFSZ      R5, 0, 0
;__Lib_MathDouble.c,1479 :: 		
0x040A	0x5E01      	SUBWF       R1, 1, 0
;__Lib_MathDouble.c,1480 :: 		
0x040C	0x5006      	MOVF        R6, 0, 0
;__Lib_MathDouble.c,1481 :: 		
0x040E	0xA0D8      	BTFSS       STATUS, 0, 0
;__Lib_MathDouble.c,1482 :: 		
0x0410	0x3C06      	INCFSZ      R6, 0, 0
;__Lib_MathDouble.c,1483 :: 		
0x0412	0x5E02      	SUBWF       R2, 1, 0
;__Lib_MathDouble.c,1484 :: 		
0x0414	0x3406      	RLCF        R6, 0, 0
;__Lib_MathDouble.c,1485 :: 		
0x0416	0x100E      	IORWF       R14, 0, 0
;__Lib_MathDouble.c,1486 :: 		
0x0418	0x0B01      	ANDLW       1
;__Lib_MathDouble.c,1487 :: 		
0x041A	0x260D      	ADDWF       R13, 1, 0
;__Lib_MathDouble.c,1488 :: 		
0x041C	0xB0D8      	BTFSC       STATUS, 0, 0
;__Lib_MathDouble.c,1489 :: 		
0x041E	0x2A0C      	INCF        R12, 1, 0
;__Lib_MathDouble.c,1490 :: 		
0x0420	0xB4D8      	BTFSC       STATUS, 2, 0
;__Lib_MathDouble.c,1491 :: 		
0x0422	0x2A08      	INCF        R8, 1, 0
;__Lib_MathDouble.c,1492 :: 		
0x0424	0xA4D8      	BTFSS       STATUS, 2, 0
;__Lib_MathDouble.c,1493 :: 		
0x0426	0xF002EF1C  	GOTO        DIV32OK
;__Lib_MathDouble.c,1494 :: 		
0x042A	0x3208      	RRCF        R8, 1, 0
;__Lib_MathDouble.c,1495 :: 		
0x042C	0x320C      	RRCF        R12, 1, 0
;__Lib_MathDouble.c,1496 :: 		
0x042E	0x320D      	RRCF        R13, 1, 0
;__Lib_MathDouble.c,1497 :: 		
0x0430	0x2A03      	INCF        R3, 1, 0
;__Lib_MathDouble.c,1498 :: 		
0x0432	0xB4D8      	BTFSC       STATUS, 2, 0
;__Lib_MathDouble.c,1499 :: 		
0x0434	0xF002EF2E  	GOTO        JPDSETFOV32
;__Lib_MathDouble.c,1500 :: 		
DIV32OK:
;__Lib_MathDouble.c,1501 :: 		
0x0438	0xAE0A      	BTFSS       R10, 7, 0
;__Lib_MathDouble.c,1502 :: 		
0x043A	0x9E08      	BCF         R8, 7, 0
;__Lib_MathDouble.c,1503 :: 		
0x043C	0x5008      	MOVF        R8, 0, 0
;__Lib_MathDouble.c,1504 :: 		
0x043E	0x6E02      	MOVWF       R2, 0
;__Lib_MathDouble.c,1505 :: 		
0x0440	0x500C      	MOVF        R12, 0, 0
;__Lib_MathDouble.c,1506 :: 		
0x0442	0x6E01      	MOVWF       R1, 0
;__Lib_MathDouble.c,1507 :: 		
0x0444	0x500D      	MOVF        R13, 0, 0
;__Lib_MathDouble.c,1508 :: 		
0x0446	0x6E00      	MOVWF       R0, 0
;__Lib_MathDouble.c,1511 :: 		
0x0448	0xF002EF34  	GOTO        DIV32EEE
;__Lib_MathDouble.c,1512 :: 		
JPDSETFDZ32:
;__Lib_MathDouble.c,1513 :: 		
0x044C	0x0E01      	MOVLW       1
;__Lib_MathDouble.c,1516 :: 		
0x044E	0xDE86      	RCALL       _SETFDZ32
;__Lib_MathDouble.c,1518 :: 		
0x0450	0xF002EF34  	GOTO        DIV32EEE
;__Lib_MathDouble.c,1519 :: 		
JPDRES032:
;__Lib_MathDouble.c,1520 :: 		
0x0454	0x0E02      	MOVLW       2
;__Lib_MathDouble.c,1523 :: 		
0x0456	0xDE62      	RCALL       _RES032
;__Lib_MathDouble.c,1525 :: 		
0x0458	0xF002EF34  	GOTO        DIV32EEE
;__Lib_MathDouble.c,1526 :: 		
JPDSETFOV32:
;__Lib_MathDouble.c,1527 :: 		
0x045C	0x0E04      	MOVLW       4
;__Lib_MathDouble.c,1530 :: 		
0x045E	0xDEBB      	RCALL       _SETFOV32
;__Lib_MathDouble.c,1532 :: 		
0x0460	0xF002EF34  	GOTO        DIV32EEE
;__Lib_MathDouble.c,1533 :: 		
JPDSETFUN32:
;__Lib_MathDouble.c,1534 :: 		
0x0464	0x0E08      	MOVLW       8
;__Lib_MathDouble.c,1537 :: 		
0x0466	0xDE49      	RCALL       _SETFUN32
;__Lib_MathDouble.c,1539 :: 		
DIV32EEE:
;__Lib_MathDouble.c,1547 :: 		
L_end_Div_32x32_FP:
0x0468	0x0012      	RETURN      0
; end of _Div_32x32_FP
_PWM1_Set_Duty:
;__Lib_PWM_c21.c,42 :: 		
;__Lib_PWM_c21.c,46 :: 		
0x046A	0x50CB      	MOVF        PR2, 0 
0x046C	0x0F01      	ADDLW       1
0x046E	0x6E00      	MOVWF       R0 
0x0470	0x6A01      	CLRF        R1 
0x0472	0x0E00      	MOVLW       0
0x0474	0x2201      	ADDWFC      R1, 1 
0x0476	0xF004C056  	MOVFF       FARG_PWM1_Set_Duty_new_duty, R4
0x047A	0x0E00      	MOVLW       0
0x047C	0x6E05      	MOVWF       R5 
0x047E	0xDEC5      	RCALL       _Mul_16X16_U
0x0480	0x0E06      	MOVLW       6
0x0482	0x6E02      	MOVWF       R2 
0x0484	0xF004C000  	MOVFF       R0, R4
0x0488	0xF005C001  	MOVFF       R1, R5
0x048C	0x5002      	MOVF        R2, 0 
L__PWM1_Set_Duty10:
0x048E	0xE005      	BZ          L__PWM1_Set_Duty11
0x0490	0x3205      	RRCF        R5, 1 
0x0492	0x3204      	RRCF        R4, 1 
0x0494	0x9E05      	BCF         R5, 7 
0x0496	0x0FFF      	ADDLW       255
0x0498	0xD7FA      	BRA         L__PWM1_Set_Duty10
L__PWM1_Set_Duty11:
;__Lib_PWM_c21.c,47 :: 		
0x049A	0x0E04      	MOVLW       4
0x049C	0x6E01      	MOVWF       R1 
0x049E	0xF000C004  	MOVFF       R4, R0
0x04A2	0x5001      	MOVF        R1, 0 
L__PWM1_Set_Duty12:
0x04A4	0xE004      	BZ          L__PWM1_Set_Duty13
0x04A6	0x3600      	RLCF        R0, 1 
0x04A8	0x9000      	BCF         R0, 0 
0x04AA	0x0FFF      	ADDLW       255
0x04AC	0xD7FB      	BRA         L__PWM1_Set_Duty12
L__PWM1_Set_Duty13:
0x04AE	0x0E30      	MOVLW       48
0x04B0	0x1400      	ANDWF       R0, 0 
0x04B2	0x6E03      	MOVWF       R3 
;__Lib_PWM_c21.c,48 :: 		
0x04B4	0xF000C004  	MOVFF       R4, R0
0x04B8	0xF001C005  	MOVFF       R5, R1
0x04BC	0x3201      	RRCF        R1, 1 
0x04BE	0x3200      	RRCF        R0, 1 
0x04C0	0x9E01      	BCF         R1, 7 
0x04C2	0x3201      	RRCF        R1, 1 
0x04C4	0x3200      	RRCF        R0, 1 
0x04C6	0x9E01      	BCF         R1, 7 
0x04C8	0xFFBEC000  	MOVFF       R0, CCPR1L
;__Lib_PWM_c21.c,49 :: 		
0x04CC	0x0E0F      	MOVLW       15
0x04CE	0x16BD      	ANDWF       CCP1CON, 1 
;__Lib_PWM_c21.c,50 :: 		
0x04D0	0x5003      	MOVF        R3, 0 
0x04D2	0x12BD      	IORWF       CCP1CON, 1 
;__Lib_PWM_c21.c,51 :: 		
L_end_PWM1_Set_Duty:
0x04D4	0x0012      	RETURN      0
; end of _PWM1_Set_Duty
_I2C1_Init:
;__Lib_I2C_b10.c,189 :: 		
;__Lib_I2C_b10.c,191 :: 		
0x04D6	0x0E2A      	MOVLW       _I2C1_Is_Idle
0x04D8	0x6E44      	MOVWF       _I2C_Is_Idle_Ptr 
0x04DA	0x0E01      	MOVLW       hi_addr(_I2C1_Is_Idle)
0x04DC	0x6E45      	MOVWF       _I2C_Is_Idle_Ptr+1 
0x04DE	0x0E00      	MOVLW       0
0x04E0	0x6E46      	MOVWF       _I2C_Is_Idle_Ptr+2 
0x04E2	0x0E00      	MOVLW       0
0x04E4	0x6E47      	MOVWF       _I2C_Is_Idle_Ptr+3 
;__Lib_I2C_b10.c,192 :: 		
0x04E6	0x0E4C      	MOVLW       _I2C1_Start
0x04E8	0x6E3C      	MOVWF       _I2C_Start_Ptr 
0x04EA	0x0E05      	MOVLW       hi_addr(_I2C1_Start)
0x04EC	0x6E3D      	MOVWF       _I2C_Start_Ptr+1 
0x04EE	0x0E00      	MOVLW       0
0x04F0	0x6E3E      	MOVWF       _I2C_Start_Ptr+2 
0x04F2	0x0E00      	MOVLW       0
0x04F4	0x6E3F      	MOVWF       _I2C_Start_Ptr+3 
;__Lib_I2C_b10.c,193 :: 		
0x04F6	0x0EFF      	MOVLW       _I2C1_Repeated_Start
0x04F8	0x6E26      	MOVWF       _I2C_Restart_Ptr 
0x04FA	0x0EFF      	MOVLW       hi_addr(_I2C1_Repeated_Start)
0x04FC	0x6E27      	MOVWF       _I2C_Restart_Ptr+1 
0x04FE	0x0E00      	MOVLW       0
0x0500	0x6E28      	MOVWF       _I2C_Restart_Ptr+2 
0x0502	0x0E00      	MOVLW       0
0x0504	0x6E29      	MOVWF       _I2C_Restart_Ptr+3 
;__Lib_I2C_b10.c,194 :: 		
0x0506	0x0EFF      	MOVLW       _I2C1_Rd
0x0508	0x6E22      	MOVWF       _I2C_Read_Ptr 
0x050A	0x0EFF      	MOVLW       hi_addr(_I2C1_Rd)
0x050C	0x6E23      	MOVWF       _I2C_Read_Ptr+1 
0x050E	0x0EFF      	MOVLW       FARG_I2C1_Rd_ack
0x0510	0x6E24      	MOVWF       _I2C_Read_Ptr+2 
0x0512	0x0EFF      	MOVLW       hi_addr(FARG_I2C1_Rd_ack)
0x0514	0x6E25      	MOVWF       _I2C_Read_Ptr+3 
;__Lib_I2C_b10.c,195 :: 		
0x0516	0x0ED4      	MOVLW       _I2C1_Wr
0x0518	0x6E4C      	MOVWF       _I2C_Write_Ptr 
0x051A	0x0E05      	MOVLW       hi_addr(_I2C1_Wr)
0x051C	0x6E4D      	MOVWF       _I2C_Write_Ptr+1 
0x051E	0x0E50      	MOVLW       FARG_I2C1_Wr_data_
0x0520	0x6E4E      	MOVWF       _I2C_Write_Ptr+2 
0x0522	0x0E00      	MOVLW       hi_addr(FARG_I2C1_Wr_data_)
0x0524	0x6E4F      	MOVWF       _I2C_Write_Ptr+3 
;__Lib_I2C_b10.c,196 :: 		
0x0526	0x0E04      	MOVLW       _I2C1_Stop
0x0528	0x6E40      	MOVWF       _I2C_Stop_Ptr 
0x052A	0x0E08      	MOVLW       hi_addr(_I2C1_Stop)
0x052C	0x6E41      	MOVWF       _I2C_Stop_Ptr+1 
0x052E	0x0E00      	MOVLW       0
0x0530	0x6E42      	MOVWF       _I2C_Stop_Ptr+2 
0x0532	0x0E00      	MOVLW       0
0x0534	0x6E43      	MOVWF       _I2C_Stop_Ptr+3 
;__Lib_I2C_b10.c,203 :: 		
0x0536	0x9093      	BCF         TRISB0_bit, BitPos(TRISB0_bit+0) 
;__Lib_I2C_b10.c,204 :: 		
0x0538	0x9293      	BCF         TRISB1_bit, BitPos(TRISB1_bit+0) 
;__Lib_I2C_b10.c,207 :: 		
0x053A	0x908A      	BCF         LATB0_bit, BitPos(LATB0_bit+0) 
;__Lib_I2C_b10.c,208 :: 		
0x053C	0x928A      	BCF         LATB1_bit, BitPos(LATB1_bit+0) 
;__Lib_I2C_b10.c,211 :: 		
0x053E	0x8093      	BSF         TRISB0_bit, BitPos(TRISB0_bit+0) 
;__Lib_I2C_b10.c,212 :: 		
0x0540	0x8293      	BSF         TRISB1_bit, BitPos(TRISB1_bit+0) 
;__Lib_I2C_b10.c,214 :: 		
0x0542	0x9EC7      	BCF         SSPSTAT, 7 
;__Lib_I2C_b10.c,215 :: 		
0x0544	0x9CC7      	BCF         SSPSTAT, 6 
;__Lib_I2C_b10.c,216 :: 		
0x0546	0x0E38      	MOVLW       56
0x0548	0x6EC6      	MOVWF       SSPCON1 
;__Lib_I2C_b10.c,219 :: 		
L_end_I2C1_Init:
0x054A	0x0012      	RETURN      0
; end of _I2C1_Init
_I2C1_Start:
;__Lib_I2C_b10.c,37 :: 		
;__Lib_I2C_b10.c,41 :: 		
0x054C	0xF052C01B  	MOVFF       __Lib_I2C_b10__I2C1_TIMEOUT, I2C1_Start_timeout_L0
0x0550	0xF053C01C  	MOVFF       __Lib_I2C_b10__I2C1_TIMEOUT+1, I2C1_Start_timeout_L0+1
0x0554	0xF054C01D  	MOVFF       __Lib_I2C_b10__I2C1_TIMEOUT+2, I2C1_Start_timeout_L0+2
0x0558	0xF055C01E  	MOVFF       __Lib_I2C_b10__I2C1_TIMEOUT+3, I2C1_Start_timeout_L0+3
;__Lib_I2C_b10.c,43 :: 		
0x055C	0x6A50      	CLRF        I2C1_Start_j_L0 
0x055E	0x6A51      	CLRF        I2C1_Start_j_L0+1 
L_I2C1_Start2:
0x0560	0x5051      	MOVF        I2C1_Start_j_L0+1, 0 
0x0562	0x0812      	SUBLW       18
0x0564	0xE102      	BNZ         L__I2C1_Start39
0x0566	0x5050      	MOVF        I2C1_Start_j_L0, 0 
0x0568	0x088E      	SUBLW       142
L__I2C1_Start39:
0x056A	0xE307      	BNC         L_I2C1_Start3
;__Lib_I2C_b10.c,44 :: 		
0x056C	0xDDDE      	RCALL       _I2C1_Is_Idle
0x056E	0x5200      	MOVF        R0, 1 
0x0570	0xE001      	BZ          L_I2C1_Start5
;__Lib_I2C_b10.c,45 :: 		
0x0572	0xD003      	BRA         L_I2C1_Start3
L_I2C1_Start5:
;__Lib_I2C_b10.c,43 :: 		
0x0574	0x4A50      	INFSNZ      I2C1_Start_j_L0, 1 
0x0576	0x2A51      	INCF        I2C1_Start_j_L0+1, 1 
;__Lib_I2C_b10.c,46 :: 		
0x0578	0xD7F3      	BRA         L_I2C1_Start2
L_I2C1_Start3:
;__Lib_I2C_b10.c,48 :: 		
0x057A	0x0E12      	MOVLW       18
0x057C	0x5C51      	SUBWF       I2C1_Start_j_L0+1, 0 
0x057E	0xE102      	BNZ         L__I2C1_Start40
0x0580	0x0E8F      	MOVLW       143
0x0582	0x5C50      	SUBWF       I2C1_Start_j_L0, 0 
L__I2C1_Start40:
0x0584	0xE303      	BNC         L_I2C1_Start6
;__Lib_I2C_b10.c,49 :: 		
0x0586	0x0E7B      	MOVLW       123
0x0588	0x6E00      	MOVWF       R0 
0x058A	0xD023      	BRA         L_end_I2C1_Start
L_I2C1_Start6:
;__Lib_I2C_b10.c,51 :: 		
0x058C	0x80C5      	BSF         SSPCON2, 0 
;__Lib_I2C_b10.c,52 :: 		
L_I2C1_Start8:
0x058E	0xA0C5      	BTFSS       SSPCON2, 0 
0x0590	0xD01F      	BRA         L_I2C1_Start9
;__Lib_I2C_b10.c,54 :: 		
0x0592	0x501B      	MOVF        __Lib_I2C_b10__I2C1_TIMEOUT, 0 
0x0594	0x101C      	IORWF       __Lib_I2C_b10__I2C1_TIMEOUT+1, 0 
0x0596	0x101D      	IORWF       __Lib_I2C_b10__I2C1_TIMEOUT+2, 0 
0x0598	0x101E      	IORWF       __Lib_I2C_b10__I2C1_TIMEOUT+3, 0 
0x059A	0xE019      	BZ          L_I2C1_Start10
;__Lib_I2C_b10.c,56 :: 		
0x059C	0x5052      	MOVF        I2C1_Start_timeout_L0, 0 
0x059E	0x1053      	IORWF       I2C1_Start_timeout_L0+1, 0 
0x05A0	0x1054      	IORWF       I2C1_Start_timeout_L0+2, 0 
0x05A2	0x1055      	IORWF       I2C1_Start_timeout_L0+3, 0 
0x05A4	0xE10E      	BNZ         L_I2C1_Start11
;__Lib_I2C_b10.c,58 :: 		
0x05A6	0xFFE1C04A  	MOVFF       _I2C1_Timeout_Ptr+2, FSR1
0x05AA	0xFFE2C04B  	MOVFF       _I2C1_Timeout_Ptr+3, FSR1+1
0x05AE	0x0E05      	MOVLW       5
0x05B0	0x6EE6      	MOVWF       POSTINC1 
0x05B2	0xF000C048  	MOVFF       _I2C1_Timeout_Ptr, R0
0x05B6	0xF001C049  	MOVFF       _I2C1_Timeout_Ptr+1, R1
0x05BA	0xDDC4      	RCALL       _____DoIFC
;__Lib_I2C_b10.c,59 :: 		
0x05BC	0x0E01      	MOVLW       1
0x05BE	0x6E00      	MOVWF       R0 
0x05C0	0xD008      	BRA         L_end_I2C1_Start
;__Lib_I2C_b10.c,60 :: 		
L_I2C1_Start11:
;__Lib_I2C_b10.c,61 :: 		
0x05C2	0x0E01      	MOVLW       1
0x05C4	0x5E52      	SUBWF       I2C1_Start_timeout_L0, 1 
0x05C6	0x0E00      	MOVLW       0
0x05C8	0x5A53      	SUBWFB      I2C1_Start_timeout_L0+1, 1 
0x05CA	0x5A54      	SUBWFB      I2C1_Start_timeout_L0+2, 1 
0x05CC	0x5A55      	SUBWFB      I2C1_Start_timeout_L0+3, 1 
;__Lib_I2C_b10.c,62 :: 		
L_I2C1_Start10:
;__Lib_I2C_b10.c,63 :: 		
0x05CE	0xD7DF      	BRA         L_I2C1_Start8
L_I2C1_Start9:
;__Lib_I2C_b10.c,64 :: 		
0x05D0	0x6A00      	CLRF        R0 
;__Lib_I2C_b10.c,66 :: 		
L_end_I2C1_Start:
0x05D2	0x0012      	RETURN      0
; end of _I2C1_Start
_I2C1_Wr:
;__Lib_I2C_b10.c,139 :: 		
;__Lib_I2C_b10.c,142 :: 		
0x05D4	0x969E      	BCF         PIR1, 3 
;__Lib_I2C_b10.c,143 :: 		
0x05D6	0xFFC9C050  	MOVFF       FARG_I2C1_Wr_data_, SSPBUF
;__Lib_I2C_b10.c,145 :: 		
0x05DA	0xF051C01B  	MOVFF       __Lib_I2C_b10__I2C1_TIMEOUT, I2C1_Wr_timeout_L0
0x05DE	0xF052C01C  	MOVFF       __Lib_I2C_b10__I2C1_TIMEOUT+1, I2C1_Wr_timeout_L0+1
0x05E2	0xF053C01D  	MOVFF       __Lib_I2C_b10__I2C1_TIMEOUT+2, I2C1_Wr_timeout_L0+2
0x05E6	0xF054C01E  	MOVFF       __Lib_I2C_b10__I2C1_TIMEOUT+3, I2C1_Wr_timeout_L0+3
;__Lib_I2C_b10.c,147 :: 		
L_I2C1_Wr26:
0x05EA	0xA4C7      	BTFSS       SSPSTAT, 2 
0x05EC	0xD01F      	BRA         L_I2C1_Wr27
;__Lib_I2C_b10.c,149 :: 		
0x05EE	0x501B      	MOVF        __Lib_I2C_b10__I2C1_TIMEOUT, 0 
0x05F0	0x101C      	IORWF       __Lib_I2C_b10__I2C1_TIMEOUT+1, 0 
0x05F2	0x101D      	IORWF       __Lib_I2C_b10__I2C1_TIMEOUT+2, 0 
0x05F4	0x101E      	IORWF       __Lib_I2C_b10__I2C1_TIMEOUT+3, 0 
0x05F6	0xE019      	BZ          L_I2C1_Wr28
;__Lib_I2C_b10.c,151 :: 		
0x05F8	0x5051      	MOVF        I2C1_Wr_timeout_L0, 0 
0x05FA	0x1052      	IORWF       I2C1_Wr_timeout_L0+1, 0 
0x05FC	0x1053      	IORWF       I2C1_Wr_timeout_L0+2, 0 
0x05FE	0x1054      	IORWF       I2C1_Wr_timeout_L0+3, 0 
0x0600	0xE10E      	BNZ         L_I2C1_Wr29
;__Lib_I2C_b10.c,153 :: 		
0x0602	0xFFE1C04A  	MOVFF       _I2C1_Timeout_Ptr+2, FSR1
0x0606	0xFFE2C04B  	MOVFF       _I2C1_Timeout_Ptr+3, FSR1+1
0x060A	0x0E04      	MOVLW       4
0x060C	0x6EE6      	MOVWF       POSTINC1 
0x060E	0xF000C048  	MOVFF       _I2C1_Timeout_Ptr, R0
0x0612	0xF001C049  	MOVFF       _I2C1_Timeout_Ptr+1, R1
0x0616	0xDD96      	RCALL       _____DoIFC
;__Lib_I2C_b10.c,154 :: 		
0x0618	0x0E01      	MOVLW       1
0x061A	0x6E00      	MOVWF       R0 
0x061C	0xD037      	BRA         L_end_I2C1_Wr
;__Lib_I2C_b10.c,155 :: 		
L_I2C1_Wr29:
;__Lib_I2C_b10.c,156 :: 		
0x061E	0x0E01      	MOVLW       1
0x0620	0x5E51      	SUBWF       I2C1_Wr_timeout_L0, 1 
0x0622	0x0E00      	MOVLW       0
0x0624	0x5A52      	SUBWFB      I2C1_Wr_timeout_L0+1, 1 
0x0626	0x5A53      	SUBWFB      I2C1_Wr_timeout_L0+2, 1 
0x0628	0x5A54      	SUBWFB      I2C1_Wr_timeout_L0+3, 1 
;__Lib_I2C_b10.c,157 :: 		
L_I2C1_Wr28:
;__Lib_I2C_b10.c,158 :: 		
0x062A	0xD7DF      	BRA         L_I2C1_Wr26
L_I2C1_Wr27:
;__Lib_I2C_b10.c,160 :: 		
0x062C	0xF051C01B  	MOVFF       __Lib_I2C_b10__I2C1_TIMEOUT, I2C1_Wr_timeout_L0
0x0630	0xF052C01C  	MOVFF       __Lib_I2C_b10__I2C1_TIMEOUT+1, I2C1_Wr_timeout_L0+1
0x0634	0xF053C01D  	MOVFF       __Lib_I2C_b10__I2C1_TIMEOUT+2, I2C1_Wr_timeout_L0+2
0x0638	0xF054C01E  	MOVFF       __Lib_I2C_b10__I2C1_TIMEOUT+3, I2C1_Wr_timeout_L0+3
;__Lib_I2C_b10.c,162 :: 		
L_I2C1_Wr30:
0x063C	0xB69E      	BTFSC       PIR1, 3 
0x063E	0xD01F      	BRA         L_I2C1_Wr31
;__Lib_I2C_b10.c,164 :: 		
0x0640	0x501B      	MOVF        __Lib_I2C_b10__I2C1_TIMEOUT, 0 
0x0642	0x101C      	IORWF       __Lib_I2C_b10__I2C1_TIMEOUT+1, 0 
0x0644	0x101D      	IORWF       __Lib_I2C_b10__I2C1_TIMEOUT+2, 0 
0x0646	0x101E      	IORWF       __Lib_I2C_b10__I2C1_TIMEOUT+3, 0 
0x0648	0xE019      	BZ          L_I2C1_Wr32
;__Lib_I2C_b10.c,166 :: 		
0x064A	0x5051      	MOVF        I2C1_Wr_timeout_L0, 0 
0x064C	0x1052      	IORWF       I2C1_Wr_timeout_L0+1, 0 
0x064E	0x1053      	IORWF       I2C1_Wr_timeout_L0+2, 0 
0x0650	0x1054      	IORWF       I2C1_Wr_timeout_L0+3, 0 
0x0652	0xE10E      	BNZ         L_I2C1_Wr33
;__Lib_I2C_b10.c,168 :: 		
0x0654	0xFFE1C04A  	MOVFF       _I2C1_Timeout_Ptr+2, FSR1
0x0658	0xFFE2C04B  	MOVFF       _I2C1_Timeout_Ptr+3, FSR1+1
0x065C	0x0E04      	MOVLW       4
0x065E	0x6EE6      	MOVWF       POSTINC1 
0x0660	0xF000C048  	MOVFF       _I2C1_Timeout_Ptr, R0
0x0664	0xF001C049  	MOVFF       _I2C1_Timeout_Ptr+1, R1
0x0668	0xDD6D      	RCALL       _____DoIFC
;__Lib_I2C_b10.c,169 :: 		
0x066A	0x0E01      	MOVLW       1
0x066C	0x6E00      	MOVWF       R0 
0x066E	0xD00E      	BRA         L_end_I2C1_Wr
;__Lib_I2C_b10.c,170 :: 		
L_I2C1_Wr33:
;__Lib_I2C_b10.c,171 :: 		
0x0670	0x0E01      	MOVLW       1
0x0672	0x5E51      	SUBWF       I2C1_Wr_timeout_L0, 1 
0x0674	0x0E00      	MOVLW       0
0x0676	0x5A52      	SUBWFB      I2C1_Wr_timeout_L0+1, 1 
0x0678	0x5A53      	SUBWFB      I2C1_Wr_timeout_L0+2, 1 
0x067A	0x5A54      	SUBWFB      I2C1_Wr_timeout_L0+3, 1 
;__Lib_I2C_b10.c,172 :: 		
L_I2C1_Wr32:
;__Lib_I2C_b10.c,173 :: 		
0x067C	0xD7DF      	BRA         L_I2C1_Wr30
L_I2C1_Wr31:
;__Lib_I2C_b10.c,175 :: 		
0x067E	0xBCC5      	BTFSC       SSPCON2, 6 
0x0680	0xD002      	BRA         L_I2C1_Wr34
;__Lib_I2C_b10.c,176 :: 		
0x0682	0x6A00      	CLRF        R0 
0x0684	0xD003      	BRA         L_end_I2C1_Wr
;__Lib_I2C_b10.c,177 :: 		
L_I2C1_Wr34:
;__Lib_I2C_b10.c,179 :: 		
0x0686	0x84C5      	BSF         SSPCON2, 2 
;__Lib_I2C_b10.c,180 :: 		
0x0688	0x0E02      	MOVLW       2
0x068A	0x6E00      	MOVWF       R0 
;__Lib_I2C_b10.c,182 :: 		
L_end_I2C1_Wr:
0x068C	0x0012      	RETURN      0
; end of _I2C1_Wr
_PWM1_Start:
;__Lib_PWM_c21.c,53 :: 		
;__Lib_PWM_c21.c,54 :: 		
0x068E	0x9494      	BCF         TRISC2_bit, BitPos(TRISC2_bit+0) 
;__Lib_PWM_c21.c,55 :: 		
0x0690	0x84CA      	BSF         T2CON, 2 
;__Lib_PWM_c21.c,56 :: 		
0x0692	0x0E0C      	MOVLW       12
0x0694	0x12BD      	IORWF       CCP1CON, 1 
;__Lib_PWM_c21.c,57 :: 		
L_end_PWM1_Start:
0x0696	0x0012      	RETURN      0
; end of _PWM1_Start
_PWM1_Init:
;__Lib_PWM_c21.c,35 :: 		
;__Lib_PWM_c21.c,36 :: 		
;__Lib_PWM_c21.c,37 :: 		
0x0698	0x6ABE      	CLRF        CCPR1L 
;__Lib_PWM_c21.c,38 :: 		
0x069A	0x98BD      	BCF         CCP1CON, 4 
;__Lib_PWM_c21.c,39 :: 		
0x069C	0x9ABD      	BCF         CCP1CON, 5 
;__Lib_PWM_c21.c,40 :: 		
L_end_PWM1_Init:
0x069E	0x0012      	RETURN      0
; end of _PWM1_Init
_ADC_Init:
;__Lib_ADC_A_D.c,13 :: 		
;__Lib_ADC_A_D.c,14 :: 		
0x06A0	0x0EFF      	MOVLW       _ADC_Get_Sample
0x06A2	0x6E38      	MOVWF       _ADC_Get_Sample_Ptr 
0x06A4	0x0EFF      	MOVLW       hi_addr(_ADC_Get_Sample)
0x06A6	0x6E39      	MOVWF       _ADC_Get_Sample_Ptr+1 
0x06A8	0x0EFF      	MOVLW       FARG_ADC_Get_Sample_channel
0x06AA	0x6E3A      	MOVWF       _ADC_Get_Sample_Ptr+2 
0x06AC	0x0EFF      	MOVLW       hi_addr(FARG_ADC_Get_Sample_channel)
0x06AE	0x6E3B      	MOVWF       _ADC_Get_Sample_Ptr+3 
;__Lib_ADC_A_D.c,16 :: 		
0x06B0	0x6AC2      	CLRF        ADCON0 
;__Lib_ADC_A_D.c,17 :: 		
0x06B2	0x1C1A      	COMF        _vref_mask, 0 
0x06B4	0x6E00      	MOVWF       R0 
0x06B6	0x5000      	MOVF        R0, 0 
0x06B8	0x16C1      	ANDWF       ADCON1, 1 
;__Lib_ADC_A_D.c,18 :: 		
0x06BA	0x0E07      	MOVLW       7
0x06BC	0x12C0      	IORWF       ADCON2, 1 
;__Lib_ADC_A_D.c,19 :: 		
0x06BE	0x8EC0      	BSF         ADCON2, 7 
;__Lib_ADC_A_D.c,20 :: 		
0x06C0	0x80C2      	BSF         ADCON0, 0 
;__Lib_ADC_A_D.c,21 :: 		
L_end_ADC_Init:
0x06C2	0x0012      	RETURN      0
; end of _ADC_Init
_word2double:
;__Lib_MathDouble.c,2335 :: 		
;__Lib_MathDouble.c,2344 :: 		
0x06C4	0x5000      	MOVF        R0, 0, 0
;__Lib_MathDouble.c,2345 :: 		
0x06C6	0x6E08      	MOVWF       R8, 0
;__Lib_MathDouble.c,2346 :: 		
0x06C8	0x5001      	MOVF        R1, 0, 0
;__Lib_MathDouble.c,2347 :: 		
0x06CA	0x6E00      	MOVWF       R0, 0
;__Lib_MathDouble.c,2348 :: 		
0x06CC	0x6A01      	CLRF        R1, 0
;__Lib_MathDouble.c,2349 :: 		
0x06CE	0x6A02      	CLRF        R2, 0
;__Lib_MathDouble.c,2350 :: 		
0x06D0	0x6A03      	CLRF        R3, 0
;__Lib_MathDouble.c,2353 :: 		
0x06D2	0x6A0B      	CLRF        R11, 0
;__Lib_MathDouble.c,2354 :: 		
0x06D4	0x6A0C      	CLRF        R12, 0
;__Lib_MathDouble.c,2356 :: 		
0x06D6	0x0E96      	MOVLW       150
;__Lib_MathDouble.c,2357 :: 		
0x06D8	0x6E03      	MOVWF       R3, 0
;__Lib_MathDouble.c,2358 :: 		
0x06DA	0x6A0A      	CLRF        R10, 0
;__Lib_MathDouble.c,2360 :: 		
0x06DC	0xF001C000  	MOVFF       R0, R1
;__Lib_MathDouble.c,2361 :: 		
0x06E0	0xF000C008  	MOVFF       R8, R0
;__Lib_MathDouble.c,2362 :: 		
0x06E4	0x6A08      	CLRF        R8, 0
;__Lib_MathDouble.c,2363 :: 		
0x06E6	0x6A02      	CLRF        R2, 0
;__Lib_MathDouble.c,2365 :: 		
0x06E8	0xDD3D      	RCALL       _NRM3232
;__Lib_MathDouble.c,2366 :: 		
L_end_word2double:
0x06EA	0x0012      	RETURN      0
; end of _word2double
_ADC_Read:
;__Lib_ADC_A_D.c,51 :: 		
;__Lib_ADC_A_D.c,54 :: 		
0x06EC	0x6AC2      	CLRF        ADCON0 
;__Lib_ADC_A_D.c,55 :: 		
0x06EE	0x1C1A      	COMF        _vref_mask, 0 
0x06F0	0x6E00      	MOVWF       R0 
0x06F2	0x5000      	MOVF        R0, 0 
0x06F4	0x16C1      	ANDWF       ADCON1, 1 
;__Lib_ADC_A_D.c,56 :: 		
0x06F6	0x0E07      	MOVLW       7
0x06F8	0x12C0      	IORWF       ADCON2, 1 
;__Lib_ADC_A_D.c,57 :: 		
0x06FA	0x8EC0      	BSF         ADCON2, 7 
;__Lib_ADC_A_D.c,58 :: 		
0x06FC	0xF000C056  	MOVFF       FARG_ADC_Read_channel, R0
0x0700	0x3600      	RLCF        R0, 1 
0x0702	0x9000      	BCF         R0, 0 
0x0704	0x3600      	RLCF        R0, 1 
0x0706	0x9000      	BCF         R0, 0 
0x0708	0x5000      	MOVF        R0, 0 
0x070A	0x12C2      	IORWF       ADCON0, 1 
;__Lib_ADC_A_D.c,59 :: 		
0x070C	0x80C2      	BSF         ADCON0, 0 
;__Lib_ADC_A_D.c,60 :: 		
0x070E	0xDDEE      	RCALL       _Delay_22us
;__Lib_ADC_A_D.c,61 :: 		
0x0710	0x82C2      	BSF         ADCON0, 1 
;__Lib_ADC_A_D.c,62 :: 		
L_ADC_Read2:
0x0712	0xA2C2      	BTFSS       ADCON0, 1 
0x0714	0xD001      	BRA         L_ADC_Read3
;__Lib_ADC_A_D.c,63 :: 		
0x0716	0xD7FD      	BRA         L_ADC_Read2
L_ADC_Read3:
;__Lib_ADC_A_D.c,64 :: 		
0x0718	0xF001CFC4  	MOVFF       ADRESH, R1
0x071C	0x6A00      	CLRF        R0 
;__Lib_ADC_A_D.c,65 :: 		
0x071E	0x50C3      	MOVF        ADRESL, 0 
0x0720	0x1200      	IORWF       R0, 1 
0x0722	0x0E00      	MOVLW       0
0x0724	0x1201      	IORWF       R1, 1 
;__Lib_ADC_A_D.c,66 :: 		
0x0726	0x90C2      	BCF         ADCON0, 0 
;__Lib_ADC_A_D.c,68 :: 		
;__Lib_ADC_A_D.c,69 :: 		
L_end_ADC_Read:
0x0728	0x0012      	RETURN      0
; end of _ADC_Read
_double2word:
;__Lib_MathDouble.c,2023 :: 		
;__Lib_MathDouble.c,2032 :: 		
0x072A	0x6A0B      	CLRF        R11, 0
;__Lib_MathDouble.c,2033 :: 		
0x072C	0x6A0C      	CLRF        R12, 0
;__Lib_MathDouble.c,2034 :: 		
0x072E	0x6A0A      	CLRF        R10, 0
;__Lib_MathDouble.c,2036 :: 		
0x0730	0x5003      	MOVF        R3, 0, 0
;__Lib_MathDouble.c,2037 :: 		
0x0732	0xB4D8      	BTFSC       STATUS, 2, 0
;__Lib_MathDouble.c,2038 :: 		
0x0734	0xF003EFDF  	GOTO        IRES016U
;__Lib_MathDouble.c,2040 :: 		
0x0738	0x8E02      	BSF         R2, 7, 0
;__Lib_MathDouble.c,2042 :: 		
0x073A	0x0E8E      	MOVLW       142
;__Lib_MathDouble.c,2043 :: 		
0x073C	0x5E03      	SUBWF       R3, 1, 0
;__Lib_MathDouble.c,2044 :: 		
0x073E	0xBE03      	BTFSC       R3, 7, 0
;__Lib_MathDouble.c,2045 :: 		
0x0740	0xF003EFA7  	GOTO        SETEXP16U
;__Lib_MathDouble.c,2046 :: 		
0x0744	0xB4D8      	BTFSC       STATUS, 2, 0
;__Lib_MathDouble.c,2047 :: 		
0x0746	0xF003EFA7  	GOTO        SETEXP16U
;__Lib_MathDouble.c,2048 :: 		
0x074A	0xF003EFE3  	GOTO        SETIOV16U
;__Lib_MathDouble.c,2049 :: 		
SETEXP16U:
;__Lib_MathDouble.c,2050 :: 		
0x074E	0x6C03      	NEGF        R3, 0
;__Lib_MathDouble.c,2052 :: 		
0x0750	0x0E08      	MOVLW       8
;__Lib_MathDouble.c,2053 :: 		
0x0752	0x5C03      	SUBWF       R3, 0, 0
;__Lib_MathDouble.c,2054 :: 		
0x0754	0xA0D8      	BTFSS       STATUS, 0, 0
;__Lib_MathDouble.c,2055 :: 		
0x0756	0xF003EFBE  	GOTO        TSHIFT3216U
;__Lib_MathDouble.c,2056 :: 		
0x075A	0x6E03      	MOVWF       R3, 0
;__Lib_MathDouble.c,2057 :: 		
0x075C	0x3601      	RLCF        R1, 1, 0
;__Lib_MathDouble.c,2058 :: 		
0x075E	0xF001C002  	MOVFF       R2, R1
;__Lib_MathDouble.c,2059 :: 		
0x0762	0x6A02      	CLRF        R2, 0
;__Lib_MathDouble.c,2061 :: 		
0x0764	0x0E08      	MOVLW       8
;__Lib_MathDouble.c,2062 :: 		
0x0766	0x5C03      	SUBWF       R3, 0, 0
;__Lib_MathDouble.c,2063 :: 		
0x0768	0xA0D8      	BTFSS       STATUS, 0, 0
;__Lib_MathDouble.c,2064 :: 		
0x076A	0xF003EFBE  	GOTO        TSHIFT3216U
;__Lib_MathDouble.c,2065 :: 		
0x076E	0x3601      	RLCF        R1, 1, 0
;__Lib_MathDouble.c,2066 :: 		
0x0770	0x6A01      	CLRF        R1, 0
;__Lib_MathDouble.c,2068 :: 		
0x0772	0x5003      	MOVF        R3, 0, 0
;__Lib_MathDouble.c,2069 :: 		
0x0774	0xA4D8      	BTFSS       STATUS, 2, 0
;__Lib_MathDouble.c,2070 :: 		
0x0776	0x90D8      	BCF         STATUS, 0, 0
;__Lib_MathDouble.c,2071 :: 		
0x0778	0xF003EFC8  	GOTO        SHIFT3216UOK
;__Lib_MathDouble.c,2072 :: 		
TSHIFT3216U:
;__Lib_MathDouble.c,2073 :: 		
0x077C	0x5003      	MOVF        R3, 0, 0
;__Lib_MathDouble.c,2074 :: 		
0x077E	0xB4D8      	BTFSC       STATUS, 2, 0
;__Lib_MathDouble.c,2075 :: 		
0x0780	0xF003EFC8  	GOTO        SHIFT3216UOK
;__Lib_MathDouble.c,2076 :: 		
SHIFT3216U:
;__Lib_MathDouble.c,2077 :: 		
0x0784	0x90D8      	BCF         STATUS, 0, 0
;__Lib_MathDouble.c,2078 :: 		
0x0786	0x3202      	RRCF        R2, 1, 0
;__Lib_MathDouble.c,2079 :: 		
0x0788	0x3201      	RRCF        R1, 1, 0
;__Lib_MathDouble.c,2080 :: 		
0x078A	0x2E03      	DECFSZ      R3, 1, 0
;__Lib_MathDouble.c,2081 :: 		
0x078C	0xF003EFC2  	GOTO        SHIFT3216U
;__Lib_MathDouble.c,2082 :: 		
SHIFT3216UOK:
;__Lib_MathDouble.c,2083 :: 		
0x0790	0xBC0B      	BTFSC       R11, 6, 0
;__Lib_MathDouble.c,2084 :: 		
0x0792	0xA001      	BTFSS       R1, 0, 0
;__Lib_MathDouble.c,2085 :: 		
0x0794	0xF003EFD5  	GOTO        INT3216UOK
;__Lib_MathDouble.c,2086 :: 		
0x0798	0xA0D8      	BTFSS       STATUS, 0, 0
;__Lib_MathDouble.c,2087 :: 		
0x079A	0xF003EFD5  	GOTO        INT3216UOK
;__Lib_MathDouble.c,2088 :: 		
0x079E	0x2A01      	INCF        R1, 1, 0
;__Lib_MathDouble.c,2089 :: 		
0x07A0	0xB4D8      	BTFSC       STATUS, 2, 0
;__Lib_MathDouble.c,2090 :: 		
0x07A2	0x2A02      	INCF        R2, 1, 0
;__Lib_MathDouble.c,2091 :: 		
0x07A4	0xBE02      	BTFSC       R2, 7, 0
;__Lib_MathDouble.c,2092 :: 		
0x07A6	0xF003EFF2  	GOTO        JPKSETIOV3224
;__Lib_MathDouble.c,2093 :: 		
INT3216UOK:
;__Lib_MathDouble.c,2094 :: 		
0x07AA	0xAE0A      	BTFSS       R10, 7, 0
;__Lib_MathDouble.c,2095 :: 		
0x07AC	0xF003EFF7  	GOTO        INT3216UEOK
;__Lib_MathDouble.c,2097 :: 		
0x07B0	0x1E02      	COMF        R2, 1, 0
;__Lib_MathDouble.c,2098 :: 		
0x07B2	0x1E01      	COMF        R1, 1, 0
;__Lib_MathDouble.c,2099 :: 		
0x07B4	0x2A01      	INCF        R1, 1, 0
;__Lib_MathDouble.c,2100 :: 		
0x07B6	0xB4D8      	BTFSC       STATUS, 2, 0
;__Lib_MathDouble.c,2101 :: 		
0x07B8	0x2A02      	INCF        R2, 1, 0
;__Lib_MathDouble.c,2102 :: 		
0x07BA	0xF003EFF7  	GOTO        INT3216UEOK
;__Lib_MathDouble.c,2104 :: 		
IRES016U:
;__Lib_MathDouble.c,2105 :: 		
0x07BE	0x6A02      	CLRF        R2, 0
;__Lib_MathDouble.c,2106 :: 		
0x07C0	0x6A01      	CLRF        R1, 0
;__Lib_MathDouble.c,2107 :: 		
0x07C2	0xF003EFF7  	GOTO        INT3216UEOK
;__Lib_MathDouble.c,2108 :: 		
SETIOV16U:
;__Lib_MathDouble.c,2109 :: 		
0x07C6	0x800B      	BSF         R11, 0, 0
;__Lib_MathDouble.c,2110 :: 		
0x07C8	0xAE0B      	BTFSS       R11, 7, 0
;__Lib_MathDouble.c,2111 :: 		
0x07CA	0xF003EFFB  	GOTO        INT3216UEER
;__Lib_MathDouble.c,2113 :: 		
0x07CE	0x6A02      	CLRF        R2, 0
;__Lib_MathDouble.c,2114 :: 		
0x07D0	0xAE0A      	BTFSS       R10, 7, 0
;__Lib_MathDouble.c,2115 :: 		
0x07D2	0xF003EFFB  	GOTO        INT3216UEER
;__Lib_MathDouble.c,2116 :: 		
0x07D6	0x0EFF      	MOVLW       255
;__Lib_MathDouble.c,2117 :: 		
0x07D8	0x6E02      	MOVWF       R2, 0
;__Lib_MathDouble.c,2118 :: 		
0x07DA	0x6E01      	MOVWF       R1, 0
;__Lib_MathDouble.c,2119 :: 		
0x07DC	0x360A      	RLCF        R10, 1, 0
;__Lib_MathDouble.c,2120 :: 		
0x07DE	0x3202      	RRCF        R2, 1, 0
;__Lib_MathDouble.c,2121 :: 		
0x07E0	0xF003EFFB  	GOTO        INT3216UEER
;__Lib_MathDouble.c,2123 :: 		
JPKSETIOV3224:
;__Lib_MathDouble.c,2124 :: 		
0x07E4	0x0E01      	MOVLW       1
;__Lib_MathDouble.c,2125 :: 		
0x07E6	0x6E0C      	MOVWF       R12, 0
;__Lib_MathDouble.c,2127 :: 		
0x07E8	0xDD02      	RCALL       _SETIOV3224
;__Lib_MathDouble.c,2129 :: 		
0x07EA	0xF003EFFD  	GOTO        INT3216UEEE
;__Lib_MathDouble.c,2130 :: 		
INT3216UEOK:
;__Lib_MathDouble.c,2131 :: 		
0x07EE	0x0E00      	MOVLW       0
;__Lib_MathDouble.c,2132 :: 		
0x07F0	0x6E0C      	MOVWF       R12, 0
;__Lib_MathDouble.c,2133 :: 		
0x07F2	0xF003EFFD  	GOTO        INT3216UEEE
;__Lib_MathDouble.c,2134 :: 		
INT3216UEER:
;__Lib_MathDouble.c,2135 :: 		
0x07F6	0x0EFF      	MOVLW       255
;__Lib_MathDouble.c,2136 :: 		
0x07F8	0x6E0C      	MOVWF       R12, 0
;__Lib_MathDouble.c,2137 :: 		
INT3216UEEE:
;__Lib_MathDouble.c,2138 :: 		
0x07FA	0x5001      	MOVF        R1, 0, 0
;__Lib_MathDouble.c,2139 :: 		
0x07FC	0x6E00      	MOVWF       R0, 0
;__Lib_MathDouble.c,2140 :: 		
0x07FE	0x5002      	MOVF        R2, 0, 0
;__Lib_MathDouble.c,2141 :: 		
0x0800	0x6E01      	MOVWF       R1, 0
;__Lib_MathDouble.c,2146 :: 		
L_end_double2word:
0x0802	0x0012      	RETURN      0
; end of _double2word
_I2C1_Stop:
;__Lib_I2C_b10.c,185 :: 		
;__Lib_I2C_b10.c,186 :: 		
0x0804	0x84C5      	BSF         SSPCON2, 2 
;__Lib_I2C_b10.c,187 :: 		
L_end_I2C1_Stop:
0x0806	0x0012      	RETURN      0
; end of _I2C1_Stop
___CC2DW:
;__Lib_System.c,21 :: 		
;__Lib_System.c,23 :: 		
_CC2DL_Loop1:
;__Lib_System.c,24 :: 		
0x0808	0x0009      	TBLRD*+
;__Lib_System.c,25 :: 		
0x080A	0xFFE6CFF5  	MOVFF       TABLAT, POSTINC1
;__Lib_System.c,26 :: 		
0x080E	0x0600      	DECF        R0, 1, 0
;__Lib_System.c,27 :: 		
0x0810	0xE1FB      	BNZ         _CC2DL_Loop1
;__Lib_System.c,28 :: 		
0x0812	0x0601      	DECF        R1, 1, 0
;__Lib_System.c,29 :: 		
0x0814	0xE1F9      	BNZ         _CC2DL_Loop1
;__Lib_System.c,31 :: 		
L_end___CC2DW:
0x0816	0x0012      	RETURN      0
; end of ___CC2DW
_IntToStr:
;__Lib_Conversions.c,195 :: 		
;__Lib_Conversions.c,201 :: 		
0x0818	0x6A5C      	CLRF        IntToStr_negative_L0 
0x081A	0x6A5D      	CLRF        IntToStr_negative_L0+1 
;__Lib_Conversions.c,202 :: 		
0x081C	0xF05EC056  	MOVFF       FARG_IntToStr_input, IntToStr_inword_L0
0x0820	0xF05FC057  	MOVFF       FARG_IntToStr_input+1, IntToStr_inword_L0+1
;__Lib_Conversions.c,203 :: 		
0x0824	0x0E80      	MOVLW       128
0x0826	0x1857      	XORWF       FARG_IntToStr_input+1, 0 
0x0828	0x6E00      	MOVWF       R0 
0x082A	0x0E80      	MOVLW       128
0x082C	0x5C00      	SUBWF       R0, 0 
0x082E	0xE102      	BNZ         L__IntToStr387
0x0830	0x0E00      	MOVLW       0
0x0832	0x5C56      	SUBWF       FARG_IntToStr_input, 0 
L__IntToStr387:
0x0834	0xE20B      	BC          L_IntToStr37
;__Lib_Conversions.c,204 :: 		
0x0836	0x0E01      	MOVLW       1
0x0838	0x6E5C      	MOVWF       IntToStr_negative_L0 
0x083A	0x0E00      	MOVLW       0
0x083C	0x6E5D      	MOVWF       IntToStr_negative_L0+1 
;__Lib_Conversions.c,205 :: 		
0x083E	0x5056      	MOVF        FARG_IntToStr_input, 0 
0x0840	0x0800      	SUBLW       0
0x0842	0x6E5E      	MOVWF       IntToStr_inword_L0 
0x0844	0xF05FC057  	MOVFF       FARG_IntToStr_input+1, IntToStr_inword_L0+1
0x0848	0x0E00      	MOVLW       0
0x084A	0x565F      	SUBFWB      IntToStr_inword_L0+1, 1 
;__Lib_Conversions.c,206 :: 		
L_IntToStr37:
;__Lib_Conversions.c,207 :: 		
0x084C	0xF061C05E  	MOVFF       IntToStr_inword_L0, FARG_WordToStr_input
0x0850	0xF062C05F  	MOVFF       IntToStr_inword_L0+1, FARG_WordToStr_input+1
0x0854	0xF063C058  	MOVFF       FARG_IntToStr_output, FARG_WordToStr_output
0x0858	0xF064C059  	MOVFF       FARG_IntToStr_output+1, FARG_WordToStr_output+1
0x085C	0xDCFE      	RCALL       _WordToStr
;__Lib_Conversions.c,209 :: 		
0x085E	0x0E06      	MOVLW       6
0x0860	0x6E5A      	MOVWF       IntToStr_i_L0 
0x0862	0x0E00      	MOVLW       0
0x0864	0x6E5B      	MOVWF       IntToStr_i_L0+1 
;__Lib_Conversions.c,210 :: 		
L_IntToStr38:
0x0866	0x0E00      	MOVLW       0
0x0868	0x6E00      	MOVWF       R0 
0x086A	0x505B      	MOVF        IntToStr_i_L0+1, 0 
0x086C	0x5C00      	SUBWF       R0, 0 
0x086E	0xE102      	BNZ         L__IntToStr388
0x0870	0x505A      	MOVF        IntToStr_i_L0, 0 
0x0872	0x0800      	SUBLW       0
L__IntToStr388:
0x0874	0xE219      	BC          L_IntToStr39
;__Lib_Conversions.c,211 :: 		
0x0876	0x505A      	MOVF        IntToStr_i_L0, 0 
0x0878	0x2458      	ADDWF       FARG_IntToStr_output, 0 
0x087A	0x6EE1      	MOVWF       FSR1L 
0x087C	0x505B      	MOVF        IntToStr_i_L0+1, 0 
0x087E	0x2059      	ADDWFC      FARG_IntToStr_output+1, 0 
0x0880	0x6EE2      	MOVWF       FSR1L+1 
0x0882	0x0E01      	MOVLW       1
0x0884	0x5C5A      	SUBWF       IntToStr_i_L0, 0 
0x0886	0x6E00      	MOVWF       R0 
0x0888	0x0E00      	MOVLW       0
0x088A	0x585B      	SUBWFB      IntToStr_i_L0+1, 0 
0x088C	0x6E01      	MOVWF       R1 
0x088E	0x5000      	MOVF        R0, 0 
0x0890	0x2458      	ADDWF       FARG_IntToStr_output, 0 
0x0892	0x6EE9      	MOVWF       FSR0L 
0x0894	0x5001      	MOVF        R1, 0 
0x0896	0x2059      	ADDWFC      FARG_IntToStr_output+1, 0 
0x0898	0x6EEA      	MOVWF       FSR0L+1 
0x089A	0xFFE6CFEE  	MOVFF       POSTINC0, POSTINC1
;__Lib_Conversions.c,212 :: 		
0x089E	0x0E01      	MOVLW       1
0x08A0	0x5E5A      	SUBWF       IntToStr_i_L0, 1 
0x08A2	0x0E00      	MOVLW       0
0x08A4	0x5A5B      	SUBWFB      IntToStr_i_L0+1, 1 
;__Lib_Conversions.c,213 :: 		
0x08A6	0xD7DF      	BRA         L_IntToStr38
L_IntToStr39:
;__Lib_Conversions.c,214 :: 		
0x08A8	0xFFE1C058  	MOVFF       FARG_IntToStr_output, FSR1L
0x08AC	0xFFE2C059  	MOVFF       FARG_IntToStr_output+1, FSR1H
0x08B0	0x0E20      	MOVLW       32
0x08B2	0x6EE6      	MOVWF       POSTINC1 
;__Lib_Conversions.c,215 :: 		
0x08B4	0x505C      	MOVF        IntToStr_negative_L0, 0 
0x08B6	0x105D      	IORWF       IntToStr_negative_L0+1, 0 
0x08B8	0xE01A      	BZ          L_IntToStr40
;__Lib_Conversions.c,216 :: 		
0x08BA	0x6A5A      	CLRF        IntToStr_i_L0 
0x08BC	0x6A5B      	CLRF        IntToStr_i_L0+1 
;__Lib_Conversions.c,217 :: 		
L_IntToStr41:
0x08BE	0x505A      	MOVF        IntToStr_i_L0, 0 
0x08C0	0x2458      	ADDWF       FARG_IntToStr_output, 0 
0x08C2	0x6EE9      	MOVWF       FSR0L 
0x08C4	0x505B      	MOVF        IntToStr_i_L0+1, 0 
0x08C6	0x2059      	ADDWFC      FARG_IntToStr_output+1, 0 
0x08C8	0x6EEA      	MOVWF       FSR0L+1 
0x08CA	0x50EE      	MOVF        POSTINC0, 0 
0x08CC	0x0A20      	XORLW       32
0x08CE	0xE103      	BNZ         L_IntToStr42
0x08D0	0x4A5A      	INFSNZ      IntToStr_i_L0, 1 
0x08D2	0x2A5B      	INCF        IntToStr_i_L0+1, 1 
0x08D4	0xD7F4      	BRA         L_IntToStr41
L_IntToStr42:
;__Lib_Conversions.c,218 :: 		
0x08D6	0x0E01      	MOVLW       1
0x08D8	0x5E5A      	SUBWF       IntToStr_i_L0, 1 
0x08DA	0x0E00      	MOVLW       0
0x08DC	0x5A5B      	SUBWFB      IntToStr_i_L0+1, 1 
;__Lib_Conversions.c,219 :: 		
0x08DE	0x505A      	MOVF        IntToStr_i_L0, 0 
0x08E0	0x2458      	ADDWF       FARG_IntToStr_output, 0 
0x08E2	0x6EE1      	MOVWF       FSR1L 
0x08E4	0x505B      	MOVF        IntToStr_i_L0+1, 0 
0x08E6	0x2059      	ADDWFC      FARG_IntToStr_output+1, 0 
0x08E8	0x6EE2      	MOVWF       FSR1L+1 
0x08EA	0x0E2D      	MOVLW       45
0x08EC	0x6EE6      	MOVWF       POSTINC1 
L_IntToStr40:
;__Lib_Conversions.c,220 :: 		
L_end_IntToStr:
0x08EE	0x0012      	RETURN      0
; end of _IntToStr
_main:
0x08F0	0xF004EC9F  	CALL        2366, 0
;tentativa2.c,13 :: 		void main() {
;tentativa2.c,15 :: 		TRISA = 0x01;
0x08F4	0x0E01      	MOVLW       1
0x08F6	0x6E92      	MOVWF       TRISA 
;tentativa2.c,16 :: 		TRISB = 0x00;
0x08F8	0x6A93      	CLRF        TRISB 
;tentativa2.c,17 :: 		TRISC = 0x00;
0x08FA	0x6A94      	CLRF        TRISC 
;tentativa2.c,18 :: 		TRISD = 0x00;
0x08FC	0x6A95      	CLRF        TRISD 
;tentativa2.c,19 :: 		RBPU_bit = 0;
0x08FE	0x9EF1      	BCF         RBPU_bit, BitPos(RBPU_bit+0) 
;tentativa2.c,22 :: 		ADC_Init();
0x0900	0xDECF      	RCALL       _ADC_Init
;tentativa2.c,23 :: 		PWM1_Init(2500);
0x0902	0x80CA      	BSF         T2CON, 0, 0
0x0904	0x92CA      	BCF         T2CON, 1, 0
0x0906	0x0E63      	MOVLW       99
0x0908	0x6ECB      	MOVWF       PR2, 0
0x090A	0xDEC6      	RCALL       _PWM1_Init
;tentativa2.c,24 :: 		PWM1_Start();
0x090C	0xDEC0      	RCALL       _PWM1_Start
;tentativa2.c,27 :: 		IPEN_bit = 0;  // Sem prioridades
0x090E	0x9ED0      	BCF         IPEN_bit, BitPos(IPEN_bit+0) 
;tentativa2.c,28 :: 		RBPU_bit = 0;  // Pull-ups de RB ligados
0x0910	0x9EF1      	BCF         RBPU_bit, BitPos(RBPU_bit+0) 
;tentativa2.c,29 :: 		GIE_bit = 1;   // Chave geral das interrupes ligada
0x0912	0x8EF2      	BSF         GIE_bit, BitPos(GIE_bit+0) 
;tentativa2.c,30 :: 		PEIE_bit = 1;  // Chave das interrupes de perifricos ligada
0x0914	0x8CF2      	BSF         PEIE_bit, BitPos(PEIE_bit+0) 
;tentativa2.c,31 :: 		TMR1IE_bit = 1;// Interrupo de Timer1 ligada
0x0916	0x809D      	BSF         TMR1IE_bit, BitPos(TMR1IE_bit+0) 
;tentativa2.c,33 :: 		I2C1_Init(100000);         // initialize I2C communication
0x0918	0x0E0A      	MOVLW       10
0x091A	0x6EC8      	MOVWF       SSPADD 
0x091C	0xDDDC      	RCALL       _I2C1_Init
;tentativa2.c,34 :: 		I2C1_Start();              // issue I2C start signal
0x091E	0xDE16      	RCALL       _I2C1_Start
;tentativa2.c,35 :: 		I2C1_Wr(0x02);             // send byte via I2C  (device address + W)
0x0920	0x0E02      	MOVLW       2
0x0922	0x6E50      	MOVWF       FARG_I2C1_Wr_data_ 
0x0924	0xDE57      	RCALL       _I2C1_Wr
;tentativa2.c,36 :: 		I2C1_Wr(2);                // send byte (address of EEPROM location)
0x0926	0x0E02      	MOVLW       2
0x0928	0x6E50      	MOVWF       FARG_I2C1_Wr_data_ 
0x092A	0xDE54      	RCALL       _I2C1_Wr
;tentativa2.c,37 :: 		I2C1_Wr(0x0A);             // send data (data to be written)
0x092C	0x0E0A      	MOVLW       10
0x092E	0x6E50      	MOVWF       FARG_I2C1_Wr_data_ 
0x0930	0xDE51      	RCALL       _I2C1_Wr
;tentativa2.c,38 :: 		I2C1_Stop();               // issue I2C stop signal
0x0932	0xDF68      	RCALL       _I2C1_Stop
;tentativa2.c,50 :: 		TMR1IF_bit = 1;
0x0934	0x809E      	BSF         TMR1IF_bit, BitPos(TMR1IF_bit+0) 
;tentativa2.c,51 :: 		}
L_end_main:
0x0936	0xD7FF      	BRA         $+0
; end of _main
0x093E	0xF01AEE10  	LFSR        1, 26
0x0942	0x0E05      	MOVLW       5
0x0944	0x6E00      	MOVWF       R0 
0x0946	0x0E01      	MOVLW       1
0x0948	0x6E01      	MOVWF       R1 
0x094A	0x0E38      	MOVLW       56
0x094C	0x6EF6      	MOVWF       TBLPTR 
0x094E	0x0E09      	MOVLW       9
0x0950	0x6EF7      	MOVWF       TBLPTRH 
0x0952	0x0E00      	MOVLW       0
0x0954	0x6EF8      	MOVWF       TBLPTRU 
0x0956	0xF004EC04  	CALL        2056, 0
0x095A	0x0012      	RETURN      0
;__Lib_ADC_A_D.c,0 :: ?ICS_vref_mask
0x0938	0x30 ;?ICS_vref_mask+0
; end of ?ICS_vref_mask
;__Lib_I2C_b10.c,0 :: ?ICS__Lib_I2C_b10__I2C1_TIMEOUT
0x0939	0x0000 ;?ICS__Lib_I2C_b10__I2C1_TIMEOUT+0
0x093B	0x0000 ;?ICS__Lib_I2C_b10__I2C1_TIMEOUT+2
; end of ?ICS__Lib_I2C_b10__I2C1_TIMEOUT
Symbol List:
//** Routines locations **
//ADDRESS    SIZE    PROCEDURE
//----------------------------------------------
0x0008     [188]    _interrupt
0x00C4      [54]    _Div_16X16_U
0x00FA      [26]    _SETFUN32
0x0114       [8]    _FIXSIGN32
0x011C      [14]    _RES032
0x012A      [26]    _I2C1_Is_Idle
0x0144      [24]    _____DoIFC
0x015C       [8]    _SETFDZ32
0x0164     [114]    _NRM3232
0x01D6      [24]    _SETFOV32
0x01EE      [28]    _SETIOV3224
0x020A      [80]    _Mul_16X16_U
0x025A     [146]    _WordToStr
0x02EC      [10]    _Delay_22us
0x02F6     [372]    _Div_32x32_FP
0x046A     [108]    _PWM1_Set_Duty
0x04D6     [118]    _I2C1_Init
0x054C     [136]    _I2C1_Start
0x05D4     [186]    _I2C1_Wr
0x068E      [10]    _PWM1_Start
0x0698       [8]    _PWM1_Init
0x06A0      [36]    _ADC_Init
0x06C4      [40]    _word2double
0x06EC      [62]    _ADC_Read
0x072A     [218]    _double2word
0x0804       [4]    _I2C1_Stop
0x0808      [16]    ___CC2DW
0x0818     [216]    _IntToStr
0x08F0      [72]    _main
//** Variables locations ** 
//ADDRESS    SIZE    VARIABLE
//----------------------------------------------
0x0000       [1]    R0
0x0001       [1]    R1
0x0001       [1]    __Lib_Conversions_Adjust_Hex_tmp_L0
0x0002       [1]    R2
0x0002       [2]    memchr_s_L0
0x0002       [2]    memcpy_dd_L0
0x0002       [2]    strlen_cp_L0
0x0002       [2]    memset_pp_L0
0x0003       [2]    Ltrim_original_L0
0x0003       [2]    memmove_tt_L0
0x0003       [1]    R3
0x0004       [2]    strcat_cp_L0
0x0004       [2]    strcpy_cp_L0
0x0004       [2]    memcpy_ss_L0
0x0004       [2]    strncpy_cp_L0
0x0004       [2]    strncat_cp_L0
0x0004       [1]    R4
0x0005       [2]    Ltrim_p_L0
0x0005       [1]    R5
0x0005       [2]    memmove_ff_L0
0x0005       [2]    LongIntToHex_input_half_L0
0x0005       [2]    LongWordToHex_input_half_L0
0x0006       [1]    R6
0x0007       [1]    R7
0x0008       [1]    R8
0x0009       [1]    R9
0x000A       [1]    R10
0x000B       [1]    R11
0x000C       [1]    R12
0x000D       [1]    R13
0x000E       [1]    R14
0x000F       [1]    R15
0x0010       [1]    R16
0x0011       [1]    R17
0x0012       [1]    R18
0x0013       [1]    R19
0x0014       [1]    R20
0x001A       [1]    _vref_mask
0x001B       [4]    __Lib_I2C_b10__I2C1_TIMEOUT
0x001F       [2]    _tempAtual
0x0021       [1]    _contagem
0x0022       [4]    _I2C_Read_Ptr
0x0026       [4]    _I2C_Restart_Ptr
0x002A      [14]    _strTemp
0x0038       [4]    _ADC_Get_Sample_Ptr
0x003C       [4]    _I2C_Start_Ptr
0x0040       [4]    _I2C_Stop_Ptr
0x0044       [4]    _I2C_Is_Idle_Ptr
0x0048       [4]    _I2C1_Timeout_Ptr
0x004C       [4]    _I2C_Write_Ptr
0x0050       [4]    FARG_PWM1_Init_PWM_Freq
0x0050       [4]    FARG_I2C1_Init_clock
0x0050       [1]    FARG_I2C1_Wr_data_
0x0050       [2]    I2C1_Start_j_L0
0x0051       [4]    I2C1_Wr_timeout_L0
0x0052       [4]    I2C1_Start_timeout_L0
0x0056       [1]    FARG_PWM1_Set_Duty_new_duty
0x0056       [2]    FARG_IntToStr_input
0x0056       [1]    FARG_ADC_Read_channel
0x0058       [2]    FARG_IntToStr_output
0x005A       [2]    IntToStr_i_L0
0x005C       [2]    IntToStr_negative_L0
0x005E       [2]    IntToStr_inword_L0
0x0060       [1]    WordToStr_len_L0
0x0061       [2]    FARG_WordToStr_input
0x0063       [2]    FARG_WordToStr_output
0x0065       [2]    FLOC__WordToStr
0x0F8A       [0]    LATB1_bit
0x0F8A       [0]    LATB0_bit
0x0F92       [1]    TRISA
0x0F93       [0]    TRISB0_bit
0x0F93       [0]    TRISB1_bit
0x0F93       [1]    TRISB
0x0F94       [0]    TRISC2_bit
0x0F94       [1]    TRISC
0x0F95       [1]    TRISD
0x0F9D       [0]    TMR1IE_bit
0x0F9E       [0]    TMR1IF_bit
0x0F9E       [1]    PIR1
0x0FBD       [1]    CCP1CON
0x0FBE       [1]    CCPR1L
0x0FC0       [1]    ADCON2
0x0FC1       [1]    ADCON1
0x0FC2       [1]    ADCON0
0x0FC3       [2]    ADRES
0x0FC3       [1]    ADRESL
0x0FC4       [1]    ADRESH
0x0FC5       [1]    SSPCON2
0x0FC6       [1]    SSPCON1
0x0FC7       [1]    SSPSTAT
0x0FC8       [1]    SSPADD
0x0FC9       [1]    SSPBUF
0x0FCA       [1]    T2CON
0x0FCB       [1]    PR2
0x0FCD       [0]    TMR1ON_bit
0x0FCE       [1]    TMR1L
0x0FCF       [1]    TMR1H
0x0FD0       [0]    IPEN_bit
0x0FD8       [1]    STATUS
0x0FD9       [1]    FSR2L
0x0FDA       [1]    FSR2H
0x0FDE       [1]    POSTINC2
0x0FE0       [1]    BSR
0x0FE1       [2]    FSR1
0x0FE1       [1]    FSR1L
0x0FE2       [1]    FSR1H
0x0FE4       [1]    PREINC1
0x0FE6       [1]    POSTINC1
0x0FE7       [1]    INDF1
0x0FE8       [1]    WREG
0x0FE9       [1]    FSR0L
0x0FEA       [1]    FSR0H
0x0FEE       [1]    POSTINC0
0x0FF1       [0]    RBPU_bit
0x0FF2       [0]    GIE_bit
0x0FF2       [0]    PEIE_bit
0x0FF2       [1]    INTCON
0x0FF3       [1]    PRODL
0x0FF4       [1]    PRODH
0x0FF5       [1]    TABLAT
0x0FF6       [3]    TBLPTR
0x0FF6       [1]    TBLPTRL
0x0FF7       [1]    TBLPTRH
0x0FF8       [1]    TBLPTRU
0x0FFD       [1]    TOSL
0x0FFE       [1]    TOSH
0x0FFF       [1]    TOSU
//** Constants locations ** 
//ADDRESS    SIZE    CONSTANT
//----------------------------------------------
0x0938       [1]    ?ICS_vref_mask
0x0939       [4]    ?ICS__Lib_I2C_b10__I2C1_TIMEOUT
