;  LST file generated by mikroListExporter - v.2.0 
; Date/Time: 01/11/2023 21:55:07
;----------------------------------------------

;Address Opcode 	ASM
0x0000	0x2A23      	GOTO       547
_interrupt:
0x0004	0x00FF      	MOVWF      R15
0x0005	0x0E03      	SWAPF      STATUS, 0
0x0006	0x0183      	CLRF       STATUS
0x0007	0x00C5      	MOVWF      ___saveSTATUS
0x0008	0x080A      	MOVF       PCLATH, 0
0x0009	0x00C4      	MOVWF      ___savePCLATH
0x000A	0x018A      	CLRF       PCLATH
0x000B	0x087C      	MOVF       R12, 0
0x000C	0x00A1      	MOVWF      33
0x000D	0x087D      	MOVF       R13, 0
0x000E	0x00A0      	MOVWF      32
0x000F	0x0804      	MOVF       FSR, 0
0x0010	0x00A2      	MOVWF      34
;main.c,46 :: 		void interrupt() {
;main.c,47 :: 		valHi = TMR1H;
0x0011	0x080F      	MOVF       TMR1H, 0
0x0012	0x00BE      	MOVWF      _valHi
0x0013	0x01BF      	CLRF       _valHi+1
;main.c,48 :: 		valLo = TMR1L;
0x0014	0x080E      	MOVF       TMR1L, 0
0x0015	0x00C2      	MOVWF      _valLo
0x0016	0x01C3      	CLRF       _valLo+1
;main.c,50 :: 		if (reps) reps--;        // Se reps != 0, tira 1 dela
0x0017	0x0840      	MOVF       _reps, 0
0x0018	0x0441      	IORWF      _reps+1, 0
0x0019	0x1903      	BTFSC      STATUS, 2
0x001A	0x2820      	GOTO       L_interrupt0
0x001B	0x3001      	MOVLW      1
0x001C	0x02C0      	SUBWF      _reps, 1
0x001D	0x1C03      	BTFSS      STATUS, 0
0x001E	0x03C1      	DECF       _reps+1, 1
0x001F	0x284E      	GOTO       L_interrupt1
L_interrupt0:
;main.c,52 :: 		TMR1ON_bit = 0;        // Para a contagem do Timer1
0x0020	0x1010      	BCF        TMR1ON_bit, BitPos(TMR1ON_bit+0)
;main.c,53 :: 		LED = !LED;            // Altera o LED, para mostrar o tempo da contagem
0x0021	0x3002      	MOVLW      2
0x0022	0x0686      	XORWF      RB1_bit, 1
;main.c,55 :: 		intFreq = valHi*256+valLo;
0x0023	0x083E      	MOVF       _valHi, 0
0x0024	0x00B3      	MOVWF      _intFreq+1
0x0025	0x01B2      	CLRF       _intFreq
0x0026	0x0842      	MOVF       _valLo, 0
0x0027	0x07B2      	ADDWF      _intFreq, 1
0x0028	0x0843      	MOVF       _valLo+1, 0
0x0029	0x1803      	BTFSC      STATUS, 0
0x002A	0x3E01      	ADDLW      1
0x002B	0x07B3      	ADDWF      _intFreq+1, 1
;main.c,57 :: 		Lcd_Out(0,3,"FREQUENCIA:");// Escreve as palavras constantes no LCD
0x002C	0x01C6      	CLRF       FARG_Lcd_Out_row
0x002D	0x3003      	MOVLW      3
0x002E	0x00C7      	MOVWF      FARG_Lcd_Out_column
0x002F	0x3023      	MOVLW      ?lstr1_main
0x0030	0x00C8      	MOVWF      FARG_Lcd_Out_text
0x0031	0x2189      	CALL       _Lcd_Out
;main.c,58 :: 		Lcd_Out(2,10,"Hz");
0x0032	0x3002      	MOVLW      2
0x0033	0x00C6      	MOVWF      FARG_Lcd_Out_row
0x0034	0x300A      	MOVLW      10
0x0035	0x00C7      	MOVWF      FARG_Lcd_Out_column
0x0036	0x302F      	MOVLW      ?lstr2_main
0x0037	0x00C8      	MOVWF      FARG_Lcd_Out_text
0x0038	0x2189      	CALL       _Lcd_Out
;main.c,60 :: 		IntToStr(intFreq,strFreq);  // Transforma o valor do Timer1 em String
0x0039	0x0832      	MOVF       _intFreq, 0
0x003A	0x00C6      	MOVWF      FARG_IntToStr_input
0x003B	0x0833      	MOVF       _intFreq+1, 0
0x003C	0x00C7      	MOVWF      FARG_IntToStr_input+1
0x003D	0x3034      	MOVLW      _strFreq
0x003E	0x00C8      	MOVWF      FARG_IntToStr_output
0x003F	0x211F      	CALL       _IntToStr
;main.c,61 :: 		Lcd_Out(2,3,strFreq);           // Escreve a frequência no display
0x0040	0x3002      	MOVLW      2
0x0041	0x00C6      	MOVWF      FARG_Lcd_Out_row
0x0042	0x3003      	MOVLW      3
0x0043	0x00C7      	MOVWF      FARG_Lcd_Out_column
0x0044	0x3034      	MOVLW      _strFreq
0x0045	0x00C8      	MOVWF      FARG_Lcd_Out_text
0x0046	0x2189      	CALL       _Lcd_Out
;main.c,63 :: 		TMR1H = 0;        // Reinicia o contador do Timer1
0x0047	0x018F      	CLRF       TMR1H
;main.c,64 :: 		TMR1L = 0;
0x0048	0x018E      	CLRF       TMR1L
;main.c,66 :: 		reps = 15;        // Reinicia o número de repetições da interrupção
0x0049	0x300F      	MOVLW      15
0x004A	0x00C0      	MOVWF      _reps
0x004B	0x3000      	MOVLW      0
0x004C	0x00C1      	MOVWF      _reps+1
;main.c,67 :: 		TMR1ON_bit = 1;  // Volta a conatgem do Timer1
0x004D	0x1410      	BSF        TMR1ON_bit, BitPos(TMR1ON_bit+0)
;main.c,68 :: 		}
L_interrupt1:
;main.c,70 :: 		TMR2IF_bit = 0;  // Abaixa a flag da interrupção
0x004E	0x108C      	BCF        TMR2IF_bit, BitPos(TMR2IF_bit+0)
;main.c,71 :: 		TMR2 = 190;     // Carrega o preset do Timer2
0x004F	0x30BE      	MOVLW      190
0x0050	0x0091      	MOVWF      TMR2
;main.c,72 :: 		}
L_end_interrupt:
L__interrupt4:
0x0051	0x0821      	MOVF       33, 0
0x0052	0x00FC      	MOVWF      R12
0x0053	0x0820      	MOVF       32, 0
0x0054	0x00FD      	MOVWF      R13
0x0055	0x0822      	MOVF       34, 0
0x0056	0x0084      	MOVWF      FSR
0x0057	0x0844      	MOVF       ___savePCLATH, 0
0x0058	0x008A      	MOVWF      PCLATH
0x0059	0x0E45      	SWAPF      ___saveSTATUS, 0
0x005A	0x0083      	MOVWF      STATUS
0x005B	0x0EFF      	SWAPF      R15, 1
0x005C	0x0E7F      	SWAPF      R15, 0
0x005D	0x0009      	RETFIE
; end of _interrupt
_Delay_50us:
;__Lib_Delays.c,19 :: 		void Delay_50us() {
;__Lib_Delays.c,20 :: 		Delay_us(50);
0x005E	0x3010      	MOVLW      16
0x005F	0x1283      	BCF        STATUS, 5
0x0060	0x1303      	BCF        STATUS, 6
0x0061	0x00FD      	MOVWF      R13
L_Delay_50us2:
0x0062	0x0BFD      	DECFSZ     R13, 1
0x0063	0x2862      	GOTO       L_Delay_50us2
0x0064	0x0000      	NOP
;__Lib_Delays.c,21 :: 		}
L_end_Delay_50us:
0x0065	0x0008      	RETURN
; end of _Delay_50us
_Delay_1us:
;__Lib_Delays.c,7 :: 		void Delay_1us() {
;__Lib_Delays.c,8 :: 		Delay_us(1);
0x0066	0x0000      	NOP
;__Lib_Delays.c,9 :: 		}
L_end_Delay_1us:
0x0067	0x0008      	RETURN
; end of _Delay_1us
_Delay_5500us:
;__Lib_Delays.c,31 :: 		void Delay_5500us() {
;__Lib_Delays.c,32 :: 		Delay_us(5500);
0x0068	0x3008      	MOVLW      8
0x0069	0x1283      	BCF        STATUS, 5
0x006A	0x1303      	BCF        STATUS, 6
0x006B	0x00FC      	MOVWF      R12
0x006C	0x3023      	MOVLW      35
0x006D	0x00FD      	MOVWF      R13
L_Delay_5500us5:
0x006E	0x0BFD      	DECFSZ     R13, 1
0x006F	0x286E      	GOTO       L_Delay_5500us5
0x0070	0x0BFC      	DECFSZ     R12, 1
0x0071	0x286E      	GOTO       L_Delay_5500us5
;__Lib_Delays.c,33 :: 		}
L_end_Delay_5500us:
0x0072	0x0008      	RETURN
; end of _Delay_5500us
_Div_16X16_U:
;__Lib_Math.c,215 :: 		
;__Lib_Math.c,222 :: 		
0x0073	0x1283      	BCF        STATUS, 5
;__Lib_Math.c,223 :: 		
0x0074	0x1303      	BCF        STATUS, 6
;__Lib_Math.c,224 :: 		
0x0075	0x01F8      	CLRF       R8
;__Lib_Math.c,225 :: 		
0x0076	0x01F9      	CLRF       R9
;__Lib_Math.c,226 :: 		
0x0077	0x3010      	MOVLW      16
;__Lib_Math.c,227 :: 		
0x0078	0x00FC      	MOVWF      R12
;__Lib_Math.c,228 :: 		
0x0079	0x0D71      	RLF        R1, 0
;__Lib_Math.c,229 :: 		
0x007A	0x0DF8      	RLF        R8, 1
;__Lib_Math.c,230 :: 		
0x007B	0x0DF9      	RLF        R9, 1
;__Lib_Math.c,231 :: 		
0x007C	0x0874      	MOVF       R4, 0
;__Lib_Math.c,232 :: 		
0x007D	0x02F8      	SUBWF      R8, 1
;__Lib_Math.c,233 :: 		
0x007E	0x0875      	MOVF       R5, 0
;__Lib_Math.c,234 :: 		
0x007F	0x1C03      	BTFSS      STATUS, 0
;__Lib_Math.c,235 :: 		
0x0080	0x0F75      	INCFSZ     R5, 0
;__Lib_Math.c,236 :: 		
0x0081	0x02F9      	SUBWF      R9, 1
;__Lib_Math.c,237 :: 		
0x0082	0x1803      	BTFSC      STATUS, 0
;__Lib_Math.c,238 :: 		
0x0083	0x288B      	GOTO       $+8
;__Lib_Math.c,239 :: 		
0x0084	0x0874      	MOVF       R4, 0
;__Lib_Math.c,240 :: 		
0x0085	0x07F8      	ADDWF      R8, 1
;__Lib_Math.c,241 :: 		
0x0086	0x0875      	MOVF       R5, 0
;__Lib_Math.c,242 :: 		
0x0087	0x1803      	BTFSC      STATUS, 0
;__Lib_Math.c,243 :: 		
0x0088	0x0F75      	INCFSZ     R5, 0
;__Lib_Math.c,244 :: 		
0x0089	0x07F9      	ADDWF      R9, 1
;__Lib_Math.c,245 :: 		
0x008A	0x1003      	BCF        STATUS, 0
;__Lib_Math.c,246 :: 		
0x008B	0x0DF0      	RLF        R0, 1
;__Lib_Math.c,247 :: 		
0x008C	0x0DF1      	RLF        R1, 1
;__Lib_Math.c,248 :: 		
0x008D	0x0BFC      	DECFSZ     R12, 1
;__Lib_Math.c,249 :: 		
0x008E	0x2879      	GOTO       $-21
;__Lib_Math.c,251 :: 		
L_end_Div_16X16_U:
0x008F	0x0008      	RETURN
; end of _Div_16X16_U
_Lcd_Cmd:
;__Lib_Lcd.c,18 :: 		
;__Lib_Lcd.c,20 :: 		
0x0090	0x1283      	BCF        STATUS, 5
0x0091	0x1303      	BCF        STATUS, 6
0x0092	0x1BD4      	BTFSC      FARG_Lcd_Cmd_out_char, 7
0x0093	0x2896      	GOTO       L__Lcd_Cmd21
0x0094	0x1386      	BCF        LCD_D7, BitPos(LCD_D7+0)
0x0095	0x2897      	GOTO       L__Lcd_Cmd22
L__Lcd_Cmd21:
0x0096	0x1786      	BSF        LCD_D7, BitPos(LCD_D7+0)
L__Lcd_Cmd22:
;__Lib_Lcd.c,21 :: 		
0x0097	0x1B54      	BTFSC      FARG_Lcd_Cmd_out_char, 6
0x0098	0x289B      	GOTO       L__Lcd_Cmd23
0x0099	0x1286      	BCF        LCD_D6, BitPos(LCD_D6+0)
0x009A	0x289C      	GOTO       L__Lcd_Cmd24
L__Lcd_Cmd23:
0x009B	0x1686      	BSF        LCD_D6, BitPos(LCD_D6+0)
L__Lcd_Cmd24:
;__Lib_Lcd.c,22 :: 		
0x009C	0x1AD4      	BTFSC      FARG_Lcd_Cmd_out_char, 5
0x009D	0x28A0      	GOTO       L__Lcd_Cmd25
0x009E	0x1206      	BCF        LCD_D5, BitPos(LCD_D5+0)
0x009F	0x28A1      	GOTO       L__Lcd_Cmd26
L__Lcd_Cmd25:
0x00A0	0x1606      	BSF        LCD_D5, BitPos(LCD_D5+0)
L__Lcd_Cmd26:
;__Lib_Lcd.c,23 :: 		
0x00A1	0x1A54      	BTFSC      FARG_Lcd_Cmd_out_char, 4
0x00A2	0x28A5      	GOTO       L__Lcd_Cmd27
0x00A3	0x1186      	BCF        LCD_D4, BitPos(LCD_D4+0)
0x00A4	0x28A6      	GOTO       L__Lcd_Cmd28
L__Lcd_Cmd27:
0x00A5	0x1586      	BSF        LCD_D4, BitPos(LCD_D4+0)
L__Lcd_Cmd28:
;__Lib_Lcd.c,25 :: 		
0x00A6	0x183B      	BTFSC      __Lib_Lcd_cmd_status, BitPos(__Lib_Lcd_cmd_status+0)
0x00A7	0x28AA      	GOTO       L__Lcd_Cmd29
0x00A8	0x1406      	BSF        LCD_RS, BitPos(LCD_RS+0)
0x00A9	0x28AB      	GOTO       L__Lcd_Cmd30
L__Lcd_Cmd29:
0x00AA	0x1006      	BCF        LCD_RS, BitPos(LCD_RS+0)
L__Lcd_Cmd30:
;__Lib_Lcd.c,28 :: 		
0x00AB	0x1506      	BSF        LCD_EN, BitPos(LCD_EN+0)
;__Lib_Lcd.c,29 :: 		
0x00AC	0x2066      	CALL       _Delay_1us
;__Lib_Lcd.c,30 :: 		
0x00AD	0x1106      	BCF        LCD_EN, BitPos(LCD_EN+0)
;__Lib_Lcd.c,33 :: 		
0x00AE	0x19D4      	BTFSC      FARG_Lcd_Cmd_out_char, 3
0x00AF	0x28B2      	GOTO       L__Lcd_Cmd31
0x00B0	0x1386      	BCF        LCD_D7, BitPos(LCD_D7+0)
0x00B1	0x28B3      	GOTO       L__Lcd_Cmd32
L__Lcd_Cmd31:
0x00B2	0x1786      	BSF        LCD_D7, BitPos(LCD_D7+0)
L__Lcd_Cmd32:
;__Lib_Lcd.c,34 :: 		
0x00B3	0x1954      	BTFSC      FARG_Lcd_Cmd_out_char, 2
0x00B4	0x28B7      	GOTO       L__Lcd_Cmd33
0x00B5	0x1286      	BCF        LCD_D6, BitPos(LCD_D6+0)
0x00B6	0x28B8      	GOTO       L__Lcd_Cmd34
L__Lcd_Cmd33:
0x00B7	0x1686      	BSF        LCD_D6, BitPos(LCD_D6+0)
L__Lcd_Cmd34:
;__Lib_Lcd.c,35 :: 		
0x00B8	0x18D4      	BTFSC      FARG_Lcd_Cmd_out_char, 1
0x00B9	0x28BC      	GOTO       L__Lcd_Cmd35
0x00BA	0x1206      	BCF        LCD_D5, BitPos(LCD_D5+0)
0x00BB	0x28BD      	GOTO       L__Lcd_Cmd36
L__Lcd_Cmd35:
0x00BC	0x1606      	BSF        LCD_D5, BitPos(LCD_D5+0)
L__Lcd_Cmd36:
;__Lib_Lcd.c,36 :: 		
0x00BD	0x1854      	BTFSC      FARG_Lcd_Cmd_out_char, 0
0x00BE	0x28C1      	GOTO       L__Lcd_Cmd37
0x00BF	0x1186      	BCF        LCD_D4, BitPos(LCD_D4+0)
0x00C0	0x28C2      	GOTO       L__Lcd_Cmd38
L__Lcd_Cmd37:
0x00C1	0x1586      	BSF        LCD_D4, BitPos(LCD_D4+0)
L__Lcd_Cmd38:
;__Lib_Lcd.c,38 :: 		
0x00C2	0x183B      	BTFSC      __Lib_Lcd_cmd_status, BitPos(__Lib_Lcd_cmd_status+0)
0x00C3	0x28C6      	GOTO       L__Lcd_Cmd39
0x00C4	0x1406      	BSF        LCD_RS, BitPos(LCD_RS+0)
0x00C5	0x28C7      	GOTO       L__Lcd_Cmd40
L__Lcd_Cmd39:
0x00C6	0x1006      	BCF        LCD_RS, BitPos(LCD_RS+0)
L__Lcd_Cmd40:
;__Lib_Lcd.c,40 :: 		
0x00C7	0x1506      	BSF        LCD_EN, BitPos(LCD_EN+0)
;__Lib_Lcd.c,41 :: 		
0x00C8	0x2066      	CALL       _Delay_1us
;__Lib_Lcd.c,42 :: 		
0x00C9	0x1106      	BCF        LCD_EN, BitPos(LCD_EN+0)
;__Lib_Lcd.c,44 :: 		
0x00CA	0x1C3B      	BTFSS      __Lib_Lcd_cmd_status, BitPos(__Lib_Lcd_cmd_status+0)
0x00CB	0x28CE      	GOTO       L_Lcd_Cmd0
;__Lib_Lcd.c,45 :: 		
0x00CC	0x2068      	CALL       _Delay_5500us
0x00CD	0x28CF      	GOTO       L_Lcd_Cmd1
L_Lcd_Cmd0:
;__Lib_Lcd.c,47 :: 		
0x00CE	0x205E      	CALL       _Delay_50us
L_Lcd_Cmd1:
;__Lib_Lcd.c,48 :: 		
L_end_Lcd_Cmd:
0x00CF	0x0008      	RETURN
; end of _Lcd_Cmd
_____DoICP:
;__Lib_System.c,6 :: 		
;__Lib_System.c,9 :: 		
0x00D0	0x1283      	BCF        STATUS, 5
0x00D1	0x1303      	BCF        STATUS, 6
0x00D2	0x083D      	MOVF       ___DoICPAddr+1, 0
0x00D3	0x008A      	MOVWF      PCLATH
;__Lib_System.c,10 :: 		
0x00D4	0x083C      	MOVF       ___DoICPAddr, 0
0x00D5	0x0082      	MOVWF      PCL
;__Lib_System.c,12 :: 		
L_end_____DoICP:
0x00D6	0x0008      	RETURN
; end of _____DoICP
_WordToStr:
;__Lib_Conversions.c,98 :: 		
;__Lib_Conversions.c,103 :: 		
0x00D7	0x1283      	BCF        STATUS, 5
0x00D8	0x1303      	BCF        STATUS, 6
0x00D9	0x01D2      	CLRF       WordToStr_len_L0
L_WordToStr11:
0x00DA	0x3005      	MOVLW      5
0x00DB	0x0252      	SUBWF      WordToStr_len_L0, 0
0x00DC	0x1803      	BTFSC      STATUS, 0
0x00DD	0x28E5      	GOTO       L_WordToStr12
;__Lib_Conversions.c,104 :: 		
0x00DE	0x0852      	MOVF       WordToStr_len_L0, 0
0x00DF	0x0751      	ADDWF      FARG_WordToStr_output, 0
0x00E0	0x0084      	MOVWF      FSR
0x00E1	0x3020      	MOVLW      32
0x00E2	0x0080      	MOVWF      INDF
;__Lib_Conversions.c,103 :: 		
0x00E3	0x0AD2      	INCF       WordToStr_len_L0, 1
;__Lib_Conversions.c,104 :: 		
0x00E4	0x28DA      	GOTO       L_WordToStr11
L_WordToStr12:
;__Lib_Conversions.c,105 :: 		
0x00E5	0x0852      	MOVF       WordToStr_len_L0, 0
0x00E6	0x0751      	ADDWF      FARG_WordToStr_output, 0
0x00E7	0x0084      	MOVWF      FSR
0x00E8	0x0180      	CLRF       INDF
0x00E9	0x03D2      	DECF       WordToStr_len_L0, 1
;__Lib_Conversions.c,107 :: 		
L_WordToStr14:
;__Lib_Conversions.c,108 :: 		
0x00EA	0x0852      	MOVF       WordToStr_len_L0, 0
0x00EB	0x0751      	ADDWF      FARG_WordToStr_output, 0
0x00EC	0x00D3      	MOVWF      FLOC__WordToStr
0x00ED	0x300A      	MOVLW      10
0x00EE	0x00F4      	MOVWF      R4
0x00EF	0x01F5      	CLRF       R4+1
0x00F0	0x084F      	MOVF       FARG_WordToStr_input, 0
0x00F1	0x00F0      	MOVWF      R0
0x00F2	0x0850      	MOVF       FARG_WordToStr_input+1, 0
0x00F3	0x00F1      	MOVWF      R0+1
0x00F4	0x2073      	CALL       _Div_16X16_U
0x00F5	0x0878      	MOVF       R8, 0
0x00F6	0x00F0      	MOVWF      R0
0x00F7	0x0879      	MOVF       R8+1, 0
0x00F8	0x00F1      	MOVWF      R0+1
0x00F9	0x3030      	MOVLW      48
0x00FA	0x07F0      	ADDWF      R0, 1
0x00FB	0x0853      	MOVF       FLOC__WordToStr, 0
0x00FC	0x0084      	MOVWF      FSR
0x00FD	0x0870      	MOVF       R0, 0
0x00FE	0x0080      	MOVWF      INDF
;__Lib_Conversions.c,109 :: 		
0x00FF	0x300A      	MOVLW      10
0x0100	0x00F4      	MOVWF      R4
0x0101	0x01F5      	CLRF       R4+1
0x0102	0x084F      	MOVF       FARG_WordToStr_input, 0
0x0103	0x00F0      	MOVWF      R0
0x0104	0x0850      	MOVF       FARG_WordToStr_input+1, 0
0x0105	0x00F1      	MOVWF      R0+1
0x0106	0x2073      	CALL       _Div_16X16_U
0x0107	0x0870      	MOVF       R0, 0
0x0108	0x00CF      	MOVWF      FARG_WordToStr_input
0x0109	0x0871      	MOVF       R0+1, 0
0x010A	0x00D0      	MOVWF      FARG_WordToStr_input+1
;__Lib_Conversions.c,110 :: 		
0x010B	0x3000      	MOVLW      0
0x010C	0x0671      	XORWF      R0+1, 0
0x010D	0x1D03      	BTFSS      STATUS, 2
0x010E	0x2911      	GOTO       L__WordToStr379
0x010F	0x3000      	MOVLW      0
0x0110	0x0670      	XORWF      R0, 0
L__WordToStr379:
0x0111	0x1D03      	BTFSS      STATUS, 2
0x0112	0x2914      	GOTO       L_WordToStr16
;__Lib_Conversions.c,111 :: 		
0x0113	0x2916      	GOTO       L_WordToStr15
L_WordToStr16:
;__Lib_Conversions.c,112 :: 		
0x0114	0x03D2      	DECF       WordToStr_len_L0, 1
;__Lib_Conversions.c,113 :: 		
0x0115	0x28EA      	GOTO       L_WordToStr14
L_WordToStr15:
;__Lib_Conversions.c,114 :: 		
L_end_WordToStr:
0x0116	0x0008      	RETURN
; end of _WordToStr
_Lcd_Chr_CP:
;__Lib_Lcd.c,50 :: 		
;__Lib_Lcd.c,52 :: 		
0x0117	0x1283      	BCF        STATUS, 5
0x0118	0x1303      	BCF        STATUS, 6
0x0119	0x103B      	BCF        __Lib_Lcd_cmd_status, BitPos(__Lib_Lcd_cmd_status+0)
;__Lib_Lcd.c,53 :: 		
0x011A	0x084F      	MOVF       FARG_Lcd_Chr_CP_out_char, 0
0x011B	0x00D4      	MOVWF      FARG_Lcd_Cmd_out_char
0x011C	0x2090      	CALL       _Lcd_Cmd
;__Lib_Lcd.c,54 :: 		
0x011D	0x143B      	BSF        __Lib_Lcd_cmd_status, BitPos(__Lib_Lcd_cmd_status+0)
;__Lib_Lcd.c,55 :: 		
L_end_Lcd_Chr_CP:
0x011E	0x0008      	RETURN
; end of _Lcd_Chr_CP
_IntToStr:
;__Lib_Conversions.c,195 :: 		
;__Lib_Conversions.c,201 :: 		
0x011F	0x1283      	BCF        STATUS, 5
0x0120	0x1303      	BCF        STATUS, 6
0x0121	0x01CB      	CLRF       IntToStr_negative_L0
0x0122	0x01CC      	CLRF       IntToStr_negative_L0+1
;__Lib_Conversions.c,202 :: 		
0x0123	0x0846      	MOVF       FARG_IntToStr_input, 0
0x0124	0x00CD      	MOVWF      IntToStr_inword_L0
0x0125	0x0847      	MOVF       FARG_IntToStr_input+1, 0
0x0126	0x00CE      	MOVWF      IntToStr_inword_L0+1
;__Lib_Conversions.c,203 :: 		
0x0127	0x3080      	MOVLW      128
0x0128	0x0647      	XORWF      FARG_IntToStr_input+1, 0
0x0129	0x00F0      	MOVWF      R0
0x012A	0x3080      	MOVLW      128
0x012B	0x0270      	SUBWF      R0, 0
0x012C	0x1D03      	BTFSS      STATUS, 2
0x012D	0x2930      	GOTO       L__IntToStr387
0x012E	0x3000      	MOVLW      0
0x012F	0x0246      	SUBWF      FARG_IntToStr_input, 0
L__IntToStr387:
0x0130	0x1803      	BTFSC      STATUS, 0
0x0131	0x293E      	GOTO       L_IntToStr37
;__Lib_Conversions.c,204 :: 		
0x0132	0x3001      	MOVLW      1
0x0133	0x00CB      	MOVWF      IntToStr_negative_L0
0x0134	0x3000      	MOVLW      0
0x0135	0x00CC      	MOVWF      IntToStr_negative_L0+1
;__Lib_Conversions.c,205 :: 		
0x0136	0x0846      	MOVF       FARG_IntToStr_input, 0
0x0137	0x3C00      	SUBLW      0
0x0138	0x00CD      	MOVWF      IntToStr_inword_L0
0x0139	0x0847      	MOVF       FARG_IntToStr_input+1, 0
0x013A	0x1C03      	BTFSS      STATUS, 0
0x013B	0x3E01      	ADDLW      1
0x013C	0x01CE      	CLRF       IntToStr_inword_L0+1
0x013D	0x02CE      	SUBWF      IntToStr_inword_L0+1, 1
;__Lib_Conversions.c,206 :: 		
L_IntToStr37:
;__Lib_Conversions.c,207 :: 		
0x013E	0x084D      	MOVF       IntToStr_inword_L0, 0
0x013F	0x00CF      	MOVWF      FARG_WordToStr_input
0x0140	0x084E      	MOVF       IntToStr_inword_L0+1, 0
0x0141	0x00D0      	MOVWF      FARG_WordToStr_input+1
0x0142	0x0848      	MOVF       FARG_IntToStr_output, 0
0x0143	0x00D1      	MOVWF      FARG_WordToStr_output
0x0144	0x20D7      	CALL       _WordToStr
;__Lib_Conversions.c,209 :: 		
0x0145	0x3006      	MOVLW      6
0x0146	0x00C9      	MOVWF      IntToStr_i_L0
0x0147	0x3000      	MOVLW      0
0x0148	0x00CA      	MOVWF      IntToStr_i_L0+1
;__Lib_Conversions.c,210 :: 		
L_IntToStr38:
0x0149	0x084A      	MOVF       IntToStr_i_L0+1, 0
0x014A	0x3C00      	SUBLW      0
0x014B	0x1D03      	BTFSS      STATUS, 2
0x014C	0x294F      	GOTO       L__IntToStr388
0x014D	0x0849      	MOVF       IntToStr_i_L0, 0
0x014E	0x3C00      	SUBLW      0
L__IntToStr388:
0x014F	0x1803      	BTFSC      STATUS, 0
0x0150	0x296A      	GOTO       L_IntToStr39
;__Lib_Conversions.c,211 :: 		
0x0151	0x0849      	MOVF       IntToStr_i_L0, 0
0x0152	0x0748      	ADDWF      FARG_IntToStr_output, 0
0x0153	0x00F2      	MOVWF      R2
0x0154	0x3001      	MOVLW      1
0x0155	0x0249      	SUBWF      IntToStr_i_L0, 0
0x0156	0x00F0      	MOVWF      R0
0x0157	0x3000      	MOVLW      0
0x0158	0x1C03      	BTFSS      STATUS, 0
0x0159	0x3E01      	ADDLW      1
0x015A	0x024A      	SUBWF      IntToStr_i_L0+1, 0
0x015B	0x00F1      	MOVWF      R0+1
0x015C	0x0870      	MOVF       R0, 0
0x015D	0x0748      	ADDWF      FARG_IntToStr_output, 0
0x015E	0x0084      	MOVWF      FSR
0x015F	0x0800      	MOVF       INDF, 0
0x0160	0x00F0      	MOVWF      R0
0x0161	0x0872      	MOVF       R2, 0
0x0162	0x0084      	MOVWF      FSR
0x0163	0x0870      	MOVF       R0, 0
0x0164	0x0080      	MOVWF      INDF
;__Lib_Conversions.c,212 :: 		
0x0165	0x3001      	MOVLW      1
0x0166	0x02C9      	SUBWF      IntToStr_i_L0, 1
0x0167	0x1C03      	BTFSS      STATUS, 0
0x0168	0x03CA      	DECF       IntToStr_i_L0+1, 1
;__Lib_Conversions.c,213 :: 		
0x0169	0x2949      	GOTO       L_IntToStr38
L_IntToStr39:
;__Lib_Conversions.c,214 :: 		
0x016A	0x0848      	MOVF       FARG_IntToStr_output, 0
0x016B	0x0084      	MOVWF      FSR
0x016C	0x3020      	MOVLW      32
0x016D	0x0080      	MOVWF      INDF
;__Lib_Conversions.c,215 :: 		
0x016E	0x084B      	MOVF       IntToStr_negative_L0, 0
0x016F	0x044C      	IORWF      IntToStr_negative_L0+1, 0
0x0170	0x1903      	BTFSC      STATUS, 2
0x0171	0x2988      	GOTO       L_IntToStr40
;__Lib_Conversions.c,216 :: 		
0x0172	0x01C9      	CLRF       IntToStr_i_L0
0x0173	0x01CA      	CLRF       IntToStr_i_L0+1
;__Lib_Conversions.c,217 :: 		
L_IntToStr41:
0x0174	0x0849      	MOVF       IntToStr_i_L0, 0
0x0175	0x0748      	ADDWF      FARG_IntToStr_output, 0
0x0176	0x0084      	MOVWF      FSR
0x0177	0x0800      	MOVF       INDF, 0
0x0178	0x3A20      	XORLW      32
0x0179	0x1D03      	BTFSS      STATUS, 2
0x017A	0x297F      	GOTO       L_IntToStr42
0x017B	0x0AC9      	INCF       IntToStr_i_L0, 1
0x017C	0x1903      	BTFSC      STATUS, 2
0x017D	0x0ACA      	INCF       IntToStr_i_L0+1, 1
0x017E	0x2974      	GOTO       L_IntToStr41
L_IntToStr42:
;__Lib_Conversions.c,218 :: 		
0x017F	0x3001      	MOVLW      1
0x0180	0x02C9      	SUBWF      IntToStr_i_L0, 1
0x0181	0x1C03      	BTFSS      STATUS, 0
0x0182	0x03CA      	DECF       IntToStr_i_L0+1, 1
;__Lib_Conversions.c,219 :: 		
0x0183	0x0849      	MOVF       IntToStr_i_L0, 0
0x0184	0x0748      	ADDWF      FARG_IntToStr_output, 0
0x0185	0x0084      	MOVWF      FSR
0x0186	0x302D      	MOVLW      45
0x0187	0x0080      	MOVWF      INDF
L_IntToStr40:
;__Lib_Conversions.c,220 :: 		
L_end_IntToStr:
0x0188	0x0008      	RETURN
; end of _IntToStr
_Lcd_Out:
;__Lib_Lcd.c,184 :: 		
;__Lib_Lcd.c,187 :: 		
0x0189	0x299B      	GOTO       L_Lcd_Out11
;__Lib_Lcd.c,188 :: 		
L_Lcd_Out13:
0x018A	0x3080      	MOVLW      128
0x018B	0x1283      	BCF        STATUS, 5
0x018C	0x1303      	BCF        STATUS, 6
0x018D	0x00C6      	MOVWF      FARG_Lcd_Out_row
0x018E	0x29AE      	GOTO       L_Lcd_Out12
;__Lib_Lcd.c,189 :: 		
L_Lcd_Out14:
0x018F	0x30C0      	MOVLW      192
0x0190	0x00C6      	MOVWF      FARG_Lcd_Out_row
0x0191	0x29AE      	GOTO       L_Lcd_Out12
;__Lib_Lcd.c,190 :: 		
L_Lcd_Out15:
0x0192	0x3094      	MOVLW      148
0x0193	0x00C6      	MOVWF      FARG_Lcd_Out_row
0x0194	0x29AE      	GOTO       L_Lcd_Out12
;__Lib_Lcd.c,191 :: 		
L_Lcd_Out16:
0x0195	0x30D4      	MOVLW      212
0x0196	0x00C6      	MOVWF      FARG_Lcd_Out_row
0x0197	0x29AE      	GOTO       L_Lcd_Out12
;__Lib_Lcd.c,192 :: 		
L_Lcd_Out17:
0x0198	0x3080      	MOVLW      128
0x0199	0x00C6      	MOVWF      FARG_Lcd_Out_row
;__Lib_Lcd.c,193 :: 		
0x019A	0x29AE      	GOTO       L_Lcd_Out12
L_Lcd_Out11:
0x019B	0x1283      	BCF        STATUS, 5
0x019C	0x1303      	BCF        STATUS, 6
0x019D	0x0846      	MOVF       FARG_Lcd_Out_row, 0
0x019E	0x3A01      	XORLW      1
0x019F	0x1903      	BTFSC      STATUS, 2
0x01A0	0x298A      	GOTO       L_Lcd_Out13
0x01A1	0x0846      	MOVF       FARG_Lcd_Out_row, 0
0x01A2	0x3A02      	XORLW      2
0x01A3	0x1903      	BTFSC      STATUS, 2
0x01A4	0x298F      	GOTO       L_Lcd_Out14
0x01A5	0x0846      	MOVF       FARG_Lcd_Out_row, 0
0x01A6	0x3A03      	XORLW      3
0x01A7	0x1903      	BTFSC      STATUS, 2
0x01A8	0x2992      	GOTO       L_Lcd_Out15
0x01A9	0x0846      	MOVF       FARG_Lcd_Out_row, 0
0x01AA	0x3A04      	XORLW      4
0x01AB	0x1903      	BTFSC      STATUS, 2
0x01AC	0x2995      	GOTO       L_Lcd_Out16
0x01AD	0x2998      	GOTO       L_Lcd_Out17
L_Lcd_Out12:
;__Lib_Lcd.c,194 :: 		
0x01AE	0x0347      	DECF       FARG_Lcd_Out_column, 0
0x01AF	0x00F0      	MOVWF      R0
0x01B0	0x0846      	MOVF       FARG_Lcd_Out_row, 0
0x01B1	0x07F0      	ADDWF      R0, 1
0x01B2	0x0870      	MOVF       R0, 0
0x01B3	0x00C6      	MOVWF      FARG_Lcd_Out_row
;__Lib_Lcd.c,196 :: 		
0x01B4	0x0870      	MOVF       R0, 0
0x01B5	0x00D4      	MOVWF      FARG_Lcd_Cmd_out_char
0x01B6	0x2090      	CALL       _Lcd_Cmd
;__Lib_Lcd.c,197 :: 		
0x01B7	0x103B      	BCF        __Lib_Lcd_cmd_status, BitPos(__Lib_Lcd_cmd_status+0)
;__Lib_Lcd.c,198 :: 		
0x01B8	0x01C9      	CLRF       Lcd_Out_i_L0
;__Lib_Lcd.c,199 :: 		
L_Lcd_Out18:
0x01B9	0x0849      	MOVF       Lcd_Out_i_L0, 0
0x01BA	0x0748      	ADDWF      FARG_Lcd_Out_text, 0
0x01BB	0x0084      	MOVWF      FSR
0x01BC	0x0800      	MOVF       INDF, 0
0x01BD	0x1903      	BTFSC      STATUS, 2
0x01BE	0x29C7      	GOTO       L_Lcd_Out19
;__Lib_Lcd.c,200 :: 		
0x01BF	0x0849      	MOVF       Lcd_Out_i_L0, 0
0x01C0	0x0748      	ADDWF      FARG_Lcd_Out_text, 0
0x01C1	0x0084      	MOVWF      FSR
0x01C2	0x0800      	MOVF       INDF, 0
0x01C3	0x00CF      	MOVWF      FARG_Lcd_Chr_CP_out_char
0x01C4	0x2117      	CALL       _Lcd_Chr_CP
0x01C5	0x0AC9      	INCF       Lcd_Out_i_L0, 1
0x01C6	0x29B9      	GOTO       L_Lcd_Out18
L_Lcd_Out19:
;__Lib_Lcd.c,201 :: 		
0x01C7	0x143B      	BSF        __Lib_Lcd_cmd_status, BitPos(__Lib_Lcd_cmd_status+0)
;__Lib_Lcd.c,202 :: 		
L_end_Lcd_Out:
0x01C8	0x0008      	RETURN
; end of _Lcd_Out
_Lcd_Init:
;__Lib_Lcd.c,84 :: 		
;__Lib_Lcd.c,86 :: 		
0x01C9	0x1683      	BSF        STATUS, 5
0x01CA	0x1303      	BCF        STATUS, 6
0x01CB	0x1106      	BCF        LCD_EN_Direction, BitPos(LCD_EN_Direction+0)
;__Lib_Lcd.c,87 :: 		
0x01CC	0x1006      	BCF        LCD_RS_Direction, BitPos(LCD_RS_Direction+0)
;__Lib_Lcd.c,88 :: 		
0x01CD	0x1186      	BCF        LCD_D4_Direction, BitPos(LCD_D4_Direction+0)
;__Lib_Lcd.c,89 :: 		
0x01CE	0x1206      	BCF        LCD_D5_Direction, BitPos(LCD_D5_Direction+0)
;__Lib_Lcd.c,90 :: 		
0x01CF	0x1286      	BCF        LCD_D6_Direction, BitPos(LCD_D6_Direction+0)
;__Lib_Lcd.c,91 :: 		
0x01D0	0x1386      	BCF        LCD_D7_Direction, BitPos(LCD_D7_Direction+0)
;__Lib_Lcd.c,93 :: 		
0x01D1	0x1283      	BCF        STATUS, 5
0x01D2	0x1106      	BCF        LCD_EN, BitPos(LCD_EN+0)
;__Lib_Lcd.c,94 :: 		
0x01D3	0x1006      	BCF        LCD_RS, BitPos(LCD_RS+0)
;__Lib_Lcd.c,95 :: 		
0x01D4	0x1386      	BCF        LCD_D7, BitPos(LCD_D7+0)
;__Lib_Lcd.c,96 :: 		
0x01D5	0x1286      	BCF        LCD_D6, BitPos(LCD_D6+0)
;__Lib_Lcd.c,97 :: 		
0x01D6	0x1206      	BCF        LCD_D5, BitPos(LCD_D5+0)
;__Lib_Lcd.c,98 :: 		
0x01D7	0x1186      	BCF        LCD_D4, BitPos(LCD_D4+0)
;__Lib_Lcd.c,100 :: 		
0x01D8	0x2068      	CALL       _Delay_5500us
;__Lib_Lcd.c,101 :: 		
0x01D9	0x2068      	CALL       _Delay_5500us
;__Lib_Lcd.c,102 :: 		
0x01DA	0x2068      	CALL       _Delay_5500us
;__Lib_Lcd.c,105 :: 		
0x01DB	0x1606      	BSF        LCD_D5, BitPos(LCD_D5+0)
;__Lib_Lcd.c,106 :: 		
0x01DC	0x1586      	BSF        LCD_D4, BitPos(LCD_D4+0)
;__Lib_Lcd.c,107 :: 		
0x01DD	0x1506      	BSF        LCD_EN, BitPos(LCD_EN+0)
;__Lib_Lcd.c,108 :: 		
0x01DE	0x2066      	CALL       _Delay_1us
;__Lib_Lcd.c,109 :: 		
0x01DF	0x1106      	BCF        LCD_EN, BitPos(LCD_EN+0)
;__Lib_Lcd.c,110 :: 		
0x01E0	0x2068      	CALL       _Delay_5500us
;__Lib_Lcd.c,112 :: 		
0x01E1	0x1506      	BSF        LCD_EN, BitPos(LCD_EN+0)
;__Lib_Lcd.c,113 :: 		
0x01E2	0x2066      	CALL       _Delay_1us
;__Lib_Lcd.c,114 :: 		
0x01E3	0x1106      	BCF        LCD_EN, BitPos(LCD_EN+0)
;__Lib_Lcd.c,115 :: 		
0x01E4	0x2068      	CALL       _Delay_5500us
;__Lib_Lcd.c,117 :: 		
0x01E5	0x1506      	BSF        LCD_EN, BitPos(LCD_EN+0)
;__Lib_Lcd.c,118 :: 		
0x01E6	0x2066      	CALL       _Delay_1us
;__Lib_Lcd.c,119 :: 		
0x01E7	0x1106      	BCF        LCD_EN, BitPos(LCD_EN+0)
;__Lib_Lcd.c,120 :: 		
0x01E8	0x2068      	CALL       _Delay_5500us
;__Lib_Lcd.c,123 :: 		
0x01E9	0x1186      	BCF        LCD_D4, BitPos(LCD_D4+0)
;__Lib_Lcd.c,124 :: 		
0x01EA	0x1506      	BSF        LCD_EN, BitPos(LCD_EN+0)
;__Lib_Lcd.c,125 :: 		
0x01EB	0x2066      	CALL       _Delay_1us
;__Lib_Lcd.c,126 :: 		
0x01EC	0x1106      	BCF        LCD_EN, BitPos(LCD_EN+0)
;__Lib_Lcd.c,127 :: 		
0x01ED	0x2068      	CALL       _Delay_5500us
;__Lib_Lcd.c,130 :: 		
0x01EE	0x1506      	BSF        LCD_EN, BitPos(LCD_EN+0)
;__Lib_Lcd.c,131 :: 		
0x01EF	0x2066      	CALL       _Delay_1us
;__Lib_Lcd.c,132 :: 		
0x01F0	0x1106      	BCF        LCD_EN, BitPos(LCD_EN+0)
;__Lib_Lcd.c,134 :: 		
0x01F1	0x1206      	BCF        LCD_D5, BitPos(LCD_D5+0)
;__Lib_Lcd.c,135 :: 		
0x01F2	0x1786      	BSF        LCD_D7, BitPos(LCD_D7+0)
;__Lib_Lcd.c,136 :: 		
0x01F3	0x1506      	BSF        LCD_EN, BitPos(LCD_EN+0)
;__Lib_Lcd.c,137 :: 		
0x01F4	0x2066      	CALL       _Delay_1us
;__Lib_Lcd.c,138 :: 		
0x01F5	0x1106      	BCF        LCD_EN, BitPos(LCD_EN+0)
;__Lib_Lcd.c,139 :: 		
0x01F6	0x2068      	CALL       _Delay_5500us
;__Lib_Lcd.c,142 :: 		
0x01F7	0x1386      	BCF        LCD_D7, BitPos(LCD_D7+0)
;__Lib_Lcd.c,143 :: 		
0x01F8	0x1586      	BSF        LCD_D4, BitPos(LCD_D4+0)
;__Lib_Lcd.c,144 :: 		
0x01F9	0x1506      	BSF        LCD_EN, BitPos(LCD_EN+0)
;__Lib_Lcd.c,145 :: 		
0x01FA	0x2066      	CALL       _Delay_1us
;__Lib_Lcd.c,146 :: 		
0x01FB	0x1106      	BCF        LCD_EN, BitPos(LCD_EN+0)
;__Lib_Lcd.c,148 :: 		
0x01FC	0x1186      	BCF        LCD_D4, BitPos(LCD_D4+0)
;__Lib_Lcd.c,149 :: 		
0x01FD	0x1506      	BSF        LCD_EN, BitPos(LCD_EN+0)
;__Lib_Lcd.c,150 :: 		
0x01FE	0x2066      	CALL       _Delay_1us
;__Lib_Lcd.c,151 :: 		
0x01FF	0x1106      	BCF        LCD_EN, BitPos(LCD_EN+0)
;__Lib_Lcd.c,152 :: 		
0x0200	0x2068      	CALL       _Delay_5500us
;__Lib_Lcd.c,155 :: 		
0x0201	0x1506      	BSF        LCD_EN, BitPos(LCD_EN+0)
;__Lib_Lcd.c,156 :: 		
0x0202	0x2066      	CALL       _Delay_1us
;__Lib_Lcd.c,157 :: 		
0x0203	0x1106      	BCF        LCD_EN, BitPos(LCD_EN+0)
;__Lib_Lcd.c,159 :: 		
0x0204	0x1586      	BSF        LCD_D4, BitPos(LCD_D4+0)
;__Lib_Lcd.c,160 :: 		
0x0205	0x1506      	BSF        LCD_EN, BitPos(LCD_EN+0)
;__Lib_Lcd.c,161 :: 		
0x0206	0x2066      	CALL       _Delay_1us
;__Lib_Lcd.c,162 :: 		
0x0207	0x1106      	BCF        LCD_EN, BitPos(LCD_EN+0)
;__Lib_Lcd.c,163 :: 		
0x0208	0x2068      	CALL       _Delay_5500us
;__Lib_Lcd.c,166 :: 		
0x0209	0x1186      	BCF        LCD_D4, BitPos(LCD_D4+0)
;__Lib_Lcd.c,167 :: 		
0x020A	0x1506      	BSF        LCD_EN, BitPos(LCD_EN+0)
;__Lib_Lcd.c,168 :: 		
0x020B	0x2066      	CALL       _Delay_1us
;__Lib_Lcd.c,169 :: 		
0x020C	0x1106      	BCF        LCD_EN, BitPos(LCD_EN+0)
;__Lib_Lcd.c,171 :: 		
0x020D	0x1786      	BSF        LCD_D7, BitPos(LCD_D7+0)
;__Lib_Lcd.c,172 :: 		
0x020E	0x1686      	BSF        LCD_D6, BitPos(LCD_D6+0)
;__Lib_Lcd.c,173 :: 		
0x020F	0x1606      	BSF        LCD_D5, BitPos(LCD_D5+0)
;__Lib_Lcd.c,174 :: 		
0x0210	0x1586      	BSF        LCD_D4, BitPos(LCD_D4+0)
;__Lib_Lcd.c,175 :: 		
0x0211	0x1506      	BSF        LCD_EN, BitPos(LCD_EN+0)
;__Lib_Lcd.c,176 :: 		
0x0212	0x2066      	CALL       _Delay_1us
;__Lib_Lcd.c,177 :: 		
0x0213	0x1106      	BCF        LCD_EN, BitPos(LCD_EN+0)
;__Lib_Lcd.c,179 :: 		
0x0214	0x2068      	CALL       _Delay_5500us
;__Lib_Lcd.c,181 :: 		
0x0215	0x143B      	BSF        __Lib_Lcd_cmd_status, BitPos(__Lib_Lcd_cmd_status+0)
;__Lib_Lcd.c,182 :: 		
L_end_Lcd_Init:
0x0216	0x0008      	RETURN
; end of _Lcd_Init
___CC2DW:
;__Lib_System.c,134 :: 		
;__Lib_System.c,137 :: 		
_CC2D_Loop1:
;__Lib_System.c,139 :: 		
0x0217	0x20D0      	CALL       _____DoICP
0x0218	0x118A      	BCF        PCLATH, 3
0x0219	0x120A      	BCF        PCLATH, 4
;__Lib_System.c,141 :: 		
0x021A	0x0080      	MOVWF      INDF
;__Lib_System.c,142 :: 		
0x021B	0x0A84      	INCF       FSR, 1
;__Lib_System.c,143 :: 		
0x021C	0x0ABC      	INCF       ___DoICPAddr, 1
;__Lib_System.c,145 :: 		
0x021D	0x1903      	BTFSC      STATUS, 2
;__Lib_System.c,146 :: 		
0x021E	0x0ABD      	INCF       ___DoICPAddr+1, 1
;__Lib_System.c,147 :: 		
0x021F	0x03F0      	DECF       R0, 1
;__Lib_System.c,149 :: 		
0x0220	0x1D03      	BTFSS      STATUS, 2
;__Lib_System.c,150 :: 		
0x0221	0x2A17      	GOTO       _CC2D_Loop1
;__Lib_System.c,152 :: 		
L_end___CC2DW:
0x0222	0x0008      	RETURN
; end of ___CC2DW
_main:
0x0223	0x3046      	MOVLW      70
0x0224	0x1283      	BCF        STATUS, 5
0x0225	0x1303      	BCF        STATUS, 6
0x0226	0x00A3      	MOVWF      ?lstr1_main
0x0227	0x3052      	MOVLW      82
0x0228	0x00A4      	MOVWF      36
0x0229	0x3045      	MOVLW      69
0x022A	0x00A5      	MOVWF      37
0x022B	0x3051      	MOVLW      81
0x022C	0x00A6      	MOVWF      38
0x022D	0x3055      	MOVLW      85
0x022E	0x00A7      	MOVWF      39
0x022F	0x3045      	MOVLW      69
0x0230	0x00A8      	MOVWF      40
0x0231	0x304E      	MOVLW      78
0x0232	0x00A9      	MOVWF      41
0x0233	0x3043      	MOVLW      67
0x0234	0x00AA      	MOVWF      42
0x0235	0x3049      	MOVLW      73
0x0236	0x00AB      	MOVWF      43
0x0237	0x3041      	MOVLW      65
0x0238	0x00AC      	MOVWF      44
0x0239	0x303A      	MOVLW      58
0x023A	0x00AD      	MOVWF      45
0x023B	0x01AE      	CLRF       46
0x023C	0x3048      	MOVLW      72
0x023D	0x00AF      	MOVWF      ?lstr2_main
0x023E	0x307A      	MOVLW      122
0x023F	0x00B0      	MOVWF      48
0x0240	0x01B1      	CLRF       49
;main.c,30 :: 		void main() {
;main.c,32 :: 		PCON = 0b00001011;
0x0241	0x300B      	MOVLW      11
0x0242	0x1683      	BSF        STATUS, 5
0x0243	0x008E      	MOVWF      PCON
;main.c,33 :: 		TRISB = 0b01000000;
0x0244	0x3040      	MOVLW      64
0x0245	0x0086      	MOVWF      TRISB
;main.c,34 :: 		INTCON = 0b11000000;
0x0246	0x30C0      	MOVLW      192
0x0247	0x008B      	MOVWF      INTCON
;main.c,35 :: 		PIE1 = 0b00000010;
0x0248	0x3002      	MOVLW      2
0x0249	0x008C      	MOVWF      PIE1
;main.c,36 :: 		CMCON = 0b00000111;
0x024A	0x3007      	MOVLW      7
0x024B	0x1283      	BCF        STATUS, 5
0x024C	0x009F      	MOVWF      CMCON
;main.c,37 :: 		T1CON = 0b00000011;
0x024D	0x3003      	MOVLW      3
0x024E	0x0090      	MOVWF      T1CON
;main.c,40 :: 		T2CON = 0b01111111;
0x024F	0x307F      	MOVLW      127
0x0250	0x0092      	MOVWF      T2CON
;main.c,43 :: 		Lcd_Init();
0x0251	0x21C9      	CALL       _Lcd_Init
;main.c,44 :: 		}
L_end_main:
0x0252	0x2A52      	GOTO       $+0
; end of _main
Symbol List:
//** Routines locations **
//ADDRESS    SIZE    PROCEDURE
//----------------------------------------------
0x0004      [90]    _interrupt
0x005E       [8]    _Delay_50us
0x0066       [2]    _Delay_1us
0x0068      [11]    _Delay_5500us
0x0073      [29]    _Div_16X16_U
0x0090      [64]    _Lcd_Cmd
0x00D0       [7]    _____DoICP
0x00D7      [64]    _WordToStr
0x0117       [8]    _Lcd_Chr_CP
0x011F     [106]    _IntToStr
0x0189      [64]    _Lcd_Out
0x01C9      [78]    _Lcd_Init
0x0217      [12]    ___CC2DW
0x0223      [48]    _main
//** Variables locations ** 
//ADDRESS    SIZE    VARIABLE
//----------------------------------------------
0x0000       [1]    INDF
0x0002       [1]    PCL
0x0003       [1]    STATUS
0x0004       [1]    FSR
0x0006       [0]    RB1_bit
0x0006       [0]    RB7_bit
0x0006       [0]    RB0_bit
0x0006       [0]    LCD_RS
0x0006       [0]    LCD_EN
0x0006       [0]    RB4_bit
0x0006       [0]    RB2_bit
0x0006       [0]    LED
0x0006       [0]    RB3_bit
0x0006       [0]    LCD_D5
0x0006       [0]    LCD_D4
0x0006       [0]    RB5_bit
0x0006       [0]    LCD_D7
0x0006       [0]    LCD_D6
0x000A       [1]    PCLATH
0x000B       [1]    INTCON
0x000C       [0]    TMR2IF_bit
0x000E       [1]    TMR1L
0x000F       [1]    TMR1H
0x0010       [0]    TMR1ON_bit
0x0010       [1]    T1CON
0x0011       [1]    TMR2
0x0012       [1]    T2CON
0x001F       [1]    CMCON
0x0023      [12]    ?lstr1_main
0x002F       [3]    ?lstr2_main
0x0032       [2]    _intFreq
0x0034       [7]    _strFreq
0x003B       [0]    __Lib_Lcd_cmd_status
0x003C       [2]    ___DoICPAddr
0x003E       [2]    _valHi
0x0040       [2]    _reps
0x0042       [2]    _valLo
0x0044       [1]    ___savePCLATH
0x0045       [1]    ___saveSTATUS
0x0046       [2]    FARG_IntToStr_input
0x0046       [1]    FARG_Lcd_Out_row
0x0047       [1]    FARG_Lcd_Out_column
0x0048       [1]    FARG_Lcd_Out_text
0x0048       [1]    FARG_IntToStr_output
0x0049       [1]    Lcd_Out_i_L0
0x0049       [2]    IntToStr_i_L0
0x004B       [2]    IntToStr_negative_L0
0x004D       [2]    IntToStr_inword_L0
0x004F       [2]    FARG_WordToStr_input
0x004F       [1]    FARG_Lcd_Chr_CP_out_char
0x0051       [1]    FARG_WordToStr_output
0x0052       [1]    WordToStr_len_L0
0x0053       [1]    FLOC__WordToStr
0x0054       [1]    FARG_Lcd_Cmd_out_char
0x0070       [1]    R0
0x0071       [1]    R1
0x0072       [1]    R2
0x0073       [1]    R3
0x0074       [1]    R4
0x0075       [1]    R5
0x0076       [1]    R6
0x0077       [1]    R7
0x0078       [1]    R8
0x0079       [1]    R9
0x007A       [1]    R10
0x007B       [1]    R11
0x007C       [1]    R12
0x007D       [1]    R13
0x007E       [1]    R14
0x007F       [1]    R15
0x0086       [0]    LCD_EN_Direction
0x0086       [0]    LCD_RS_Direction
0x0086       [0]    TRISB0_bit
0x0086       [0]    LCD_D4_Direction
0x0086       [0]    LCD_D7_Direction
0x0086       [0]    LCD_D6_Direction
0x0086       [0]    LCD_D5_Direction
0x0086       [1]    TRISB
0x0086       [0]    TRISB7_bit
0x0086       [0]    TRISB5_bit
0x0086       [0]    TRISB2_bit
0x0086       [0]    TRISB3_bit
0x0086       [0]    TRISB4_bit
0x008C       [1]    PIE1
0x008E       [1]    PCON
