;  LST file generated by mikroListExporter - v.2.0 
; Date/Time: 24/10/2023 02:02:37
;----------------------------------------------

;Address Opcode 	ASM
0x0000	0xF001EF98  	GOTO        816
_interrupt:
;tentativa2.c,68 :: 		void interrupt(){
0x0008	0xF018C000  	MOVFF       R0, 24
0x000C	0xF017C001  	MOVFF       R1, 23
0x0010	0xF016C00C  	MOVFF       R12, 22
0x0014	0xF015C00D  	MOVFF       R13, 21
;tentativa2.c,70 :: 		if (TMR1IF_bit){
0x0018	0xA09E      	BTFSS       TMR1IF_bit, BitPos(TMR1IF_bit+0) 
0x001A	0xD021      	BRA         L_interrupt0
;tentativa2.c,71 :: 		TMR1ON_bit = 0;    // Para o Timer1
0x001C	0x90CD      	BCF         TMR1ON_bit, BitPos(TMR1ON_bit+0) 
;tentativa2.c,72 :: 		TMR1IF_bit = 0;    // Abaixa a flag do Timer1
0x001E	0x909E      	BCF         TMR1IF_bit, BitPos(TMR1IF_bit+0) 
;tentativa2.c,75 :: 		if (contagem) contagem--;
0x0020	0x5236      	MOVF        _contagem, 1 
0x0022	0xE002      	BZ          L_interrupt1
0x0024	0x0636      	DECF        _contagem, 1 
0x0026	0xD017      	BRA         L_interrupt2
L_interrupt1:
;tentativa2.c,78 :: 		contagem = 100;         // Reinicia a contagem
0x0028	0x0E64      	MOVLW       100
0x002A	0x6E36      	MOVWF       _contagem 
;tentativa2.c,79 :: 		tempAtual = ADC_Get_Sample(0); // Pega a temperatura do forno
0x002C	0x6A42      	CLRF        FARG_ADC_Get_Sample_channel 
0x002E	0xD961      	RCALL       _ADC_Get_Sample
0x0030	0xF03BC000  	MOVFF       R0, _tempAtual
0x0034	0xF03CC001  	MOVFF       R1, _tempAtual+1
;tentativa2.c,81 :: 		if (tempAtual < tempIdeal) LED = 1;
0x0038	0x503F      	MOVF        _tempIdeal+1, 0 
0x003A	0x5C01      	SUBWF       R1, 0 
0x003C	0xE102      	BNZ         L__interrupt16
0x003E	0x503E      	MOVF        _tempIdeal, 0 
0x0040	0x5C00      	SUBWF       R0, 0 
L__interrupt16:
0x0042	0xE202      	BC          L_interrupt3
0x0044	0x8483      	BSF         RD2_bit, BitPos(RD2_bit+0) 
0x0046	0xD007      	BRA         L_interrupt4
L_interrupt3:
;tentativa2.c,83 :: 		else if (tempAtual > tempMargem) LED = 0;
0x0048	0x503C      	MOVF        _tempAtual+1, 0 
0x004A	0x5C41      	SUBWF       _tempMargem+1, 0 
0x004C	0xE102      	BNZ         L__interrupt17
0x004E	0x503B      	MOVF        _tempAtual, 0 
0x0050	0x5C40      	SUBWF       _tempMargem, 0 
L__interrupt17:
0x0052	0xA0D8      	BTFSS       STATUS, 0 
0x0054	0x9483      	BCF         RD2_bit, BitPos(RD2_bit+0) 
L_interrupt5:
L_interrupt4:
;tentativa2.c,84 :: 		}
L_interrupt2:
;tentativa2.c,86 :: 		TMR1H = 0;
0x0056	0x6ACF      	CLRF        TMR1H 
;tentativa2.c,87 :: 		TMR1L = 0;
0x0058	0x6ACE      	CLRF        TMR1L 
;tentativa2.c,88 :: 		TMR1ON_bit = 1;    // Para o Timer1
0x005A	0x80CD      	BSF         TMR1ON_bit, BitPos(TMR1ON_bit+0) 
;tentativa2.c,91 :: 		} else if (INT0IF_bit){
0x005C	0xD04D      	BRA         L_interrupt6
L_interrupt0:
0x005E	0xA2F2      	BTFSS       INT0IF_bit, BitPos(INT0IF_bit+0) 
0x0060	0xD021      	BRA         L_interrupt7
;tentativa2.c,92 :: 		estado = -estado;    // Inverte o estado da máquina
0x0062	0x503D      	MOVF        _estado, 0 
0x0064	0x0800      	SUBLW       0
0x0066	0x6E01      	MOVWF       R1 
0x0068	0xF03DC001  	MOVFF       R1, _estado
;tentativa2.c,93 :: 		if (estado > 0) Lcd_Out(2,1,"Ligado");
0x006C	0x0E80      	MOVLW       128
0x006E	0x0A00      	XORLW       0
0x0070	0x6E00      	MOVWF       R0 
0x0072	0x0E80      	MOVLW       128
0x0074	0x1801      	XORWF       R1, 0 
0x0076	0x5C00      	SUBWF       R0, 0 
0x0078	0xE20A      	BC          L_interrupt8
0x007A	0x0E02      	MOVLW       2
0x007C	0x6E42      	MOVWF       FARG_Lcd_Out_row 
0x007E	0x0E01      	MOVLW       1
0x0080	0x6E43      	MOVWF       FARG_Lcd_Out_column 
0x0082	0x0E2E      	MOVLW       ?lstr1_tentativa2
0x0084	0x6E44      	MOVWF       FARG_Lcd_Out_text 
0x0086	0x0E00      	MOVLW       hi_addr(?lstr1_tentativa2)
0x0088	0x6E45      	MOVWF       FARG_Lcd_Out_text+1 
0x008A	0xD899      	RCALL       _Lcd_Out
0x008C	0xD009      	BRA         L_interrupt9
L_interrupt8:
;tentativa2.c,94 :: 		else Lcd_Out(2,1,"Desligado");
0x008E	0x0E02      	MOVLW       2
0x0090	0x6E42      	MOVWF       FARG_Lcd_Out_row 
0x0092	0x0E01      	MOVLW       1
0x0094	0x6E43      	MOVWF       FARG_Lcd_Out_column 
0x0096	0x0E24      	MOVLW       ?lstr2_tentativa2
0x0098	0x6E44      	MOVWF       FARG_Lcd_Out_text 
0x009A	0x0E00      	MOVLW       hi_addr(?lstr2_tentativa2)
0x009C	0x6E45      	MOVWF       FARG_Lcd_Out_text+1 
0x009E	0xD88F      	RCALL       _Lcd_Out
L_interrupt9:
;tentativa2.c,95 :: 		INT0IF_bit = 0;      // Abaixa a flag do INT0
0x00A0	0x92F2      	BCF         INT0IF_bit, BitPos(INT0IF_bit+0) 
;tentativa2.c,98 :: 		} else {
0x00A2	0xD02A      	BRA         L_interrupt10
L_interrupt7:
;tentativa2.c,100 :: 		if (tempIdeal==150) {
0x00A4	0x0E00      	MOVLW       0
0x00A6	0x183F      	XORWF       _tempIdeal+1, 0 
0x00A8	0xE102      	BNZ         L__interrupt18
0x00AA	0x0E96      	MOVLW       150
0x00AC	0x183E      	XORWF       _tempIdeal, 0 
L__interrupt18:
0x00AE	0xE112      	BNZ         L_interrupt11
;tentativa2.c,101 :: 		tempIdeal = 164; // Muda pra 80°C
0x00B0	0x0EA4      	MOVLW       164
0x00B2	0x6E3E      	MOVWF       _tempIdeal 
0x00B4	0x0E00      	MOVLW       0
0x00B6	0x6E3F      	MOVWF       _tempIdeal+1 
;tentativa2.c,102 :: 		tempMargem = 168;// Muda pra 82°C
0x00B8	0x0EA8      	MOVLW       168
0x00BA	0x6E40      	MOVWF       _tempMargem 
0x00BC	0x0E00      	MOVLW       0
0x00BE	0x6E41      	MOVWF       _tempMargem+1 
;tentativa2.c,103 :: 		Lcd_Out(2,11,"80oC");
0x00C0	0x0E02      	MOVLW       2
0x00C2	0x6E42      	MOVWF       FARG_Lcd_Out_row 
0x00C4	0x0E0B      	MOVLW       11
0x00C6	0x6E43      	MOVWF       FARG_Lcd_Out_column 
0x00C8	0x0E19      	MOVLW       ?lstr3_tentativa2
0x00CA	0x6E44      	MOVWF       FARG_Lcd_Out_text 
0x00CC	0x0E00      	MOVLW       hi_addr(?lstr3_tentativa2)
0x00CE	0x6E45      	MOVWF       FARG_Lcd_Out_text+1 
0x00D0	0xD876      	RCALL       _Lcd_Out
;tentativa2.c,106 :: 		} else {
0x00D2	0xD011      	BRA         L_interrupt12
L_interrupt11:
;tentativa2.c,107 :: 		tempIdeal = 150; // Muda pra 80°C
0x00D4	0x0E96      	MOVLW       150
0x00D6	0x6E3E      	MOVWF       _tempIdeal 
0x00D8	0x0E00      	MOVLW       0
0x00DA	0x6E3F      	MOVWF       _tempIdeal+1 
;tentativa2.c,108 :: 		tempMargem = 152;// Muda pra 82°C
0x00DC	0x0E98      	MOVLW       152
0x00DE	0x6E40      	MOVWF       _tempMargem 
0x00E0	0x0E00      	MOVLW       0
0x00E2	0x6E41      	MOVWF       _tempMargem+1 
;tentativa2.c,109 :: 		Lcd_Out(2,11,"72oC");
0x00E4	0x0E02      	MOVLW       2
0x00E6	0x6E42      	MOVWF       FARG_Lcd_Out_row 
0x00E8	0x0E0B      	MOVLW       11
0x00EA	0x6E43      	MOVWF       FARG_Lcd_Out_column 
0x00EC	0x0E1F      	MOVLW       ?lstr4_tentativa2
0x00EE	0x6E44      	MOVWF       FARG_Lcd_Out_text 
0x00F0	0x0E00      	MOVLW       hi_addr(?lstr4_tentativa2)
0x00F2	0x6E45      	MOVWF       FARG_Lcd_Out_text+1 
0x00F4	0xD864      	RCALL       _Lcd_Out
;tentativa2.c,110 :: 		}
L_interrupt12:
;tentativa2.c,112 :: 		INT1IF_bit = 0;      // Abaixa a flag do INT1
0x00F6	0x90F0      	BCF         INT1IF_bit, BitPos(INT1IF_bit+0) 
;tentativa2.c,113 :: 		}
L_interrupt10:
L_interrupt6:
;tentativa2.c,114 :: 		}
L_end_interrupt:
L__interrupt15:
0x00F8	0xF000C018  	MOVFF       24, R0
0x00FC	0xF001C017  	MOVFF       23, R1
0x0100	0xF00CC016  	MOVFF       22, R12
0x0104	0xF00DC015  	MOVFF       21, R13
0x0108	0x0011      	RETFIE      1
; end of _interrupt
_Delay_5500us:
;__Lib_Delays.c,31 :: 		void Delay_5500us() {
;__Lib_Delays.c,32 :: 		Delay_us(5500);
0x010A	0x0E08      	MOVLW       8
0x010C	0x6E0C      	MOVWF       R12, 0
0x010E	0x0E23      	MOVLW       35
0x0110	0x6E0D      	MOVWF       R13, 0
L_Delay_5500us5:
0x0112	0x2E0D      	DECFSZ      R13, 1, 0
0x0114	0xD7FE      	BRA         L_Delay_5500us5
0x0116	0x2E0C      	DECFSZ      R12, 1, 0
0x0118	0xD7FC      	BRA         L_Delay_5500us5
;__Lib_Delays.c,33 :: 		}
L_end_Delay_5500us:
0x011A	0x0012      	RETURN      0
; end of _Delay_5500us
_Delay_1us:
;__Lib_Delays.c,7 :: 		void Delay_1us() {
;__Lib_Delays.c,8 :: 		Delay_us(1);
0x011C	0x0000      	NOP
;__Lib_Delays.c,9 :: 		}
L_end_Delay_1us:
0x011E	0x0012      	RETURN      0
; end of _Delay_1us
_Delay_50us:
;__Lib_Delays.c,19 :: 		void Delay_50us() {
;__Lib_Delays.c,20 :: 		Delay_us(50);
0x0120	0x0E10      	MOVLW       16
0x0122	0x6E0D      	MOVWF       R13, 0
L_Delay_50us2:
0x0124	0x2E0D      	DECFSZ      R13, 1, 0
0x0126	0xD7FE      	BRA         L_Delay_50us2
0x0128	0x0000      	NOP
;__Lib_Delays.c,21 :: 		}
L_end_Delay_50us:
0x012A	0x0012      	RETURN      0
; end of _Delay_50us
_Lcd_Cmd:
;__Lib_Lcd.c,18 :: 		
;__Lib_Lcd.c,20 :: 		
0x012C	0xBE48      	BTFSC       FARG_Lcd_Cmd_out_char, 7 
0x012E	0xD002      	BRA         L__Lcd_Cmd21
0x0130	0x9C82      	BCF         LCD_D7, BitPos(LCD_D7+0) 
0x0132	0xD001      	BRA         L__Lcd_Cmd22
L__Lcd_Cmd21:
0x0134	0x8C82      	BSF         LCD_D7, BitPos(LCD_D7+0) 
L__Lcd_Cmd22:
;__Lib_Lcd.c,21 :: 		
0x0136	0xBC48      	BTFSC       FARG_Lcd_Cmd_out_char, 6 
0x0138	0xD002      	BRA         L__Lcd_Cmd23
0x013A	0x9A82      	BCF         LCD_D6, BitPos(LCD_D6+0) 
0x013C	0xD001      	BRA         L__Lcd_Cmd24
L__Lcd_Cmd23:
0x013E	0x8A82      	BSF         LCD_D6, BitPos(LCD_D6+0) 
L__Lcd_Cmd24:
;__Lib_Lcd.c,22 :: 		
0x0140	0xBA48      	BTFSC       FARG_Lcd_Cmd_out_char, 5 
0x0142	0xD002      	BRA         L__Lcd_Cmd25
0x0144	0x9882      	BCF         LCD_D5, BitPos(LCD_D5+0) 
0x0146	0xD001      	BRA         L__Lcd_Cmd26
L__Lcd_Cmd25:
0x0148	0x8882      	BSF         LCD_D5, BitPos(LCD_D5+0) 
L__Lcd_Cmd26:
;__Lib_Lcd.c,23 :: 		
0x014A	0xB848      	BTFSC       FARG_Lcd_Cmd_out_char, 4 
0x014C	0xD002      	BRA         L__Lcd_Cmd27
0x014E	0x9482      	BCF         LCD_D4, BitPos(LCD_D4+0) 
0x0150	0xD001      	BRA         L__Lcd_Cmd28
L__Lcd_Cmd27:
0x0152	0x8482      	BSF         LCD_D4, BitPos(LCD_D4+0) 
L__Lcd_Cmd28:
;__Lib_Lcd.c,25 :: 		
0x0154	0xB035      	BTFSC       __Lib_Lcd_cmd_status, BitPos(__Lib_Lcd_cmd_status+0) 
0x0156	0xD002      	BRA         L__Lcd_Cmd29
0x0158	0x8082      	BSF         LCD_RS, BitPos(LCD_RS+0) 
0x015A	0xD001      	BRA         L__Lcd_Cmd30
L__Lcd_Cmd29:
0x015C	0x9082      	BCF         LCD_RS, BitPos(LCD_RS+0) 
L__Lcd_Cmd30:
;__Lib_Lcd.c,28 :: 		
0x015E	0x8282      	BSF         LCD_EN, BitPos(LCD_EN+0) 
;__Lib_Lcd.c,29 :: 		
0x0160	0xDFDD      	RCALL       _Delay_1us
;__Lib_Lcd.c,30 :: 		
0x0162	0x9282      	BCF         LCD_EN, BitPos(LCD_EN+0) 
;__Lib_Lcd.c,33 :: 		
0x0164	0xB648      	BTFSC       FARG_Lcd_Cmd_out_char, 3 
0x0166	0xD002      	BRA         L__Lcd_Cmd31
0x0168	0x9C82      	BCF         LCD_D7, BitPos(LCD_D7+0) 
0x016A	0xD001      	BRA         L__Lcd_Cmd32
L__Lcd_Cmd31:
0x016C	0x8C82      	BSF         LCD_D7, BitPos(LCD_D7+0) 
L__Lcd_Cmd32:
;__Lib_Lcd.c,34 :: 		
0x016E	0xB448      	BTFSC       FARG_Lcd_Cmd_out_char, 2 
0x0170	0xD002      	BRA         L__Lcd_Cmd33
0x0172	0x9A82      	BCF         LCD_D6, BitPos(LCD_D6+0) 
0x0174	0xD001      	BRA         L__Lcd_Cmd34
L__Lcd_Cmd33:
0x0176	0x8A82      	BSF         LCD_D6, BitPos(LCD_D6+0) 
L__Lcd_Cmd34:
;__Lib_Lcd.c,35 :: 		
0x0178	0xB248      	BTFSC       FARG_Lcd_Cmd_out_char, 1 
0x017A	0xD002      	BRA         L__Lcd_Cmd35
0x017C	0x9882      	BCF         LCD_D5, BitPos(LCD_D5+0) 
0x017E	0xD001      	BRA         L__Lcd_Cmd36
L__Lcd_Cmd35:
0x0180	0x8882      	BSF         LCD_D5, BitPos(LCD_D5+0) 
L__Lcd_Cmd36:
;__Lib_Lcd.c,36 :: 		
0x0182	0xB048      	BTFSC       FARG_Lcd_Cmd_out_char, 0 
0x0184	0xD002      	BRA         L__Lcd_Cmd37
0x0186	0x9482      	BCF         LCD_D4, BitPos(LCD_D4+0) 
0x0188	0xD001      	BRA         L__Lcd_Cmd38
L__Lcd_Cmd37:
0x018A	0x8482      	BSF         LCD_D4, BitPos(LCD_D4+0) 
L__Lcd_Cmd38:
;__Lib_Lcd.c,38 :: 		
0x018C	0xB035      	BTFSC       __Lib_Lcd_cmd_status, BitPos(__Lib_Lcd_cmd_status+0) 
0x018E	0xD002      	BRA         L__Lcd_Cmd39
0x0190	0x8082      	BSF         LCD_RS, BitPos(LCD_RS+0) 
0x0192	0xD001      	BRA         L__Lcd_Cmd40
L__Lcd_Cmd39:
0x0194	0x9082      	BCF         LCD_RS, BitPos(LCD_RS+0) 
L__Lcd_Cmd40:
;__Lib_Lcd.c,40 :: 		
0x0196	0x8282      	BSF         LCD_EN, BitPos(LCD_EN+0) 
;__Lib_Lcd.c,41 :: 		
0x0198	0xDFC1      	RCALL       _Delay_1us
;__Lib_Lcd.c,42 :: 		
0x019A	0x9282      	BCF         LCD_EN, BitPos(LCD_EN+0) 
;__Lib_Lcd.c,44 :: 		
0x019C	0xA035      	BTFSS       __Lib_Lcd_cmd_status, BitPos(__Lib_Lcd_cmd_status+0) 
0x019E	0xD002      	BRA         L_Lcd_Cmd0
;__Lib_Lcd.c,45 :: 		
0x01A0	0xDFB4      	RCALL       _Delay_5500us
0x01A2	0xD001      	BRA         L_Lcd_Cmd1
L_Lcd_Cmd0:
;__Lib_Lcd.c,47 :: 		
0x01A4	0xDFBD      	RCALL       _Delay_50us
L_Lcd_Cmd1:
;__Lib_Lcd.c,48 :: 		
L_end_Lcd_Cmd:
0x01A6	0x0012      	RETURN      0
; end of _Lcd_Cmd
_Delay_22us:
;__Lib_Delays.c,15 :: 		void Delay_22us() {
;__Lib_Delays.c,16 :: 		Delay_us(22);
0x01A8	0x0E07      	MOVLW       7
0x01AA	0x6E0D      	MOVWF       R13, 0
L_Delay_22us1:
0x01AC	0x2E0D      	DECFSZ      R13, 1, 0
0x01AE	0xD7FE      	BRA         L_Delay_22us1
;__Lib_Delays.c,17 :: 		}
L_end_Delay_22us:
0x01B0	0x0012      	RETURN      0
; end of _Delay_22us
_Lcd_Chr_CP:
;__Lib_Lcd.c,50 :: 		
;__Lib_Lcd.c,52 :: 		
0x01B2	0x9035      	BCF         __Lib_Lcd_cmd_status, BitPos(__Lib_Lcd_cmd_status+0) 
;__Lib_Lcd.c,53 :: 		
0x01B4	0xF048C047  	MOVFF       FARG_Lcd_Chr_CP_out_char, FARG_Lcd_Cmd_out_char
0x01B8	0xDFB9      	RCALL       _Lcd_Cmd
;__Lib_Lcd.c,54 :: 		
0x01BA	0x8035      	BSF         __Lib_Lcd_cmd_status, BitPos(__Lib_Lcd_cmd_status+0) 
;__Lib_Lcd.c,55 :: 		
L_end_Lcd_Chr_CP:
0x01BC	0x0012      	RETURN      0
; end of _Lcd_Chr_CP
_Lcd_Out:
;__Lib_Lcd.c,184 :: 		
;__Lib_Lcd.c,187 :: 		
0x01BE	0xD00F      	BRA         L_Lcd_Out11
;__Lib_Lcd.c,188 :: 		
L_Lcd_Out13:
0x01C0	0x0E80      	MOVLW       128
0x01C2	0x6E42      	MOVWF       FARG_Lcd_Out_row 
0x01C4	0xD019      	BRA         L_Lcd_Out12
;__Lib_Lcd.c,189 :: 		
L_Lcd_Out14:
0x01C6	0x0EC0      	MOVLW       192
0x01C8	0x6E42      	MOVWF       FARG_Lcd_Out_row 
0x01CA	0xD016      	BRA         L_Lcd_Out12
;__Lib_Lcd.c,190 :: 		
L_Lcd_Out15:
0x01CC	0x0E94      	MOVLW       148
0x01CE	0x6E42      	MOVWF       FARG_Lcd_Out_row 
0x01D0	0xD013      	BRA         L_Lcd_Out12
;__Lib_Lcd.c,191 :: 		
L_Lcd_Out16:
0x01D2	0x0ED4      	MOVLW       212
0x01D4	0x6E42      	MOVWF       FARG_Lcd_Out_row 
0x01D6	0xD010      	BRA         L_Lcd_Out12
;__Lib_Lcd.c,192 :: 		
L_Lcd_Out17:
0x01D8	0x0E80      	MOVLW       128
0x01DA	0x6E42      	MOVWF       FARG_Lcd_Out_row 
;__Lib_Lcd.c,193 :: 		
0x01DC	0xD00D      	BRA         L_Lcd_Out12
L_Lcd_Out11:
0x01DE	0x5042      	MOVF        FARG_Lcd_Out_row, 0 
0x01E0	0x0A01      	XORLW       1
0x01E2	0xE0EE      	BZ          L_Lcd_Out13
0x01E4	0x5042      	MOVF        FARG_Lcd_Out_row, 0 
0x01E6	0x0A02      	XORLW       2
0x01E8	0xE0EE      	BZ          L_Lcd_Out14
0x01EA	0x5042      	MOVF        FARG_Lcd_Out_row, 0 
0x01EC	0x0A03      	XORLW       3
0x01EE	0xE0EE      	BZ          L_Lcd_Out15
0x01F0	0x5042      	MOVF        FARG_Lcd_Out_row, 0 
0x01F2	0x0A04      	XORLW       4
0x01F4	0xE0EE      	BZ          L_Lcd_Out16
0x01F6	0xD7F0      	BRA         L_Lcd_Out17
L_Lcd_Out12:
;__Lib_Lcd.c,194 :: 		
0x01F8	0x0443      	DECF        FARG_Lcd_Out_column, 0 
0x01FA	0x6E00      	MOVWF       R0 
0x01FC	0x5042      	MOVF        FARG_Lcd_Out_row, 0 
0x01FE	0x2600      	ADDWF       R0, 1 
0x0200	0xF042C000  	MOVFF       R0, FARG_Lcd_Out_row
;__Lib_Lcd.c,196 :: 		
0x0204	0xF048C000  	MOVFF       R0, FARG_Lcd_Cmd_out_char
0x0208	0xDF91      	RCALL       _Lcd_Cmd
;__Lib_Lcd.c,197 :: 		
0x020A	0x9035      	BCF         __Lib_Lcd_cmd_status, BitPos(__Lib_Lcd_cmd_status+0) 
;__Lib_Lcd.c,198 :: 		
0x020C	0x6A46      	CLRF        Lcd_Out_i_L0 
;__Lib_Lcd.c,199 :: 		
L_Lcd_Out18:
0x020E	0x5046      	MOVF        Lcd_Out_i_L0, 0 
0x0210	0x2444      	ADDWF       FARG_Lcd_Out_text, 0 
0x0212	0x6EE9      	MOVWF       FSR0L 
0x0214	0x0E00      	MOVLW       0
0x0216	0x2045      	ADDWFC      FARG_Lcd_Out_text+1, 0 
0x0218	0x6EEA      	MOVWF       FSR0L+1 
0x021A	0x52EE      	MOVF        POSTINC0, 1 
0x021C	0xE00B      	BZ          L_Lcd_Out19
;__Lib_Lcd.c,200 :: 		
0x021E	0x5046      	MOVF        Lcd_Out_i_L0, 0 
0x0220	0x2444      	ADDWF       FARG_Lcd_Out_text, 0 
0x0222	0x6EE9      	MOVWF       FSR0L 
0x0224	0x0E00      	MOVLW       0
0x0226	0x2045      	ADDWFC      FARG_Lcd_Out_text+1, 0 
0x0228	0x6EEA      	MOVWF       FSR0L+1 
0x022A	0xF047CFEE  	MOVFF       POSTINC0, FARG_Lcd_Chr_CP_out_char
0x022E	0xDFC1      	RCALL       _Lcd_Chr_CP
0x0230	0x2A46      	INCF        Lcd_Out_i_L0, 1 
0x0232	0xD7ED      	BRA         L_Lcd_Out18
L_Lcd_Out19:
;__Lib_Lcd.c,201 :: 		
0x0234	0x8035      	BSF         __Lib_Lcd_cmd_status, BitPos(__Lib_Lcd_cmd_status+0) 
;__Lib_Lcd.c,202 :: 		
L_end_Lcd_Out:
0x0236	0x0012      	RETURN      0
; end of _Lcd_Out
_ADC_Init:
;__Lib_ADC_A_D.c,13 :: 		
;__Lib_ADC_A_D.c,14 :: 		
0x0238	0x0EF2      	MOVLW       _ADC_Get_Sample
0x023A	0x6E37      	MOVWF       _ADC_Get_Sample_Ptr 
0x023C	0x0E02      	MOVLW       hi_addr(_ADC_Get_Sample)
0x023E	0x6E38      	MOVWF       _ADC_Get_Sample_Ptr+1 
0x0240	0x0E42      	MOVLW       FARG_ADC_Get_Sample_channel
0x0242	0x6E39      	MOVWF       _ADC_Get_Sample_Ptr+2 
0x0244	0x0E00      	MOVLW       hi_addr(FARG_ADC_Get_Sample_channel)
0x0246	0x6E3A      	MOVWF       _ADC_Get_Sample_Ptr+3 
;__Lib_ADC_A_D.c,16 :: 		
0x0248	0x6AC2      	CLRF        ADCON0 
;__Lib_ADC_A_D.c,17 :: 		
0x024A	0x1C1E      	COMF        _vref_mask, 0 
0x024C	0x6E00      	MOVWF       R0 
0x024E	0x5000      	MOVF        R0, 0 
0x0250	0x16C1      	ANDWF       ADCON1, 1 
;__Lib_ADC_A_D.c,18 :: 		
0x0252	0x0E07      	MOVLW       7
0x0254	0x12C0      	IORWF       ADCON2, 1 
;__Lib_ADC_A_D.c,19 :: 		
0x0256	0x8EC0      	BSF         ADCON2, 7 
;__Lib_ADC_A_D.c,20 :: 		
0x0258	0x80C2      	BSF         ADCON0, 0 
;__Lib_ADC_A_D.c,21 :: 		
L_end_ADC_Init:
0x025A	0x0012      	RETURN      0
; end of _ADC_Init
_Lcd_Init:
;__Lib_Lcd.c,84 :: 		
;__Lib_Lcd.c,86 :: 		
0x025C	0x9294      	BCF         LCD_EN_Direction, BitPos(LCD_EN_Direction+0) 
;__Lib_Lcd.c,87 :: 		
0x025E	0x9094      	BCF         LCD_RS_Direction, BitPos(LCD_RS_Direction+0) 
;__Lib_Lcd.c,88 :: 		
0x0260	0x9494      	BCF         LCD_D4_Direction, BitPos(LCD_D4_Direction+0) 
;__Lib_Lcd.c,89 :: 		
0x0262	0x9894      	BCF         LCD_D5_Direction, BitPos(LCD_D5_Direction+0) 
;__Lib_Lcd.c,90 :: 		
0x0264	0x9A94      	BCF         LCD_D6_Direction, BitPos(LCD_D6_Direction+0) 
;__Lib_Lcd.c,91 :: 		
0x0266	0x9C94      	BCF         LCD_D7_Direction, BitPos(LCD_D7_Direction+0) 
;__Lib_Lcd.c,93 :: 		
0x0268	0x9282      	BCF         LCD_EN, BitPos(LCD_EN+0) 
;__Lib_Lcd.c,94 :: 		
0x026A	0x9082      	BCF         LCD_RS, BitPos(LCD_RS+0) 
;__Lib_Lcd.c,95 :: 		
0x026C	0x9C82      	BCF         LCD_D7, BitPos(LCD_D7+0) 
;__Lib_Lcd.c,96 :: 		
0x026E	0x9A82      	BCF         LCD_D6, BitPos(LCD_D6+0) 
;__Lib_Lcd.c,97 :: 		
0x0270	0x9882      	BCF         LCD_D5, BitPos(LCD_D5+0) 
;__Lib_Lcd.c,98 :: 		
0x0272	0x9482      	BCF         LCD_D4, BitPos(LCD_D4+0) 
;__Lib_Lcd.c,100 :: 		
0x0274	0xDF4A      	RCALL       _Delay_5500us
;__Lib_Lcd.c,101 :: 		
0x0276	0xDF49      	RCALL       _Delay_5500us
;__Lib_Lcd.c,102 :: 		
0x0278	0xDF48      	RCALL       _Delay_5500us
;__Lib_Lcd.c,105 :: 		
0x027A	0x8882      	BSF         LCD_D5, BitPos(LCD_D5+0) 
;__Lib_Lcd.c,106 :: 		
0x027C	0x8482      	BSF         LCD_D4, BitPos(LCD_D4+0) 
;__Lib_Lcd.c,107 :: 		
0x027E	0x8282      	BSF         LCD_EN, BitPos(LCD_EN+0) 
;__Lib_Lcd.c,108 :: 		
0x0280	0xDF4D      	RCALL       _Delay_1us
;__Lib_Lcd.c,109 :: 		
0x0282	0x9282      	BCF         LCD_EN, BitPos(LCD_EN+0) 
;__Lib_Lcd.c,110 :: 		
0x0284	0xDF42      	RCALL       _Delay_5500us
;__Lib_Lcd.c,112 :: 		
0x0286	0x8282      	BSF         LCD_EN, BitPos(LCD_EN+0) 
;__Lib_Lcd.c,113 :: 		
0x0288	0xDF49      	RCALL       _Delay_1us
;__Lib_Lcd.c,114 :: 		
0x028A	0x9282      	BCF         LCD_EN, BitPos(LCD_EN+0) 
;__Lib_Lcd.c,115 :: 		
0x028C	0xDF3E      	RCALL       _Delay_5500us
;__Lib_Lcd.c,117 :: 		
0x028E	0x8282      	BSF         LCD_EN, BitPos(LCD_EN+0) 
;__Lib_Lcd.c,118 :: 		
0x0290	0xDF45      	RCALL       _Delay_1us
;__Lib_Lcd.c,119 :: 		
0x0292	0x9282      	BCF         LCD_EN, BitPos(LCD_EN+0) 
;__Lib_Lcd.c,120 :: 		
0x0294	0xDF3A      	RCALL       _Delay_5500us
;__Lib_Lcd.c,123 :: 		
0x0296	0x9482      	BCF         LCD_D4, BitPos(LCD_D4+0) 
;__Lib_Lcd.c,124 :: 		
0x0298	0x8282      	BSF         LCD_EN, BitPos(LCD_EN+0) 
;__Lib_Lcd.c,125 :: 		
0x029A	0xDF40      	RCALL       _Delay_1us
;__Lib_Lcd.c,126 :: 		
0x029C	0x9282      	BCF         LCD_EN, BitPos(LCD_EN+0) 
;__Lib_Lcd.c,127 :: 		
0x029E	0xDF35      	RCALL       _Delay_5500us
;__Lib_Lcd.c,130 :: 		
0x02A0	0x8282      	BSF         LCD_EN, BitPos(LCD_EN+0) 
;__Lib_Lcd.c,131 :: 		
0x02A2	0xDF3C      	RCALL       _Delay_1us
;__Lib_Lcd.c,132 :: 		
0x02A4	0x9282      	BCF         LCD_EN, BitPos(LCD_EN+0) 
;__Lib_Lcd.c,134 :: 		
0x02A6	0x9882      	BCF         LCD_D5, BitPos(LCD_D5+0) 
;__Lib_Lcd.c,135 :: 		
0x02A8	0x8C82      	BSF         LCD_D7, BitPos(LCD_D7+0) 
;__Lib_Lcd.c,136 :: 		
0x02AA	0x8282      	BSF         LCD_EN, BitPos(LCD_EN+0) 
;__Lib_Lcd.c,137 :: 		
0x02AC	0xDF37      	RCALL       _Delay_1us
;__Lib_Lcd.c,138 :: 		
0x02AE	0x9282      	BCF         LCD_EN, BitPos(LCD_EN+0) 
;__Lib_Lcd.c,139 :: 		
0x02B0	0xDF2C      	RCALL       _Delay_5500us
;__Lib_Lcd.c,142 :: 		
0x02B2	0x9C82      	BCF         LCD_D7, BitPos(LCD_D7+0) 
;__Lib_Lcd.c,143 :: 		
0x02B4	0x8482      	BSF         LCD_D4, BitPos(LCD_D4+0) 
;__Lib_Lcd.c,144 :: 		
0x02B6	0x8282      	BSF         LCD_EN, BitPos(LCD_EN+0) 
;__Lib_Lcd.c,145 :: 		
0x02B8	0xDF31      	RCALL       _Delay_1us
;__Lib_Lcd.c,146 :: 		
0x02BA	0x9282      	BCF         LCD_EN, BitPos(LCD_EN+0) 
;__Lib_Lcd.c,148 :: 		
0x02BC	0x9482      	BCF         LCD_D4, BitPos(LCD_D4+0) 
;__Lib_Lcd.c,149 :: 		
0x02BE	0x8282      	BSF         LCD_EN, BitPos(LCD_EN+0) 
;__Lib_Lcd.c,150 :: 		
0x02C0	0xDF2D      	RCALL       _Delay_1us
;__Lib_Lcd.c,151 :: 		
0x02C2	0x9282      	BCF         LCD_EN, BitPos(LCD_EN+0) 
;__Lib_Lcd.c,152 :: 		
0x02C4	0xDF22      	RCALL       _Delay_5500us
;__Lib_Lcd.c,155 :: 		
0x02C6	0x8282      	BSF         LCD_EN, BitPos(LCD_EN+0) 
;__Lib_Lcd.c,156 :: 		
0x02C8	0xDF29      	RCALL       _Delay_1us
;__Lib_Lcd.c,157 :: 		
0x02CA	0x9282      	BCF         LCD_EN, BitPos(LCD_EN+0) 
;__Lib_Lcd.c,159 :: 		
0x02CC	0x8482      	BSF         LCD_D4, BitPos(LCD_D4+0) 
;__Lib_Lcd.c,160 :: 		
0x02CE	0x8282      	BSF         LCD_EN, BitPos(LCD_EN+0) 
;__Lib_Lcd.c,161 :: 		
0x02D0	0xDF25      	RCALL       _Delay_1us
;__Lib_Lcd.c,162 :: 		
0x02D2	0x9282      	BCF         LCD_EN, BitPos(LCD_EN+0) 
;__Lib_Lcd.c,163 :: 		
0x02D4	0xDF1A      	RCALL       _Delay_5500us
;__Lib_Lcd.c,166 :: 		
0x02D6	0x9482      	BCF         LCD_D4, BitPos(LCD_D4+0) 
;__Lib_Lcd.c,167 :: 		
0x02D8	0x8282      	BSF         LCD_EN, BitPos(LCD_EN+0) 
;__Lib_Lcd.c,168 :: 		
0x02DA	0xDF20      	RCALL       _Delay_1us
;__Lib_Lcd.c,169 :: 		
0x02DC	0x9282      	BCF         LCD_EN, BitPos(LCD_EN+0) 
;__Lib_Lcd.c,171 :: 		
0x02DE	0x8C82      	BSF         LCD_D7, BitPos(LCD_D7+0) 
;__Lib_Lcd.c,172 :: 		
0x02E0	0x8A82      	BSF         LCD_D6, BitPos(LCD_D6+0) 
;__Lib_Lcd.c,173 :: 		
0x02E2	0x8882      	BSF         LCD_D5, BitPos(LCD_D5+0) 
;__Lib_Lcd.c,174 :: 		
0x02E4	0x8482      	BSF         LCD_D4, BitPos(LCD_D4+0) 
;__Lib_Lcd.c,175 :: 		
0x02E6	0x8282      	BSF         LCD_EN, BitPos(LCD_EN+0) 
;__Lib_Lcd.c,176 :: 		
0x02E8	0xDF19      	RCALL       _Delay_1us
;__Lib_Lcd.c,177 :: 		
0x02EA	0x9282      	BCF         LCD_EN, BitPos(LCD_EN+0) 
;__Lib_Lcd.c,179 :: 		
0x02EC	0xDF0E      	RCALL       _Delay_5500us
;__Lib_Lcd.c,181 :: 		
0x02EE	0x8035      	BSF         __Lib_Lcd_cmd_status, BitPos(__Lib_Lcd_cmd_status+0) 
;__Lib_Lcd.c,182 :: 		
L_end_Lcd_Init:
0x02F0	0x0012      	RETURN      0
; end of _Lcd_Init
_ADC_Get_Sample:
;__Lib_ADC_A_D.c,34 :: 		
;__Lib_ADC_A_D.c,37 :: 		
0x02F2	0x0E83      	MOVLW       131
0x02F4	0x16C2      	ANDWF       ADCON0, 1 
;__Lib_ADC_A_D.c,39 :: 		
0x02F6	0xF000C042  	MOVFF       FARG_ADC_Get_Sample_channel, R0
0x02FA	0x3600      	RLCF        R0, 1 
0x02FC	0x9000      	BCF         R0, 0 
0x02FE	0x3600      	RLCF        R0, 1 
0x0300	0x9000      	BCF         R0, 0 
0x0302	0x5000      	MOVF        R0, 0 
0x0304	0x12C2      	IORWF       ADCON0, 1 
;__Lib_ADC_A_D.c,41 :: 		
0x0306	0xDF50      	RCALL       _Delay_22us
;__Lib_ADC_A_D.c,42 :: 		
0x0308	0x82C2      	BSF         ADCON0, 1 
;__Lib_ADC_A_D.c,43 :: 		
L_ADC_Get_Sample0:
0x030A	0xA2C2      	BTFSS       ADCON0, 1 
0x030C	0xD001      	BRA         L_ADC_Get_Sample1
;__Lib_ADC_A_D.c,44 :: 		
0x030E	0xD7FD      	BRA         L_ADC_Get_Sample0
L_ADC_Get_Sample1:
;__Lib_ADC_A_D.c,45 :: 		
0x0310	0xF001CFC4  	MOVFF       ADRESH, R1
0x0314	0x6A00      	CLRF        R0 
;__Lib_ADC_A_D.c,46 :: 		
0x0316	0x50C3      	MOVF        ADRESL, 0 
0x0318	0x1200      	IORWF       R0, 1 
0x031A	0x0E00      	MOVLW       0
0x031C	0x1201      	IORWF       R1, 1 
;__Lib_ADC_A_D.c,48 :: 		
;__Lib_ADC_A_D.c,49 :: 		
L_end_ADC_Get_Sample:
0x031E	0x0012      	RETURN      0
; end of _ADC_Get_Sample
___CC2DW:
;__Lib_System.c,21 :: 		
;__Lib_System.c,23 :: 		
_CC2DL_Loop1:
;__Lib_System.c,24 :: 		
0x0320	0x0009      	TBLRD*+
;__Lib_System.c,25 :: 		
0x0322	0xFFE6CFF5  	MOVFF       TABLAT, POSTINC1
;__Lib_System.c,26 :: 		
0x0326	0x0600      	DECF        R0, 1, 0
;__Lib_System.c,27 :: 		
0x0328	0xE1FB      	BNZ         _CC2DL_Loop1
;__Lib_System.c,28 :: 		
0x032A	0x0601      	DECF        R1, 1, 0
;__Lib_System.c,29 :: 		
0x032C	0xE1F9      	BNZ         _CC2DL_Loop1
;__Lib_System.c,31 :: 		
L_end___CC2DW:
0x032E	0x0012      	RETURN      0
; end of ___CC2DW
_main:
0x0330	0xF001ECC4  	CALL        904, 0
;tentativa2.c,34 :: 		void main() {
;tentativa2.c,36 :: 		estado = 1;
0x0334	0x0E01      	MOVLW       1
0x0336	0x6E3D      	MOVWF       _estado 
;tentativa2.c,39 :: 		tempIdeal = 150;
0x0338	0x0E96      	MOVLW       150
0x033A	0x6E3E      	MOVWF       _tempIdeal 
0x033C	0x0E00      	MOVLW       0
0x033E	0x6E3F      	MOVWF       _tempIdeal+1 
;tentativa2.c,40 :: 		tempMargem = 152;
0x0340	0x0E98      	MOVLW       152
0x0342	0x6E40      	MOVWF       _tempMargem 
0x0344	0x0E00      	MOVLW       0
0x0346	0x6E41      	MOVWF       _tempMargem+1 
;tentativa2.c,43 :: 		TRISA = 0x01;
0x0348	0x0E01      	MOVLW       1
0x034A	0x6E92      	MOVWF       TRISA 
;tentativa2.c,44 :: 		TRISB = 0x03;
0x034C	0x0E03      	MOVLW       3
0x034E	0x6E93      	MOVWF       TRISB 
;tentativa2.c,45 :: 		TRISD = 0x00;
0x0350	0x6A95      	CLRF        TRISD 
;tentativa2.c,48 :: 		ADC_Init();
0x0352	0xDF72      	RCALL       _ADC_Init
;tentativa2.c,49 :: 		Lcd_Init();
0x0354	0xDF83      	RCALL       _Lcd_Init
;tentativa2.c,52 :: 		IPEN_bit = 0;  // Sem prioridades
0x0356	0x9ED0      	BCF         IPEN_bit, BitPos(IPEN_bit+0) 
;tentativa2.c,53 :: 		RBPU_bit = 0;  // Pull-ups de RB ligados
0x0358	0x9EF1      	BCF         RBPU_bit, BitPos(RBPU_bit+0) 
;tentativa2.c,54 :: 		GIE_bit = 1;   // Chave geral das interrupções ligada
0x035A	0x8EF2      	BSF         GIE_bit, BitPos(GIE_bit+0) 
;tentativa2.c,55 :: 		PEIE_bit = 1;  // Chave das interrupções de periféricos ligada
0x035C	0x8CF2      	BSF         PEIE_bit, BitPos(PEIE_bit+0) 
;tentativa2.c,56 :: 		TMR1IE_bit = 1;// Interrupção de Timer1 ligada
0x035E	0x809D      	BSF         TMR1IE_bit, BitPos(TMR1IE_bit+0) 
;tentativa2.c,57 :: 		INT0IE_bit = 1;// Interrupção de INT0 ligada
0x0360	0x88F2      	BSF         INT0IE_bit, BitPos(INT0IE_bit+0) 
;tentativa2.c,58 :: 		INT1IE_bit = 1;// Interrupção de INT1 ligada
0x0362	0x86F0      	BSF         INT1IE_bit, BitPos(INT1IE_bit+0) 
;tentativa2.c,63 :: 		TMR1IF_bit = 1;
0x0364	0x809E      	BSF         TMR1IF_bit, BitPos(TMR1IF_bit+0) 
;tentativa2.c,64 :: 		INT0IF_bit = 1;
0x0366	0x82F2      	BSF         INT0IF_bit, BitPos(INT0IF_bit+0) 
;tentativa2.c,65 :: 		INT1IF_bit = 1;
0x0368	0x80F0      	BSF         INT1IF_bit, BitPos(INT1IF_bit+0) 
;tentativa2.c,66 :: 		}
L_end_main:
0x036A	0xD7FF      	BRA         $+0
; end of _main
0x0388	0xF019EE10  	LFSR        1, 25
0x038C	0x0E1C      	MOVLW       28
0x038E	0x6E00      	MOVWF       R0 
0x0390	0x0E01      	MOVLW       1
0x0392	0x6E01      	MOVWF       R1 
0x0394	0x0E6C      	MOVLW       108
0x0396	0x6EF6      	MOVWF       4086 
0x0398	0x0E03      	MOVLW       3
0x039A	0x6EF7      	MOVWF       TBLPTRH 
0x039C	0x0E00      	MOVLW       0
0x039E	0x6EF8      	MOVWF       TBLPTRU 
0x03A0	0xF001EC90  	CALL        800, 0
0x03A4	0x0012      	RETURN      0
;tentativa2.c,0 :: ?ICS?lstr3_tentativa2
0x036C	0x3038 ;?ICS?lstr3_tentativa2+0
0x036E	0x436F ;?ICS?lstr3_tentativa2+2
0x0370	0x00 ;?ICS?lstr3_tentativa2+4
; end of ?ICS?lstr3_tentativa2
;__Lib_ADC_A_D.c,0 :: ?ICS_vref_mask
0x0371	0x30 ;?ICS_vref_mask+0
; end of ?ICS_vref_mask
;tentativa2.c,0 :: ?ICS?lstr4_tentativa2
0x0372	0x3237 ;?ICS?lstr4_tentativa2+0
0x0374	0x436F ;?ICS?lstr4_tentativa2+2
0x0376	0x00 ;?ICS?lstr4_tentativa2+4
; end of ?ICS?lstr4_tentativa2
;tentativa2.c,0 :: ?ICS?lstr2_tentativa2
0x0377	0x6544 ;?ICS?lstr2_tentativa2+0
0x0379	0x6C73 ;?ICS?lstr2_tentativa2+2
0x037B	0x6769 ;?ICS?lstr2_tentativa2+4
0x037D	0x6461 ;?ICS?lstr2_tentativa2+6
0x037F	0x006F ;?ICS?lstr2_tentativa2+8
; end of ?ICS?lstr2_tentativa2
;tentativa2.c,0 :: ?ICS?lstr1_tentativa2
0x0381	0x694C ;?ICS?lstr1_tentativa2+0
0x0383	0x6167 ;?ICS?lstr1_tentativa2+2
0x0385	0x6F64 ;?ICS?lstr1_tentativa2+4
0x0387	0x00 ;?ICS?lstr1_tentativa2+6
; end of ?ICS?lstr1_tentativa2
Symbol List:
//** Routines locations **
//ADDRESS    SIZE    PROCEDURE
//----------------------------------------------
0x0008     [258]    _interrupt
0x010A      [18]    _Delay_5500us
0x011C       [4]    _Delay_1us
0x0120      [12]    _Delay_50us
0x012C     [124]    _Lcd_Cmd
0x01A8      [10]    _Delay_22us
0x01B2      [12]    _Lcd_Chr_CP
0x01BE     [122]    _Lcd_Out
0x0238      [36]    _ADC_Init
0x025C     [150]    _Lcd_Init
0x02F2      [46]    _ADC_Get_Sample
0x0320      [16]    ___CC2DW
0x0330      [60]    _main
//** Variables locations ** 
//ADDRESS    SIZE    VARIABLE
//----------------------------------------------
0x0000       [1]    R0
0x0001       [1]    __Lib_Conversions_Adjust_Hex_tmp_L0
0x0001       [1]    R1
0x0002       [2]    memset_pp_L0
0x0002       [1]    R2
0x0002       [2]    strlen_cp_L0
0x0002       [2]    memchr_s_L0
0x0002       [2]    memcpy_dd_L0
0x0003       [2]    Ltrim_original_L0
0x0003       [1]    R3
0x0003       [2]    memmove_tt_L0
0x0004       [2]    strncpy_cp_L0
0x0004       [2]    strncat_cp_L0
0x0004       [1]    R4
0x0004       [2]    strcpy_cp_L0
0x0004       [2]    memcpy_ss_L0
0x0004       [2]    strcat_cp_L0
0x0005       [2]    Ltrim_p_L0
0x0005       [2]    LongWordToHex_input_half_L0
0x0005       [2]    LongIntToHex_input_half_L0
0x0005       [2]    memmove_ff_L0
0x0005       [1]    R5
0x0006       [1]    R6
0x0007       [1]    R7
0x0008       [1]    R8
0x0009       [1]    R9
0x000A       [1]    R10
0x000B       [1]    R11
0x000C       [1]    R12
0x000D       [1]    R13
0x000E       [1]    R14
0x000F       [1]    R15
0x0010       [1]    R16
0x0011       [1]    R17
0x0012       [1]    R18
0x0013       [1]    R19
0x0014       [1]    R20
0x0019       [5]    ?lstr3_tentativa2
0x001E       [1]    _vref_mask
0x001F       [5]    ?lstr4_tentativa2
0x0024      [10]    ?lstr2_tentativa2
0x002E       [7]    ?lstr1_tentativa2
0x0035       [0]    __Lib_Lcd_cmd_status
0x0036       [1]    _contagem
0x0037       [4]    _ADC_Get_Sample_Ptr
0x003B       [2]    _tempAtual
0x003D       [1]    _estado
0x003E       [2]    _tempIdeal
0x0040       [2]    _tempMargem
0x0042       [1]    FARG_Lcd_Out_row
0x0042       [1]    FARG_ADC_Get_Sample_channel
0x0043       [1]    FARG_Lcd_Out_column
0x0044       [2]    FARG_Lcd_Out_text
0x0046       [1]    Lcd_Out_i_L0
0x0047       [1]    FARG_Lcd_Chr_CP_out_char
0x0048       [1]    FARG_Lcd_Cmd_out_char
0x0F82       [0]    RC6_bit
0x0F82       [0]    LCD_EN
0x0F82       [0]    LCD_RS
0x0F82       [0]    RC1_bit
0x0F82       [0]    RC0_bit
0x0F82       [0]    RC2_bit
0x0F82       [0]    RC5_bit
0x0F82       [0]    RC4_bit
0x0F82       [0]    LCD_D4
0x0F82       [0]    LCD_D5
0x0F82       [0]    LCD_D7
0x0F82       [0]    LCD_D6
0x0F83       [0]    RD2_bit
0x0F83       [0]    LED
0x0F92       [1]    TRISA
0x0F93       [1]    TRISB
0x0F94       [0]    LCD_D4_Direction
0x0F94       [0]    LCD_D5_Direction
0x0F94       [0]    LCD_EN_Direction
0x0F94       [0]    LCD_D7_Direction
0x0F94       [0]    LCD_D6_Direction
0x0F94       [0]    LCD_RS_Direction
0x0F94       [1]    TRISC
0x0F95       [1]    TRISD
0x0F9D       [0]    TMR1IE_bit
0x0F9E       [0]    TMR1IF_bit
0x0FC0       [1]    ADCON2
0x0FC1       [1]    ADCON1
0x0FC2       [1]    ADCON0
0x0FC3       [1]    ADRESL
0x0FC4       [1]    ADRESH
0x0FCD       [0]    TMR1ON_bit
0x0FCE       [1]    TMR1L
0x0FCF       [1]    TMR1H
0x0FD0       [0]    IPEN_bit
0x0FD8       [1]    STATUS
0x0FD9       [1]    FSR2L
0x0FDA       [1]    FSR2H
0x0FDE       [1]    POSTINC2
0x0FE0       [1]    BSR
0x0FE1       [1]    FSR1L
0x0FE2       [1]    FSR1H
0x0FE4       [1]    PREINC1
0x0FE6       [1]    POSTINC1
0x0FE7       [1]    INDF1
0x0FE8       [1]    WREG
0x0FE9       [1]    FSR0L
0x0FEA       [1]    FSR0H
0x0FEE       [1]    POSTINC0
0x0FF0       [0]    INT1IF_bit
0x0FF0       [0]    INT1IE_bit
0x0FF1       [0]    RBPU_bit
0x0FF2       [0]    INT0IF_bit
0x0FF2       [0]    GIE_bit
0x0FF2       [0]    INT0IE_bit
0x0FF2       [0]    PEIE_bit
0x0FF3       [1]    PRODL
0x0FF4       [1]    PRODH
0x0FF5       [1]    TABLAT
0x0FF6       [1]    TBLPTRL
0x0FF7       [1]    TBLPTRH
0x0FF8       [1]    TBLPTRU
//** Constants locations ** 
//ADDRESS    SIZE    CONSTANT
//----------------------------------------------
0x036C       [5]    ?ICS?lstr3_tentativa2
0x0371       [1]    ?ICS_vref_mask
0x0372       [5]    ?ICS?lstr4_tentativa2
0x0377      [10]    ?ICS?lstr2_tentativa2
0x0381       [7]    ?ICS?lstr1_tentativa2
